#
# There is insufficient memory for the Java Runtime Environment to continue.
# Native memory allocation (mmap) failed to map 780140544 bytes for G1 virtual space
# Possible reasons:
#   The system is out of physical RAM or swap space
#   The process is running with CompressedOops enabled, and the Java Heap may be blocking the growth of the native heap
# Possible solutions:
#   Reduce memory load on the system
#   Increase physical memory or swap space
#   Check if swap backing store is full
#   Decrease Java heap size (-Xmx/-Xms)
#   Decrease number of Java threads
#   Decrease Java thread stack sizes (-Xss)
#   Set larger code cache with -XX:ReservedCodeCacheSize=
#   JVM is running with Zero Based Compressed Oops mode in which the Java heap is
#     placed in the first 32GB address space. The Java Heap base address is the
#     maximum limit for the native heap growth. Please use -XX:HeapBaseMinAddress
#     to set the Java Heap base and to place the Java Heap above 32GB virtual address.
# This output file may be truncated or incomplete.
#
#  Out of Memory Error (os_windows.cpp:3530), pid=16404, tid=8012
#
# JRE version: Java(TM) SE Runtime Environment (18.0.1.1+2) (build 18.0.1.1+2-6)
# Java VM: Java HotSpot(TM) 64-Bit Server VM (18.0.1.1+2-6, mixed mode, sharing, tiered, compressed oops, compressed class ptrs, g1 gc, windows-amd64)
# No core dump will be written. Minidumps are not enabled by default on client versions of Windows
#

---------------  S U M M A R Y ------------

Command Line: --module-path=C:\Users\Naruto'Store B28\.m2\repository\org\openjfx\javafx-base\21.0.2\javafx-base-21.0.2-win.jar;C:\Users\Naruto'Store B28\.m2\repository\org\openjfx\javafx-base\21.0.2\javafx-base-21.0.2.jar;C:\Users\Naruto'Store B28\.m2\repository\org\openjfx\javafx-controls\21.0.2\javafx-controls-21.0.2-win.jar;C:\Users\Naruto'Store B28\.m2\repository\org\openjfx\javafx-controls\21.0.2\javafx-controls-21.0.2.jar;C:\Users\Naruto'Store B28\.m2\repository\org\openjfx\javafx-fxml\21.0.2\javafx-fxml-21.0.2-win.jar;C:\Users\Naruto'Store B28\.m2\repository\org\openjfx\javafx-fxml\21.0.2\javafx-fxml-21.0.2.jar;C:\Users\Naruto'Store B28\.m2\repository\org\openjfx\javafx-graphics\21.0.2\javafx-graphics-21.0.2-win.jar;C:\Users\Naruto'Store B28\.m2\repository\org\openjfx\javafx-graphics\21.0.2\javafx-graphics-21.0.2.jar --add-modules=javafx.base,javafx.controls,javafx.fxml,javafx.graphics tests.com.esprit.MainProgGUI

Host: AMD Ryzen 7 5800H with Radeon Graphics         , 16 cores, 15G,  Windows 11 , 64 bit Build 22621 (10.0.22621.3085)
Time: Mon Feb 26 15:02:36 2024 Paris, Madrid elapsed time: 1.374471 seconds (0d 0h 0m 1s)

---------------  T H R E A D  ---------------

Current thread (0x000001f63b52f490):  VMThread "VM Thread" [stack: 0x000000933ea00000,0x000000933eb00000] [id=8012]

Stack: [0x000000933ea00000,0x000000933eb00000]
Native frames: (J=compiled Java code, j=interpreted, Vv=VM code, C=native code)
V  [jvm.dll+0x69887a]
V  [jvm.dll+0x7f38bd]
V  [jvm.dll+0x7f51ce]
V  [jvm.dll+0x7f5883]
V  [jvm.dll+0x25ca3f]
V  [jvm.dll+0x6957c9]
V  [jvm.dll+0x68a2fa]
V  [jvm.dll+0x321efb]
V  [jvm.dll+0x3298d6]
V  [jvm.dll+0x37e47e]
V  [jvm.dll+0x37e6af]
V  [jvm.dll+0x2f9c7a]
V  [jvm.dll+0x2f9d27]
V  [jvm.dll+0x33e262]
V  [jvm.dll+0x33c804]
V  [jvm.dll+0x2f9450]
V  [jvm.dll+0x33c0fd]
V  [jvm.dll+0x7fa66b]
V  [jvm.dll+0x7fb404]
V  [jvm.dll+0x7fb93c]
V  [jvm.dll+0x7fbd94]
V  [jvm.dll+0x7fbe57]
V  [jvm.dll+0x7a03ea]
V  [jvm.dll+0x697725]
C  [ucrtbase.dll+0x29363]
C  [KERNEL32.DLL+0x1257d]
C  [ntdll.dll+0x5aa58]

VM_Operation (0x000000933fffc4e0): G1TryInitiateConcMark, mode: safepoint, requested by thread 0x000001f640a75390


---------------  P R O C E S S  ---------------

Threads class SMR info:
_java_thread_list=0x000001f63ff0daf0, length=20, elements={
0x000001f615cedfd0, 0x000001f63b532750, 0x000001f63b5332c0, 0x000001f63b54dd20,
0x000001f63b54e5d0, 0x000001f63b54f290, 0x000001f63b54fb40, 0x000001f63b550720,
0x000001f63b554510, 0x000001f63b560640, 0x000001f63f842aa0, 0x000001f63b5ad010,
0x000001f63f8b1770, 0x000001f63f938bf0, 0x000001f64007cba0, 0x000001f63fdff860,
0x000001f640a447a0, 0x000001f640a75390, 0x000001f640eb7790, 0x000001f640ea3c70
}

Java Threads: ( => current thread )
  0x000001f615cedfd0 JavaThread "main" [_thread_blocked, id=364, stack(0x000000933e400000,0x000000933e500000)]
  0x000001f63b532750 JavaThread "Reference Handler" daemon [_thread_blocked, id=16840, stack(0x000000933eb00000,0x000000933ec00000)]
  0x000001f63b5332c0 JavaThread "Finalizer" daemon [_thread_blocked, id=23760, stack(0x000000933ec00000,0x000000933ed00000)]
  0x000001f63b54dd20 JavaThread "Signal Dispatcher" daemon [_thread_blocked, id=11416, stack(0x000000933ed00000,0x000000933ee00000)]
  0x000001f63b54e5d0 JavaThread "Attach Listener" daemon [_thread_blocked, id=804, stack(0x000000933ee00000,0x000000933ef00000)]
  0x000001f63b54f290 JavaThread "Service Thread" daemon [_thread_blocked, id=19216, stack(0x000000933ef00000,0x000000933f000000)]
  0x000001f63b54fb40 JavaThread "Monitor Deflation Thread" daemon [_thread_blocked, id=4704, stack(0x000000933f000000,0x000000933f100000)]
  0x000001f63b550720 JavaThread "C2 CompilerThread0" daemon [_thread_blocked, id=12380, stack(0x000000933f100000,0x000000933f200000)]
  0x000001f63b554510 JavaThread "C1 CompilerThread0" daemon [_thread_blocked, id=8648, stack(0x000000933f200000,0x000000933f300000)]
  0x000001f63b560640 JavaThread "Sweeper thread" daemon [_thread_blocked, id=23184, stack(0x000000933f300000,0x000000933f400000)]
  0x000001f63f842aa0 JavaThread "C1 CompilerThread1" daemon [_thread_blocked, id=17796, stack(0x000000933f400000,0x000000933f500000)]
  0x000001f63b5ad010 JavaThread "C1 CompilerThread2" daemon [_thread_blocked, id=320, stack(0x000000933f500000,0x000000933f600000)]
  0x000001f63f8b1770 JavaThread "Common-Cleaner" daemon [_thread_blocked, id=18568, stack(0x000000933f600000,0x000000933f700000)]
  0x000001f63f938bf0 JavaThread "C1 CompilerThread3" daemon [_thread_blocked, id=8740, stack(0x000000933f700000,0x000000933f800000)]
  0x000001f64007cba0 JavaThread "Notification Thread" daemon [_thread_blocked, id=19468, stack(0x000000933fc00000,0x000000933fd00000)]
  0x000001f63fdff860 JavaThread "QuantumRenderer-0" daemon [_thread_blocked, id=25516, stack(0x000000933fa00000,0x000000933fb00000)]
  0x000001f640a447a0 JavaThread "InvokeLaterDispatcher" daemon [_thread_blocked, id=13904, stack(0x000000933fe00000,0x000000933ff00000)]
  0x000001f640a75390 JavaThread "JavaFX Application Thread" [_thread_blocked, id=23776, stack(0x000000933ff00000,0x0000009340000000)]
  0x000001f640eb7790 JavaThread "JavaFX-Launcher" [_thread_blocked, id=26464, stack(0x000000933f900000,0x000000933fa00000)]
  0x000001f640ea3c70 JavaThread "Thread-2" daemon [_thread_blocked, id=11820, stack(0x000000933f800000,0x000000933f900000)]

Other Threads:
=>0x000001f63b52f490 VMThread "VM Thread" [stack: 0x000000933ea00000,0x000000933eb00000] [id=8012]
  0x000001f63fd74060 WatcherThread "VM Periodic Task Thread" [stack: 0x000000933fd00000,0x000000933fe00000] [id=4844]
  0x000001f617e39800 WorkerThread "GC Thread#0" [stack: 0x000000933e500000,0x000000933e600000] [id=5872]
  0x000001f640eb7c50 WorkerThread "GC Thread#1" [stack: 0x0000009340210000,0x0000009340310000] [id=12312]
  0x000001f640ea0110 WorkerThread "GC Thread#2" [stack: 0x0000009340310000,0x0000009340410000] [id=1460]
  0x000001f640f6cd10 WorkerThread "GC Thread#3" [stack: 0x0000009340410000,0x0000009340510000] [id=11860]
  0x000001f640f710c0 WorkerThread "GC Thread#4" [stack: 0x0000009340510000,0x0000009340610000] [id=2908]
  0x000001f640f71b70 WorkerThread "GC Thread#5" [stack: 0x0000009340610000,0x0000009340710000] [id=3108]
  0x000001f641048d90 WorkerThread "GC Thread#6" [stack: 0x0000009340a10000,0x0000009340b10000] [id=13656]
  0x000001f640fe6430 WorkerThread "GC Thread#7" [stack: 0x0000009340b10000,0x0000009340c10000] [id=19536]
  0x000001f64147b820 WorkerThread "GC Thread#8" [stack: 0x0000009340c10000,0x0000009340d10000] [id=10100]
  0x000001f6410f8550 WorkerThread "GC Thread#9" [stack: 0x0000009340710000,0x0000009340810000] [id=9044]
  0x000001f6410f87f0 WorkerThread "GC Thread#10" [stack: 0x0000009340f10000,0x0000009341010000] [id=3224]
  0x000001f6410f8a90 WorkerThread "GC Thread#11" [stack: 0x0000009341010000,0x0000009341110000] [id=6392]
  0x000001f617e4b410 ConcurrentGCThread "G1 Main Marker" [stack: 0x000000933e600000,0x000000933e700000] [id=10660]
  0x000001f617e4c4b0 WorkerThread "G1 Conc#0" [stack: 0x000000933e700000,0x000000933e800000] [id=25764]
  0x000001f64112d200 WorkerThread "G1 Conc#1" [stack: 0x0000009340d10000,0x0000009340e10000] [id=5336]
  0x000001f6410f7ad0 WorkerThread "G1 Conc#2" [stack: 0x0000009340e10000,0x0000009340f10000] [id=26716]
  0x000001f63b3e2670 ConcurrentGCThread "G1 Refine#0" [stack: 0x000000933e800000,0x000000933e900000] [id=20524]
  0x000001f640a6fbe0 ConcurrentGCThread "G1 Refine#1" [stack: 0x0000009340810000,0x0000009340910000] [id=16792]
  0x000001f640a70f90 ConcurrentGCThread "G1 Refine#2" [stack: 0x0000009340910000,0x0000009340a10000] [id=16780]
  0x000001f63b3e3ea0 ConcurrentGCThread "G1 Service" [stack: 0x000000933e900000,0x000000933ea00000] [id=15496]

Threads with active compile tasks:

VM state: at safepoint (normal execution)

VM Mutex/Monitor currently owned by a thread:  ([mutex/lock_event])
[0x000001f615ceb5f0] Threads_lock - owner thread: 0x000001f63b52f490
[0x000001f615ceb710] Heap_lock - owner thread: 0x000001f640a75390

Heap address: 0x0000000702400000, size: 4060 MB, Compressed Oops mode: Zero based, Oop shift amount: 3

CDS archive(s) mapped at: [0x0000000800000000-0x0000000800ba0000-0x0000000800ba0000), size 12189696, SharedBaseAddress: 0x0000000800000000, ArchiveRelocationMode: 0.
Compressed class space mapped at: 0x0000000800c00000-0x0000000840c00000, reserved size: 1073741824
Narrow klass base: 0x0000000800000000, Narrow klass shift: 0, Narrow klass range: 0x100000000

GC Precious Log:
 CardTable entry size: 512
 Card Set container configuration: InlinePtr #cards 4 size 8 Array Of Cards #cards 16 size 48 Howl #buckets 8 coarsen threshold 3686 Howl Bitmap #cards 512 size 80 coarsen threshold 460 Card regions per heap region 1 cards per card region 4096
 CPUs: 16 total, 16 available
 Memory: 16236M
 Large Page Support: Disabled
 NUMA Support: Disabled
 Compressed Oops: Enabled (Zero based)
 Heap Region Size: 2M
 Heap Min Capacity: 8M
 Heap Initial Capacity: 254M
 Heap Max Capacity: 4060M
 Pre-touch: Disabled
 Parallel Workers: 13
 Concurrent Workers: 3
 Concurrent Refinement Workers: 13
 Periodic GC: Disabled

Heap:
 garbage-first heap   total 520192K, used 245262K [0x0000000702400000, 0x0000000800000000)
  region size 2048K, 2 young (4096K), 2 survivors (4096K)
 Metaspace       used 8890K, committed 9088K, reserved 1114112K
  class space    used 1131K, committed 1216K, reserved 1048576K

Heap Regions: E=young(eden), S=young(survivor), O=old, HS=humongous(starts), HC=humongous(continues), CS=collection set, F=free, OA=open archive, CA=closed archive, TAMS=top-at-mark-start (previous, next)
|   0|0x0000000702400000, 0x0000000702600000, 0x0000000702600000|100%|HS|  |TAMS 0x0000000702600000, 0x0000000702600000| Complete 
|   1|0x0000000702600000, 0x0000000702800000, 0x0000000702800000|100%|HS|  |TAMS 0x0000000702800000, 0x0000000702800000| Complete 
|   2|0x0000000702800000, 0x0000000702a00000, 0x0000000702a00000|100%|HC|  |TAMS 0x0000000702a00000, 0x0000000702a00000| Complete 
|   3|0x0000000702a00000, 0x0000000702c00000, 0x0000000702c00000|100%|HC|  |TAMS 0x0000000702c00000, 0x0000000702c00000| Complete 
|   4|0x0000000702c00000, 0x0000000702e00000, 0x0000000702e00000|100%|HS|  |TAMS 0x0000000702e00000, 0x0000000702e00000| Complete 
|   5|0x0000000702e00000, 0x0000000703000000, 0x0000000703000000|100%|HS|  |TAMS 0x0000000703000000, 0x0000000703000000| Complete 
|   6|0x0000000703000000, 0x0000000703200000, 0x0000000703200000|100%|HS|  |TAMS 0x0000000703200000, 0x0000000703200000| Complete 
|   7|0x0000000703200000, 0x0000000703400000, 0x0000000703400000|100%|HS|  |TAMS 0x0000000703400000, 0x0000000703400000| Complete 
|   8|0x0000000703400000, 0x0000000703600000, 0x0000000703600000|100%|HS|  |TAMS 0x0000000703600000, 0x0000000703600000| Complete 
|   9|0x0000000703600000, 0x0000000703800000, 0x0000000703800000|100%|HS|  |TAMS 0x0000000703800000, 0x0000000703800000| Complete 
|  10|0x0000000703800000, 0x0000000703a00000, 0x0000000703a00000|100%|HS|  |TAMS 0x0000000703a00000, 0x0000000703a00000| Complete 
|  11|0x0000000703a00000, 0x0000000703c00000, 0x0000000703c00000|100%|HS|  |TAMS 0x0000000703c00000, 0x0000000703c00000| Complete 
|  12|0x0000000703c00000, 0x0000000703e00000, 0x0000000703e00000|100%|HS|  |TAMS 0x0000000703e00000, 0x0000000703e00000| Complete 
|  13|0x0000000703e00000, 0x0000000704000000, 0x0000000704000000|100%|HS|  |TAMS 0x0000000704000000, 0x0000000704000000| Complete 
|  14|0x0000000704000000, 0x0000000704200000, 0x0000000704200000|100%|HS|  |TAMS 0x0000000704200000, 0x0000000704200000| Complete 
|  15|0x0000000704200000, 0x0000000704400000, 0x0000000704400000|100%|HS|  |TAMS 0x0000000704400000, 0x0000000704400000| Complete 
|  16|0x0000000704400000, 0x0000000704600000, 0x0000000704600000|100%|HS|  |TAMS 0x0000000704600000, 0x0000000704600000| Complete 
|  17|0x0000000704600000, 0x0000000704800000, 0x0000000704800000|100%|HS|  |TAMS 0x0000000704800000, 0x0000000704800000| Complete 
|  18|0x0000000704800000, 0x0000000704a00000, 0x0000000704a00000|100%|HS|  |TAMS 0x0000000704a00000, 0x0000000704a00000| Complete 
|  19|0x0000000704a00000, 0x0000000704c00000, 0x0000000704c00000|100%|HS|  |TAMS 0x0000000704c00000, 0x0000000704c00000| Complete 
|  20|0x0000000704c00000, 0x0000000704e00000, 0x0000000704e00000|100%|HS|  |TAMS 0x0000000704e00000, 0x0000000704e00000| Complete 
|  21|0x0000000704e00000, 0x0000000705000000, 0x0000000705000000|100%|HS|  |TAMS 0x0000000705000000, 0x0000000705000000| Complete 
|  22|0x0000000705000000, 0x0000000705200000, 0x0000000705200000|100%|HS|  |TAMS 0x0000000705200000, 0x0000000705200000| Complete 
|  23|0x0000000705200000, 0x0000000705400000, 0x0000000705400000|100%|HS|  |TAMS 0x0000000705400000, 0x0000000705400000| Complete 
|  24|0x0000000705400000, 0x0000000705600000, 0x0000000705600000|100%|HS|  |TAMS 0x0000000705600000, 0x0000000705600000| Complete 
|  25|0x0000000705600000, 0x0000000705800000, 0x0000000705800000|100%|HS|  |TAMS 0x0000000705800000, 0x0000000705800000| Complete 
|  26|0x0000000705800000, 0x0000000705a00000, 0x0000000705a00000|100%|HS|  |TAMS 0x0000000705a00000, 0x0000000705a00000| Complete 
|  27|0x0000000705a00000, 0x0000000705c00000, 0x0000000705c00000|100%|HS|  |TAMS 0x0000000705c00000, 0x0000000705c00000| Complete 
|  28|0x0000000705c00000, 0x0000000705e00000, 0x0000000705e00000|100%|HS|  |TAMS 0x0000000705e00000, 0x0000000705e00000| Complete 
|  29|0x0000000705e00000, 0x0000000706000000, 0x0000000706000000|100%|HS|  |TAMS 0x0000000706000000, 0x0000000706000000| Complete 
|  30|0x0000000706000000, 0x0000000706200000, 0x0000000706200000|100%|HS|  |TAMS 0x0000000706200000, 0x0000000706200000| Complete 
|  31|0x0000000706200000, 0x0000000706400000, 0x0000000706400000|100%|HS|  |TAMS 0x0000000706400000, 0x0000000706400000| Complete 
|  32|0x0000000706400000, 0x0000000706600000, 0x0000000706600000|100%|HS|  |TAMS 0x0000000706600000, 0x0000000706600000| Complete 
|  33|0x0000000706600000, 0x0000000706800000, 0x0000000706800000|100%|HS|  |TAMS 0x0000000706800000, 0x0000000706800000| Complete 
|  34|0x0000000706800000, 0x0000000706a00000, 0x0000000706a00000|100%|HS|  |TAMS 0x0000000706a00000, 0x0000000706a00000| Complete 
|  35|0x0000000706a00000, 0x0000000706c00000, 0x0000000706c00000|100%|HS|  |TAMS 0x0000000706c00000, 0x0000000706c00000| Complete 
|  36|0x0000000706c00000, 0x0000000706e00000, 0x0000000706e00000|100%|HS|  |TAMS 0x0000000706e00000, 0x0000000706e00000| Complete 
|  37|0x0000000706e00000, 0x0000000707000000, 0x0000000707000000|100%|HS|  |TAMS 0x0000000707000000, 0x0000000707000000| Complete 
|  38|0x0000000707000000, 0x0000000707200000, 0x0000000707200000|100%|HS|  |TAMS 0x0000000707200000, 0x0000000707200000| Complete 
|  39|0x0000000707200000, 0x0000000707400000, 0x0000000707400000|100%|HS|  |TAMS 0x0000000707400000, 0x0000000707400000| Complete 
|  40|0x0000000707400000, 0x0000000707600000, 0x0000000707600000|100%|HS|  |TAMS 0x0000000707600000, 0x0000000707600000| Complete 
|  41|0x0000000707600000, 0x0000000707800000, 0x0000000707800000|100%|HS|  |TAMS 0x0000000707800000, 0x0000000707800000| Complete 
|  42|0x0000000707800000, 0x0000000707a00000, 0x0000000707a00000|100%|HS|  |TAMS 0x0000000707a00000, 0x0000000707a00000| Complete 
|  43|0x0000000707a00000, 0x0000000707c00000, 0x0000000707c00000|100%|HS|  |TAMS 0x0000000707c00000, 0x0000000707c00000| Complete 
|  44|0x0000000707c00000, 0x0000000707e00000, 0x0000000707e00000|100%|HS|  |TAMS 0x0000000707e00000, 0x0000000707e00000| Complete 
|  45|0x0000000707e00000, 0x0000000708000000, 0x0000000708000000|100%|HS|  |TAMS 0x0000000708000000, 0x0000000708000000| Complete 
|  46|0x0000000708000000, 0x0000000708200000, 0x0000000708200000|100%|HS|  |TAMS 0x0000000708200000, 0x0000000708200000| Complete 
|  47|0x0000000708200000, 0x0000000708400000, 0x0000000708400000|100%|HS|  |TAMS 0x0000000708400000, 0x0000000708400000| Complete 
|  48|0x0000000708400000, 0x0000000708600000, 0x0000000708600000|100%|HS|  |TAMS 0x0000000708600000, 0x0000000708600000| Complete 
|  49|0x0000000708600000, 0x0000000708800000, 0x0000000708800000|100%|HS|  |TAMS 0x0000000708800000, 0x0000000708800000| Complete 
|  50|0x0000000708800000, 0x0000000708a00000, 0x0000000708a00000|100%|HS|  |TAMS 0x0000000708a00000, 0x0000000708a00000| Complete 
|  51|0x0000000708a00000, 0x0000000708c00000, 0x0000000708c00000|100%|HS|  |TAMS 0x0000000708c00000, 0x0000000708c00000| Complete 
|  52|0x0000000708c00000, 0x0000000708e00000, 0x0000000708e00000|100%|HS|  |TAMS 0x0000000708e00000, 0x0000000708e00000| Complete 
|  53|0x0000000708e00000, 0x0000000709000000, 0x0000000709000000|100%|HS|  |TAMS 0x0000000709000000, 0x0000000709000000| Complete 
|  54|0x0000000709000000, 0x0000000709200000, 0x0000000709200000|100%|HS|  |TAMS 0x0000000709200000, 0x0000000709200000| Complete 
|  55|0x0000000709200000, 0x0000000709400000, 0x0000000709400000|100%|HS|  |TAMS 0x0000000709400000, 0x0000000709400000| Complete 
|  56|0x0000000709400000, 0x0000000709600000, 0x0000000709600000|100%|HS|  |TAMS 0x0000000709600000, 0x0000000709600000| Complete 
|  57|0x0000000709600000, 0x0000000709800000, 0x0000000709800000|100%|HS|  |TAMS 0x0000000709800000, 0x0000000709800000| Complete 
|  58|0x0000000709800000, 0x0000000709a00000, 0x0000000709a00000|100%| O|  |TAMS 0x0000000709a00000, 0x0000000709a00000| Untracked 
|  59|0x0000000709a00000, 0x0000000709a6e400, 0x0000000709c00000| 21%| O|  |TAMS 0x0000000709a6e400, 0x0000000709a6e400| Untracked 
|  60|0x0000000709c00000, 0x0000000709e00000, 0x0000000709e00000|100%|HS|  |TAMS 0x0000000709e00000, 0x0000000709e00000| Complete 
|  61|0x0000000709e00000, 0x000000070a000000, 0x000000070a000000|100%|HS|  |TAMS 0x000000070a000000, 0x000000070a000000| Complete 
|  62|0x000000070a000000, 0x000000070a200000, 0x000000070a200000|100%|HS|  |TAMS 0x000000070a200000, 0x000000070a200000| Complete 
|  63|0x000000070a200000, 0x000000070a400000, 0x000000070a400000|100%|HS|  |TAMS 0x000000070a400000, 0x000000070a400000| Complete 
|  64|0x000000070a400000, 0x000000070a600000, 0x000000070a600000|100%|HS|  |TAMS 0x000000070a600000, 0x000000070a600000| Complete 
|  65|0x000000070a600000, 0x000000070a800000, 0x000000070a800000|100%|HS|  |TAMS 0x000000070a800000, 0x000000070a800000| Complete 
|  66|0x000000070a800000, 0x000000070aa00000, 0x000000070aa00000|100%|HS|  |TAMS 0x000000070aa00000, 0x000000070aa00000| Complete 
|  67|0x000000070aa00000, 0x000000070ac00000, 0x000000070ac00000|100%|HS|  |TAMS 0x000000070ac00000, 0x000000070ac00000| Complete 
|  68|0x000000070ac00000, 0x000000070ae00000, 0x000000070ae00000|100%|HS|  |TAMS 0x000000070ae00000, 0x000000070ae00000| Complete 
|  69|0x000000070ae00000, 0x000000070b000000, 0x000000070b000000|100%|HS|  |TAMS 0x000000070b000000, 0x000000070b000000| Complete 
|  70|0x000000070b000000, 0x000000070b200000, 0x000000070b200000|100%|HS|  |TAMS 0x000000070b200000, 0x000000070b200000| Complete 
|  71|0x000000070b200000, 0x000000070b400000, 0x000000070b400000|100%|HS|  |TAMS 0x000000070b400000, 0x000000070b400000| Complete 
|  72|0x000000070b400000, 0x000000070b600000, 0x000000070b600000|100%|HS|  |TAMS 0x000000070b600000, 0x000000070b600000| Complete 
|  73|0x000000070b600000, 0x000000070b800000, 0x000000070b800000|100%|HS|  |TAMS 0x000000070b800000, 0x000000070b800000| Complete 
|  74|0x000000070b800000, 0x000000070ba00000, 0x000000070ba00000|100%|HS|  |TAMS 0x000000070ba00000, 0x000000070ba00000| Complete 
|  75|0x000000070ba00000, 0x000000070bc00000, 0x000000070bc00000|100%|HS|  |TAMS 0x000000070bc00000, 0x000000070bc00000| Complete 
|  76|0x000000070bc00000, 0x000000070be00000, 0x000000070be00000|100%|HS|  |TAMS 0x000000070be00000, 0x000000070be00000| Complete 
|  77|0x000000070be00000, 0x000000070c000000, 0x000000070c000000|100%|HS|  |TAMS 0x000000070c000000, 0x000000070c000000| Complete 
|  78|0x000000070c000000, 0x000000070c200000, 0x000000070c200000|100%|HS|  |TAMS 0x000000070c200000, 0x000000070c200000| Complete 
|  79|0x000000070c200000, 0x000000070c400000, 0x000000070c400000|100%|HS|  |TAMS 0x000000070c400000, 0x000000070c400000| Complete 
|  80|0x000000070c400000, 0x000000070c600000, 0x000000070c600000|100%|HS|  |TAMS 0x000000070c600000, 0x000000070c600000| Complete 
|  81|0x000000070c600000, 0x000000070c800000, 0x000000070c800000|100%|HS|  |TAMS 0x000000070c800000, 0x000000070c800000| Complete 
|  82|0x000000070c800000, 0x000000070ca00000, 0x000000070ca00000|100%|HS|  |TAMS 0x000000070ca00000, 0x000000070ca00000| Complete 
|  83|0x000000070ca00000, 0x000000070cc00000, 0x000000070cc00000|100%|HS|  |TAMS 0x000000070cc00000, 0x000000070cc00000| Complete 
|  84|0x000000070cc00000, 0x000000070ce00000, 0x000000070ce00000|100%|HS|  |TAMS 0x000000070ce00000, 0x000000070ce00000| Complete 
|  85|0x000000070ce00000, 0x000000070d000000, 0x000000070d000000|100%|HS|  |TAMS 0x000000070d000000, 0x000000070d000000| Complete 
|  86|0x000000070d000000, 0x000000070d200000, 0x000000070d200000|100%|HS|  |TAMS 0x000000070d200000, 0x000000070d200000| Complete 
|  87|0x000000070d200000, 0x000000070d400000, 0x000000070d400000|100%|HS|  |TAMS 0x000000070d400000, 0x000000070d400000| Complete 
|  88|0x000000070d400000, 0x000000070d600000, 0x000000070d600000|100%|HS|  |TAMS 0x000000070d600000, 0x000000070d600000| Complete 
|  89|0x000000070d600000, 0x000000070d800000, 0x000000070d800000|100%|HS|  |TAMS 0x000000070d800000, 0x000000070d800000| Complete 
|  90|0x000000070d800000, 0x000000070da00000, 0x000000070da00000|100%|HS|  |TAMS 0x000000070da00000, 0x000000070da00000| Complete 
|  91|0x000000070da00000, 0x000000070dc00000, 0x000000070dc00000|100%|HS|  |TAMS 0x000000070dc00000, 0x000000070dc00000| Complete 
|  92|0x000000070dc00000, 0x000000070de00000, 0x000000070de00000|100%|HS|  |TAMS 0x000000070de00000, 0x000000070de00000| Complete 
|  93|0x000000070de00000, 0x000000070e000000, 0x000000070e000000|100%|HS|  |TAMS 0x000000070e000000, 0x000000070e000000| Complete 
|  94|0x000000070e000000, 0x000000070e200000, 0x000000070e200000|100%|HS|  |TAMS 0x000000070e200000, 0x000000070e200000| Complete 
|  95|0x000000070e200000, 0x000000070e400000, 0x000000070e400000|100%|HS|  |TAMS 0x000000070e400000, 0x000000070e400000| Complete 
|  96|0x000000070e400000, 0x000000070e600000, 0x000000070e600000|100%|HS|  |TAMS 0x000000070e600000, 0x000000070e600000| Complete 
|  97|0x000000070e600000, 0x000000070e800000, 0x000000070e800000|100%|HS|  |TAMS 0x000000070e800000, 0x000000070e800000| Complete 
|  98|0x000000070e800000, 0x000000070ea00000, 0x000000070ea00000|100%|HS|  |TAMS 0x000000070ea00000, 0x000000070ea00000| Complete 
|  99|0x000000070ea00000, 0x000000070ec00000, 0x000000070ec00000|100%|HS|  |TAMS 0x000000070ec00000, 0x000000070ec00000| Complete 
| 100|0x000000070ec00000, 0x000000070ee00000, 0x000000070ee00000|100%|HS|  |TAMS 0x000000070ee00000, 0x000000070ee00000| Complete 
| 101|0x000000070ee00000, 0x000000070f000000, 0x000000070f000000|100%|HS|  |TAMS 0x000000070f000000, 0x000000070f000000| Complete 
| 102|0x000000070f000000, 0x000000070f200000, 0x000000070f200000|100%|HS|  |TAMS 0x000000070f200000, 0x000000070f200000| Complete 
| 103|0x000000070f200000, 0x000000070f400000, 0x000000070f400000|100%|HS|  |TAMS 0x000000070f400000, 0x000000070f400000| Complete 
| 104|0x000000070f400000, 0x000000070f600000, 0x000000070f600000|100%|HS|  |TAMS 0x000000070f600000, 0x000000070f600000| Complete 
| 105|0x000000070f600000, 0x000000070f800000, 0x000000070f800000|100%|HS|  |TAMS 0x000000070f800000, 0x000000070f800000| Complete 
| 106|0x000000070f800000, 0x000000070fa00000, 0x000000070fa00000|100%|HS|  |TAMS 0x000000070fa00000, 0x000000070fa00000| Complete 
| 107|0x000000070fa00000, 0x000000070fc00000, 0x000000070fc00000|100%|HS|  |TAMS 0x000000070fc00000, 0x000000070fc00000| Complete 
| 108|0x000000070fc00000, 0x000000070fe00000, 0x000000070fe00000|100%|HS|  |TAMS 0x000000070fe00000, 0x000000070fe00000| Complete 
| 109|0x000000070fe00000, 0x0000000710000000, 0x0000000710000000|100%|HS|  |TAMS 0x0000000710000000, 0x0000000710000000| Complete 
| 110|0x0000000710000000, 0x0000000710200000, 0x0000000710200000|100%|HS|  |TAMS 0x0000000710200000, 0x0000000710200000| Complete 
| 111|0x0000000710200000, 0x0000000710400000, 0x0000000710400000|100%|HS|  |TAMS 0x0000000710400000, 0x0000000710400000| Complete 
| 112|0x0000000710400000, 0x0000000710600000, 0x0000000710600000|100%|HS|  |TAMS 0x0000000710600000, 0x0000000710600000| Complete 
| 113|0x0000000710600000, 0x0000000710800000, 0x0000000710800000|100%|HS|  |TAMS 0x0000000710800000, 0x0000000710800000| Complete 
| 114|0x0000000710800000, 0x0000000710a00000, 0x0000000710a00000|100%|HS|  |TAMS 0x0000000710a00000, 0x0000000710a00000| Complete 
| 115|0x0000000710a00000, 0x0000000710c00000, 0x0000000710c00000|100%|HS|  |TAMS 0x0000000710c00000, 0x0000000710c00000| Complete 
| 116|0x0000000710c00000, 0x0000000710e00000, 0x0000000710e00000|100%|HS|  |TAMS 0x0000000710e00000, 0x0000000710e00000| Complete 
| 117|0x0000000710e00000, 0x0000000711000000, 0x0000000711000000|100%|HS|  |TAMS 0x0000000710e00000, 0x0000000711000000| Complete 
| 118|0x0000000711000000, 0x0000000711200000, 0x0000000711200000|100%|HS|  |TAMS 0x0000000711000000, 0x0000000711200000| Complete 
| 119|0x0000000711200000, 0x0000000711200000, 0x0000000711400000|  0%| F|  |TAMS 0x0000000711200000, 0x0000000711200000| Untracked 
| 120|0x0000000711400000, 0x0000000711400000, 0x0000000711600000|  0%| F|  |TAMS 0x0000000711400000, 0x0000000711400000| Untracked 
| 121|0x0000000711600000, 0x0000000711600000, 0x0000000711800000|  0%| F|  |TAMS 0x0000000711600000, 0x0000000711600000| Untracked 
| 122|0x0000000711800000, 0x0000000711800000, 0x0000000711a00000|  0%| F|  |TAMS 0x0000000711800000, 0x0000000711800000| Untracked 
| 123|0x0000000711a00000, 0x0000000711a00000, 0x0000000711c00000|  0%| F|  |TAMS 0x0000000711a00000, 0x0000000711a00000| Untracked 
| 124|0x0000000711c00000, 0x0000000711c00000, 0x0000000711e00000|  0%| F|  |TAMS 0x0000000711c00000, 0x0000000711c00000| Untracked 
| 125|0x0000000711e00000, 0x0000000711e00000, 0x0000000712000000|  0%| F|  |TAMS 0x0000000711e00000, 0x0000000711e00000| Untracked 
| 126|0x0000000712000000, 0x0000000712000000, 0x0000000712200000|  0%| F|  |TAMS 0x0000000712000000, 0x0000000712000000| Untracked 
| 127|0x0000000712200000, 0x0000000712200000, 0x0000000712400000|  0%| F|  |TAMS 0x0000000712200000, 0x0000000712200000| Untracked 
| 128|0x0000000712400000, 0x0000000712400000, 0x0000000712600000|  0%| F|  |TAMS 0x0000000712400000, 0x0000000712400000| Untracked 
| 129|0x0000000712600000, 0x0000000712600000, 0x0000000712800000|  0%| F|  |TAMS 0x0000000712600000, 0x0000000712600000| Untracked 
| 130|0x0000000712800000, 0x0000000712800000, 0x0000000712a00000|  0%| F|  |TAMS 0x0000000712800000, 0x0000000712800000| Untracked 
| 131|0x0000000712a00000, 0x0000000712a00000, 0x0000000712c00000|  0%| F|  |TAMS 0x0000000712a00000, 0x0000000712a00000| Untracked 
| 132|0x0000000712c00000, 0x0000000712c00000, 0x0000000712e00000|  0%| F|  |TAMS 0x0000000712c00000, 0x0000000712c00000| Untracked 
| 133|0x0000000712e00000, 0x0000000712e00000, 0x0000000713000000|  0%| F|  |TAMS 0x0000000712e00000, 0x0000000712e00000| Untracked 
| 134|0x0000000713000000, 0x0000000713000000, 0x0000000713200000|  0%| F|  |TAMS 0x0000000713000000, 0x0000000713000000| Untracked 
| 135|0x0000000713200000, 0x0000000713200000, 0x0000000713400000|  0%| F|  |TAMS 0x0000000713200000, 0x0000000713200000| Untracked 
| 136|0x0000000713400000, 0x0000000713400000, 0x0000000713600000|  0%| F|  |TAMS 0x0000000713400000, 0x0000000713400000| Untracked 
| 137|0x0000000713600000, 0x0000000713600000, 0x0000000713800000|  0%| F|  |TAMS 0x0000000713600000, 0x0000000713600000| Untracked 
| 138|0x0000000713800000, 0x0000000713800000, 0x0000000713a00000|  0%| F|  |TAMS 0x0000000713800000, 0x0000000713800000| Untracked 
| 139|0x0000000713a00000, 0x0000000713a00000, 0x0000000713c00000|  0%| F|  |TAMS 0x0000000713a00000, 0x0000000713a00000| Untracked 
| 140|0x0000000713c00000, 0x0000000713c00000, 0x0000000713e00000|  0%| F|  |TAMS 0x0000000713c00000, 0x0000000713c00000| Untracked 
| 141|0x0000000713e00000, 0x0000000713e00000, 0x0000000714000000|  0%| F|  |TAMS 0x0000000713e00000, 0x0000000713e00000| Untracked 
| 142|0x0000000714000000, 0x0000000714000000, 0x0000000714200000|  0%| F|  |TAMS 0x0000000714000000, 0x0000000714000000| Untracked 
| 143|0x0000000714200000, 0x0000000714200000, 0x0000000714400000|  0%| F|  |TAMS 0x0000000714200000, 0x0000000714200000| Untracked 
| 144|0x0000000714400000, 0x0000000714400000, 0x0000000714600000|  0%| F|  |TAMS 0x0000000714400000, 0x0000000714400000| Untracked 
| 145|0x0000000714600000, 0x0000000714600000, 0x0000000714800000|  0%| F|  |TAMS 0x0000000714600000, 0x0000000714600000| Untracked 
| 146|0x0000000714800000, 0x0000000714800000, 0x0000000714a00000|  0%| F|  |TAMS 0x0000000714800000, 0x0000000714800000| Untracked 
| 147|0x0000000714a00000, 0x0000000714a00000, 0x0000000714c00000|  0%| F|  |TAMS 0x0000000714a00000, 0x0000000714a00000| Untracked 
| 148|0x0000000714c00000, 0x0000000714c00000, 0x0000000714e00000|  0%| F|  |TAMS 0x0000000714c00000, 0x0000000714c00000| Untracked 
| 149|0x0000000714e00000, 0x0000000714e00000, 0x0000000715000000|  0%| F|  |TAMS 0x0000000714e00000, 0x0000000714e00000| Untracked 
| 150|0x0000000715000000, 0x0000000715000000, 0x0000000715200000|  0%| F|  |TAMS 0x0000000715000000, 0x0000000715000000| Untracked 
| 151|0x0000000715200000, 0x0000000715200000, 0x0000000715400000|  0%| F|  |TAMS 0x0000000715200000, 0x0000000715200000| Untracked 
| 152|0x0000000715400000, 0x0000000715400000, 0x0000000715600000|  0%| F|  |TAMS 0x0000000715400000, 0x0000000715400000| Untracked 
| 153|0x0000000715600000, 0x0000000715600000, 0x0000000715800000|  0%| F|  |TAMS 0x0000000715600000, 0x0000000715600000| Untracked 
| 154|0x0000000715800000, 0x0000000715800000, 0x0000000715a00000|  0%| F|  |TAMS 0x0000000715800000, 0x0000000715800000| Untracked 
| 155|0x0000000715a00000, 0x0000000715a00000, 0x0000000715c00000|  0%| F|  |TAMS 0x0000000715a00000, 0x0000000715a00000| Untracked 
| 156|0x0000000715c00000, 0x0000000715c00000, 0x0000000715e00000|  0%| F|  |TAMS 0x0000000715c00000, 0x0000000715c00000| Untracked 
| 157|0x0000000715e00000, 0x0000000715e00000, 0x0000000716000000|  0%| F|  |TAMS 0x0000000715e00000, 0x0000000715e00000| Untracked 
| 158|0x0000000716000000, 0x0000000716000000, 0x0000000716200000|  0%| F|  |TAMS 0x0000000716000000, 0x0000000716000000| Untracked 
| 159|0x0000000716200000, 0x0000000716200000, 0x0000000716400000|  0%| F|  |TAMS 0x0000000716200000, 0x0000000716200000| Untracked 
| 160|0x0000000716400000, 0x0000000716400000, 0x0000000716600000|  0%| F|  |TAMS 0x0000000716400000, 0x0000000716400000| Untracked 
| 161|0x0000000716600000, 0x0000000716600000, 0x0000000716800000|  0%| F|  |TAMS 0x0000000716600000, 0x0000000716600000| Untracked 
| 162|0x0000000716800000, 0x0000000716800000, 0x0000000716a00000|  0%| F|  |TAMS 0x0000000716800000, 0x0000000716800000| Untracked 
| 163|0x0000000716a00000, 0x0000000716a00000, 0x0000000716c00000|  0%| F|  |TAMS 0x0000000716a00000, 0x0000000716a00000| Untracked 
| 164|0x0000000716c00000, 0x0000000716c00000, 0x0000000716e00000|  0%| F|  |TAMS 0x0000000716c00000, 0x0000000716c00000| Untracked 
| 165|0x0000000716e00000, 0x0000000716e00000, 0x0000000717000000|  0%| F|  |TAMS 0x0000000716e00000, 0x0000000716e00000| Untracked 
| 166|0x0000000717000000, 0x0000000717000000, 0x0000000717200000|  0%| F|  |TAMS 0x0000000717000000, 0x0000000717000000| Untracked 
| 167|0x0000000717200000, 0x0000000717200000, 0x0000000717400000|  0%| F|  |TAMS 0x0000000717200000, 0x0000000717200000| Untracked 
| 168|0x0000000717400000, 0x0000000717400000, 0x0000000717600000|  0%| F|  |TAMS 0x0000000717400000, 0x0000000717400000| Untracked 
| 169|0x0000000717600000, 0x0000000717600000, 0x0000000717800000|  0%| F|  |TAMS 0x0000000717600000, 0x0000000717600000| Untracked 
| 170|0x0000000717800000, 0x0000000717800000, 0x0000000717a00000|  0%| F|  |TAMS 0x0000000717800000, 0x0000000717800000| Untracked 
| 171|0x0000000717a00000, 0x0000000717a00000, 0x0000000717c00000|  0%| F|  |TAMS 0x0000000717a00000, 0x0000000717a00000| Untracked 
| 172|0x0000000717c00000, 0x0000000717c00000, 0x0000000717e00000|  0%| F|  |TAMS 0x0000000717c00000, 0x0000000717c00000| Untracked 
| 173|0x0000000717e00000, 0x0000000717e00000, 0x0000000718000000|  0%| F|  |TAMS 0x0000000717e00000, 0x0000000717e00000| Untracked 
| 174|0x0000000718000000, 0x0000000718000000, 0x0000000718200000|  0%| F|  |TAMS 0x0000000718000000, 0x0000000718000000| Untracked 
| 175|0x0000000718200000, 0x0000000718200000, 0x0000000718400000|  0%| F|  |TAMS 0x0000000718200000, 0x0000000718200000| Untracked 
| 176|0x0000000718400000, 0x0000000718400000, 0x0000000718600000|  0%| F|  |TAMS 0x0000000718400000, 0x0000000718400000| Untracked 
| 177|0x0000000718600000, 0x0000000718600000, 0x0000000718800000|  0%| F|  |TAMS 0x0000000718600000, 0x0000000718600000| Untracked 
| 178|0x0000000718800000, 0x0000000718800000, 0x0000000718a00000|  0%| F|  |TAMS 0x0000000718800000, 0x0000000718800000| Untracked 
| 179|0x0000000718a00000, 0x0000000718a00000, 0x0000000718c00000|  0%| F|  |TAMS 0x0000000718a00000, 0x0000000718a00000| Untracked 
| 180|0x0000000718c00000, 0x0000000718c00000, 0x0000000718e00000|  0%| F|  |TAMS 0x0000000718c00000, 0x0000000718c00000| Untracked 
| 181|0x0000000718e00000, 0x0000000718e00000, 0x0000000719000000|  0%| F|  |TAMS 0x0000000718e00000, 0x0000000718e00000| Untracked 
| 182|0x0000000719000000, 0x0000000719000000, 0x0000000719200000|  0%| F|  |TAMS 0x0000000719000000, 0x0000000719000000| Untracked 
| 183|0x0000000719200000, 0x0000000719200000, 0x0000000719400000|  0%| F|  |TAMS 0x0000000719200000, 0x0000000719200000| Untracked 
| 184|0x0000000719400000, 0x0000000719400000, 0x0000000719600000|  0%| F|  |TAMS 0x0000000719400000, 0x0000000719400000| Untracked 
| 185|0x0000000719600000, 0x0000000719600000, 0x0000000719800000|  0%| F|  |TAMS 0x0000000719600000, 0x0000000719600000| Untracked 
| 186|0x0000000719800000, 0x0000000719800000, 0x0000000719a00000|  0%| F|  |TAMS 0x0000000719800000, 0x0000000719800000| Untracked 
| 187|0x0000000719a00000, 0x0000000719a00000, 0x0000000719c00000|  0%| F|  |TAMS 0x0000000719a00000, 0x0000000719a00000| Untracked 
| 188|0x0000000719c00000, 0x0000000719c00000, 0x0000000719e00000|  0%| F|  |TAMS 0x0000000719c00000, 0x0000000719c00000| Untracked 
| 189|0x0000000719e00000, 0x0000000719e00000, 0x000000071a000000|  0%| F|  |TAMS 0x0000000719e00000, 0x0000000719e00000| Untracked 
| 190|0x000000071a000000, 0x000000071a000000, 0x000000071a200000|  0%| F|  |TAMS 0x000000071a000000, 0x000000071a000000| Untracked 
| 191|0x000000071a200000, 0x000000071a200000, 0x000000071a400000|  0%| F|  |TAMS 0x000000071a200000, 0x000000071a200000| Untracked 
| 192|0x000000071a400000, 0x000000071a400000, 0x000000071a600000|  0%| F|  |TAMS 0x000000071a400000, 0x000000071a400000| Untracked 
| 193|0x000000071a600000, 0x000000071a600000, 0x000000071a800000|  0%| F|  |TAMS 0x000000071a600000, 0x000000071a600000| Untracked 
| 194|0x000000071a800000, 0x000000071a800000, 0x000000071aa00000|  0%| F|  |TAMS 0x000000071a800000, 0x000000071a800000| Untracked 
| 195|0x000000071aa00000, 0x000000071aa00000, 0x000000071ac00000|  0%| F|  |TAMS 0x000000071aa00000, 0x000000071aa00000| Untracked 
| 196|0x000000071ac00000, 0x000000071ac00000, 0x000000071ae00000|  0%| F|  |TAMS 0x000000071ac00000, 0x000000071ac00000| Untracked 
| 197|0x000000071ae00000, 0x000000071ae00000, 0x000000071b000000|  0%| F|  |TAMS 0x000000071ae00000, 0x000000071ae00000| Untracked 
| 198|0x000000071b000000, 0x000000071b000000, 0x000000071b200000|  0%| F|  |TAMS 0x000000071b000000, 0x000000071b000000| Untracked 
| 199|0x000000071b200000, 0x000000071b200000, 0x000000071b400000|  0%| F|  |TAMS 0x000000071b200000, 0x000000071b200000| Untracked 
| 200|0x000000071b400000, 0x000000071b400000, 0x000000071b600000|  0%| F|  |TAMS 0x000000071b400000, 0x000000071b400000| Untracked 
| 201|0x000000071b600000, 0x000000071b600000, 0x000000071b800000|  0%| F|  |TAMS 0x000000071b600000, 0x000000071b600000| Untracked 
| 202|0x000000071b800000, 0x000000071b800000, 0x000000071ba00000|  0%| F|  |TAMS 0x000000071b800000, 0x000000071b800000| Untracked 
| 203|0x000000071ba00000, 0x000000071ba00000, 0x000000071bc00000|  0%| F|  |TAMS 0x000000071ba00000, 0x000000071ba00000| Untracked 
| 204|0x000000071bc00000, 0x000000071bc00000, 0x000000071be00000|  0%| F|  |TAMS 0x000000071bc00000, 0x000000071bc00000| Untracked 
| 205|0x000000071be00000, 0x000000071be00000, 0x000000071c000000|  0%| F|  |TAMS 0x000000071be00000, 0x000000071be00000| Untracked 
| 206|0x000000071c000000, 0x000000071c000000, 0x000000071c200000|  0%| F|  |TAMS 0x000000071c000000, 0x000000071c000000| Untracked 
| 207|0x000000071c200000, 0x000000071c200000, 0x000000071c400000|  0%| F|  |TAMS 0x000000071c200000, 0x000000071c200000| Untracked 
| 208|0x000000071c400000, 0x000000071c400000, 0x000000071c600000|  0%| F|  |TAMS 0x000000071c400000, 0x000000071c400000| Untracked 
| 209|0x000000071c600000, 0x000000071c600000, 0x000000071c800000|  0%| F|  |TAMS 0x000000071c600000, 0x000000071c600000| Untracked 
| 210|0x000000071c800000, 0x000000071c800000, 0x000000071ca00000|  0%| F|  |TAMS 0x000000071c800000, 0x000000071c800000| Untracked 
| 211|0x000000071ca00000, 0x000000071ca00000, 0x000000071cc00000|  0%| F|  |TAMS 0x000000071ca00000, 0x000000071ca00000| Untracked 
| 212|0x000000071cc00000, 0x000000071cc00000, 0x000000071ce00000|  0%| F|  |TAMS 0x000000071cc00000, 0x000000071cc00000| Untracked 
| 213|0x000000071ce00000, 0x000000071ce00000, 0x000000071d000000|  0%| F|  |TAMS 0x000000071ce00000, 0x000000071ce00000| Untracked 
| 214|0x000000071d000000, 0x000000071d000000, 0x000000071d200000|  0%| F|  |TAMS 0x000000071d000000, 0x000000071d000000| Untracked 
| 215|0x000000071d200000, 0x000000071d200000, 0x000000071d400000|  0%| F|  |TAMS 0x000000071d200000, 0x000000071d200000| Untracked 
| 216|0x000000071d400000, 0x000000071d400000, 0x000000071d600000|  0%| F|  |TAMS 0x000000071d400000, 0x000000071d400000| Untracked 
| 217|0x000000071d600000, 0x000000071d600000, 0x000000071d800000|  0%| F|  |TAMS 0x000000071d600000, 0x000000071d600000| Untracked 
| 218|0x000000071d800000, 0x000000071d800000, 0x000000071da00000|  0%| F|  |TAMS 0x000000071d800000, 0x000000071d800000| Untracked 
| 219|0x000000071da00000, 0x000000071da00000, 0x000000071dc00000|  0%| F|  |TAMS 0x000000071da00000, 0x000000071da00000| Untracked 
| 220|0x000000071dc00000, 0x000000071dc00000, 0x000000071de00000|  0%| F|  |TAMS 0x000000071dc00000, 0x000000071dc00000| Untracked 
| 221|0x000000071de00000, 0x000000071de00000, 0x000000071e000000|  0%| F|  |TAMS 0x000000071de00000, 0x000000071de00000| Untracked 
| 222|0x000000071e000000, 0x000000071e000000, 0x000000071e200000|  0%| F|  |TAMS 0x000000071e000000, 0x000000071e000000| Untracked 
| 223|0x000000071e200000, 0x000000071e200000, 0x000000071e400000|  0%| F|  |TAMS 0x000000071e200000, 0x000000071e200000| Untracked 
| 224|0x000000071e400000, 0x000000071e400000, 0x000000071e600000|  0%| F|  |TAMS 0x000000071e400000, 0x000000071e400000| Untracked 
| 225|0x000000071e600000, 0x000000071e600000, 0x000000071e800000|  0%| F|  |TAMS 0x000000071e600000, 0x000000071e600000| Untracked 
| 226|0x000000071e800000, 0x000000071e800000, 0x000000071ea00000|  0%| F|  |TAMS 0x000000071e800000, 0x000000071e800000| Untracked 
| 227|0x000000071ea00000, 0x000000071ea00000, 0x000000071ec00000|  0%| F|  |TAMS 0x000000071ea00000, 0x000000071ea00000| Untracked 
| 228|0x000000071ec00000, 0x000000071ec00000, 0x000000071ee00000|  0%| F|  |TAMS 0x000000071ec00000, 0x000000071ec00000| Untracked 
| 229|0x000000071ee00000, 0x000000071ee00000, 0x000000071f000000|  0%| F|  |TAMS 0x000000071ee00000, 0x000000071ee00000| Untracked 
| 230|0x000000071f000000, 0x000000071f000000, 0x000000071f200000|  0%| F|  |TAMS 0x000000071f000000, 0x000000071f000000| Untracked 
| 231|0x000000071f200000, 0x000000071f200000, 0x000000071f400000|  0%| F|  |TAMS 0x000000071f200000, 0x000000071f200000| Untracked 
| 232|0x000000071f400000, 0x000000071f400000, 0x000000071f600000|  0%| F|  |TAMS 0x000000071f400000, 0x000000071f400000| Untracked 
| 233|0x000000071f600000, 0x000000071f600000, 0x000000071f800000|  0%| F|  |TAMS 0x000000071f600000, 0x000000071f600000| Untracked 
| 234|0x000000071f800000, 0x000000071f800000, 0x000000071fa00000|  0%| F|  |TAMS 0x000000071f800000, 0x000000071f800000| Untracked 
| 235|0x000000071fa00000, 0x000000071fa00000, 0x000000071fc00000|  0%| F|  |TAMS 0x000000071fa00000, 0x000000071fa00000| Untracked 
| 236|0x000000071fc00000, 0x000000071fc00000, 0x000000071fe00000|  0%| F|  |TAMS 0x000000071fc00000, 0x000000071fc00000| Untracked 
| 237|0x000000071fe00000, 0x000000071fe00000, 0x0000000720000000|  0%| F|  |TAMS 0x000000071fe00000, 0x000000071fe00000| Untracked 
| 238|0x0000000720000000, 0x0000000720000000, 0x0000000720200000|  0%| F|  |TAMS 0x0000000720000000, 0x0000000720000000| Untracked 
| 239|0x0000000720200000, 0x0000000720200000, 0x0000000720400000|  0%| F|  |TAMS 0x0000000720200000, 0x0000000720200000| Untracked 
| 240|0x0000000720400000, 0x0000000720400000, 0x0000000720600000|  0%| F|  |TAMS 0x0000000720400000, 0x0000000720400000| Untracked 
| 241|0x0000000720600000, 0x0000000720600000, 0x0000000720800000|  0%| F|  |TAMS 0x0000000720600000, 0x0000000720600000| Untracked 
| 242|0x0000000720800000, 0x0000000720800000, 0x0000000720a00000|  0%| F|  |TAMS 0x0000000720800000, 0x0000000720800000| Untracked 
| 243|0x0000000720a00000, 0x0000000720a00000, 0x0000000720c00000|  0%| F|  |TAMS 0x0000000720a00000, 0x0000000720a00000| Untracked 
| 244|0x0000000720c00000, 0x0000000720c00000, 0x0000000720e00000|  0%| F|  |TAMS 0x0000000720c00000, 0x0000000720c00000| Untracked 
| 245|0x0000000720e00000, 0x0000000720e00000, 0x0000000721000000|  0%| F|  |TAMS 0x0000000720e00000, 0x0000000720e00000| Untracked 
| 246|0x0000000721000000, 0x0000000721000000, 0x0000000721200000|  0%| F|  |TAMS 0x0000000721000000, 0x0000000721000000| Untracked 
| 247|0x0000000721200000, 0x0000000721200000, 0x0000000721400000|  0%| F|  |TAMS 0x0000000721200000, 0x0000000721200000| Untracked 
| 248|0x0000000721400000, 0x0000000721400000, 0x0000000721600000|  0%| F|  |TAMS 0x0000000721400000, 0x0000000721400000| Untracked 
| 249|0x0000000721600000, 0x0000000721715710, 0x0000000721800000| 54%| S|CS|TAMS 0x0000000721600000, 0x0000000721600000| Complete 
| 250|0x0000000721800000, 0x0000000721a00000, 0x0000000721a00000|100%| S|CS|TAMS 0x0000000721800000, 0x0000000721800000| Complete 
| 251|0x0000000721a00000, 0x0000000721a00000, 0x0000000721c00000|  0%| F|  |TAMS 0x0000000721a00000, 0x0000000721a00000| Untracked 
| 252|0x0000000721c00000, 0x0000000721c00000, 0x0000000721e00000|  0%| F|  |TAMS 0x0000000721c00000, 0x0000000721c00000| Untracked 
| 253|0x0000000721e00000, 0x0000000721e00000, 0x0000000722000000|  0%| F|  |TAMS 0x0000000721e00000, 0x0000000721e00000| Untracked 

Card table byte_map: [0x000001f62f760000,0x000001f62ff50000] _byte_map_base: 0x000001f62bf4e000

Marking Bits (Prev, Next): (CMBitMap*) 0x000001f617e39d50, (CMBitMap*) 0x000001f617e39d10
 Prev Bits: [0x000001f6346b0000, 0x000001f638620000)
 Next Bits: [0x000001f630740000, 0x000001f6346b0000)

Polling page: 0x000001f617580000

Metaspace:

Usage:
  Non-class:      7.58 MB used.
      Class:      1.11 MB used.
       Both:      8.68 MB used.

Virtual space:
  Non-class space:       64.00 MB reserved,       7.69 MB ( 12%) committed,  1 nodes.
      Class space:        1.00 GB reserved,       1.19 MB ( <1%) committed,  1 nodes.
             Both:        1.06 GB reserved,       8.88 MB ( <1%) committed. 

Chunk freelists:
   Non-Class:  3.16 MB
       Class:  2.82 MB
        Both:  5.98 MB

MaxMetaspaceSize: unlimited
CompressedClassSpaceSize: 1.00 GB
Initial GC threshold: 21.00 MB
Current GC threshold: 21.00 MB
CDS: on
MetaspaceReclaimPolicy: balanced
 - commit_granule_bytes: 65536.
 - commit_granule_words: 8192.
 - virtual_space_node_default_size: 8388608.
 - enlarge_chunks_in_place: 1.
 - new_chunks_are_fully_committed: 0.
 - uncommit_free_chunks: 1.
 - use_allocation_guard: 0.


Internal statistics:

num_allocs_failed_limit: 0.
num_arena_births: 228.
num_arena_deaths: 0.
num_vsnodes_births: 2.
num_vsnodes_deaths: 0.
num_space_committed: 142.
num_space_uncommitted: 0.
num_chunks_returned_to_freelist: 0.
num_chunks_taken_from_freelist: 493.
num_chunk_merges: 0.
num_chunk_splits: 340.
num_chunks_enlarged: 251.
num_inconsistent_stats: 0.

CodeHeap 'non-profiled nmethods': size=119168Kb used=589Kb max_used=589Kb free=118578Kb
 bounds [0x000001f627290000, 0x000001f627500000, 0x000001f62e6f0000]
CodeHeap 'profiled nmethods': size=119104Kb used=2614Kb max_used=2614Kb free=116489Kb
 bounds [0x000001f61fe40000, 0x000001f6200d0000, 0x000001f627290000]
CodeHeap 'non-nmethods': size=7488Kb used=2974Kb max_used=3022Kb free=4514Kb
 bounds [0x000001f61f6f0000, 0x000001f61f9f0000, 0x000001f61fe40000]
 total_blobs=2083 nmethods=1489 adapters=503
 compilation: enabled
              stopped_count=0, restarted_count=0
 full_count=0

Compilation events (20 events):
Event: 1.339 Thread 0x000001f63b5ad010 nmethod 1477 0x000001f6200b7590 code [0x000001f6200b7840, 0x000001f6200b8d08]
Event: 1.339 Thread 0x000001f63b5ad010 1481       3       com.sun.org.apache.xerces.internal.impl.XMLDocumentFragmentScannerImpl::getAttributeIterator (39 bytes)
Event: 1.339 Thread 0x000001f63f938bf0 1482       3       java.lang.reflect.Method::invoke (108 bytes)
Event: 1.339 Thread 0x000001f63f842aa0 1483   !   3       jdk.internal.reflect.DirectMethodHandleAccessor::invoke (92 bytes)
Event: 1.339 Thread 0x000001f63b5ad010 nmethod 1481 0x000001f6200b9290 code [0x000001f6200b9440, 0x000001f6200b9628]
Event: 1.339 Thread 0x000001f63b5ad010 1484       3       jdk.internal.reflect.DirectMethodHandleAccessor::isStatic (20 bytes)
Event: 1.339 Thread 0x000001f63b550720 1487       4       java.lang.String::toString (2 bytes)
Event: 1.339 Thread 0x000001f63b5ad010 nmethod 1484 0x000001f6200b9710 code [0x000001f6200b98a0, 0x000001f6200b9a18]
Event: 1.339 Thread 0x000001f63b5ad010 1485       3       jdk.internal.reflect.DirectMethodHandleAccessor::checkArgumentCount (59 bytes)
Event: 1.340 Thread 0x000001f63b550720 nmethod 1487 0x000001f627322190 code [0x000001f627322300, 0x000001f627322378]
Event: 1.340 Thread 0x000001f63b5ad010 nmethod 1485 0x000001f6200b9a90 code [0x000001f6200b9d00, 0x000001f6200ba558]
Event: 1.340 Thread 0x000001f63b5ad010 1486       3       jdk.internal.reflect.DirectMethodHandleAccessor::invokeImpl (108 bytes)
Event: 1.340 Thread 0x000001f63b554510 nmethod 1476 0x000001f6200ba890 code [0x000001f6200bad60, 0x000001f6200bd898]
Event: 1.340 Thread 0x000001f63b554510 1488       3       com.sun.org.apache.xerces.internal.utils.XMLLimitAnalyzer::getTotalValue (7 bytes)
Event: 1.340 Thread 0x000001f63b554510 nmethod 1488 0x000001f6200be890 code [0x000001f6200bea20, 0x000001f6200beb58]
Event: 1.341 Thread 0x000001f63f842aa0 nmethod 1483 0x000001f6200bec10 code [0x000001f6200bf080, 0x000001f6200c18b8]
Event: 1.341 Thread 0x000001f63b5ad010 nmethod 1486 0x000001f6200c2b10 code [0x000001f6200c2e60, 0x000001f6200c4a98]
Event: 1.342 Thread 0x000001f63f938bf0 nmethod 1482 0x000001f6200c5190 code [0x000001f6200c5960, 0x000001f6200cb228]
Event: 1.347 Thread 0x000001f63b550720 1489       4       com.sun.javafx.iio.gif.GIFImageLoader2::readPalete (85 bytes)
Event: 1.358 Thread 0x000001f63b550720 nmethod 1489 0x000001f627322490 code [0x000001f627322660, 0x000001f6273233a8]

GC Heap History (20 events):
Event: 1.054 GC heap after
{Heap after GC invocations=2 (full 0):
 garbage-first heap   total 260096K, used 117791K [0x0000000702400000, 0x0000000800000000)
  region size 2048K, 3 young (6144K), 3 survivors (6144K)
 Metaspace       used 8827K, committed 9088K, reserved 1114112K
  class space    used 1117K, committed 1216K, reserved 1048576K
}
Event: 1.061 GC heap before
{Heap before GC invocations=2 (full 0):
 garbage-first heap   total 260096K, used 121887K [0x0000000702400000, 0x0000000800000000)
  region size 2048K, 4 young (8192K), 3 survivors (6144K)
 Metaspace       used 8827K, committed 9088K, reserved 1114112K
  class space    used 1117K, committed 1216K, reserved 1048576K
}
Event: 1.064 GC heap after
{Heap after GC invocations=3 (full 0):
 garbage-first heap   total 260096K, used 122475K [0x0000000702400000, 0x0000000800000000)
  region size 2048K, 3 young (6144K), 3 survivors (6144K)
 Metaspace       used 8827K, committed 9088K, reserved 1114112K
  class space    used 1117K, committed 1216K, reserved 1048576K
}
Event: 1.066 GC heap before
{Heap before GC invocations=3 (full 0):
 garbage-first heap   total 260096K, used 124523K [0x0000000702400000, 0x0000000800000000)
  region size 2048K, 4 young (8192K), 3 survivors (6144K)
 Metaspace       used 8827K, committed 9088K, reserved 1114112K
  class space    used 1117K, committed 1216K, reserved 1048576K
}
Event: 1.069 GC heap after
{Heap after GC invocations=4 (full 0):
 garbage-first heap   total 260096K, used 124657K [0x0000000702400000, 0x0000000800000000)
  region size 2048K, 2 young (4096K), 2 survivors (4096K)
 Metaspace       used 8827K, committed 9088K, reserved 1114112K
  class space    used 1117K, committed 1216K, reserved 1048576K
}
Event: 1.073 GC heap before
{Heap before GC invocations=5 (full 0):
 garbage-first heap   total 260096K, used 126705K [0x0000000702400000, 0x0000000800000000)
  region size 2048K, 3 young (6144K), 2 survivors (4096K)
 Metaspace       used 8827K, committed 9088K, reserved 1114112K
  class space    used 1117K, committed 1216K, reserved 1048576K
}
Event: 1.074 GC heap after
{Heap after GC invocations=6 (full 0):
 garbage-first heap   total 260096K, used 126408K [0x0000000702400000, 0x0000000800000000)
  region size 2048K, 2 young (4096K), 2 survivors (4096K)
 Metaspace       used 8827K, committed 9088K, reserved 1114112K
  class space    used 1117K, committed 1216K, reserved 1048576K
}
Event: 1.082 GC heap before
{Heap before GC invocations=7 (full 0):
 garbage-first heap   total 260096K, used 130504K [0x0000000702400000, 0x0000000800000000)
  region size 2048K, 3 young (6144K), 2 survivors (4096K)
 Metaspace       used 8827K, committed 9088K, reserved 1114112K
  class space    used 1117K, committed 1216K, reserved 1048576K
}
Event: 1.084 GC heap after
{Heap after GC invocations=8 (full 0):
 garbage-first heap   total 260096K, used 130555K [0x0000000702400000, 0x0000000800000000)
  region size 2048K, 2 young (4096K), 2 survivors (4096K)
 Metaspace       used 8827K, committed 9088K, reserved 1114112K
  class space    used 1117K, committed 1216K, reserved 1048576K
}
Event: 1.091 GC heap before
{Heap before GC invocations=9 (full 0):
 garbage-first heap   total 260096K, used 134651K [0x0000000702400000, 0x0000000800000000)
  region size 2048K, 3 young (6144K), 2 survivors (4096K)
 Metaspace       used 8827K, committed 9088K, reserved 1114112K
  class space    used 1117K, committed 1216K, reserved 1048576K
}
Event: 1.093 GC heap after
{Heap after GC invocations=10 (full 0):
 garbage-first heap   total 520192K, used 134687K [0x0000000702400000, 0x0000000800000000)
  region size 2048K, 2 young (4096K), 2 survivors (4096K)
 Metaspace       used 8827K, committed 9088K, reserved 1114112K
  class space    used 1117K, committed 1216K, reserved 1048576K
}
Event: 1.349 GC heap before
{Heap before GC invocations=10 (full 0):
 garbage-first heap   total 520192K, used 253471K [0x0000000702400000, 0x0000000800000000)
  region size 2048K, 13 young (26624K), 2 survivors (4096K)
 Metaspace       used 8890K, committed 9088K, reserved 1114112K
  class space    used 1131K, committed 1216K, reserved 1048576K
}
Event: 1.351 GC heap after
{Heap after GC invocations=11 (full 0):
 garbage-first heap   total 520192K, used 230970K [0x0000000702400000, 0x0000000800000000)
  region size 2048K, 2 young (4096K), 2 survivors (4096K)
 Metaspace       used 8890K, committed 9088K, reserved 1114112K
  class space    used 1131K, committed 1216K, reserved 1048576K
}
Event: 1.355 GC heap before
{Heap before GC invocations=11 (full 0):
 garbage-first heap   total 520192K, used 235066K [0x0000000702400000, 0x0000000800000000)
  region size 2048K, 3 young (6144K), 2 survivors (4096K)
 Metaspace       used 8890K, committed 9088K, reserved 1114112K
  class space    used 1131K, committed 1216K, reserved 1048576K
}
Event: 1.357 GC heap after
{Heap after GC invocations=12 (full 0):
 garbage-first heap   total 520192K, used 234989K [0x0000000702400000, 0x0000000800000000)
  region size 2048K, 2 young (4096K), 2 survivors (4096K)
 Metaspace       used 8890K, committed 9088K, reserved 1114112K
  class space    used 1131K, committed 1216K, reserved 1048576K
}
Event: 1.360 GC heap before
{Heap before GC invocations=12 (full 0):
 garbage-first heap   total 520192K, used 237037K [0x0000000702400000, 0x0000000800000000)
  region size 2048K, 3 young (6144K), 2 survivors (4096K)
 Metaspace       used 8890K, committed 9088K, reserved 1114112K
  class space    used 1131K, committed 1216K, reserved 1048576K
}
Event: 1.361 GC heap after
{Heap after GC invocations=13 (full 0):
 garbage-first heap   total 520192K, used 237031K [0x0000000702400000, 0x0000000800000000)
  region size 2048K, 2 young (4096K), 2 survivors (4096K)
 Metaspace       used 8890K, committed 9088K, reserved 1114112K
  class space    used 1131K, committed 1216K, reserved 1048576K
}
Event: 1.365 GC heap before
{Heap before GC invocations=14 (full 0):
 garbage-first heap   total 520192K, used 241127K [0x0000000702400000, 0x0000000800000000)
  region size 2048K, 3 young (6144K), 2 survivors (4096K)
 Metaspace       used 8890K, committed 9088K, reserved 1114112K
  class space    used 1131K, committed 1216K, reserved 1048576K
}
Event: 1.367 GC heap after
{Heap after GC invocations=15 (full 0):
 garbage-first heap   total 520192K, used 241167K [0x0000000702400000, 0x0000000800000000)
  region size 2048K, 2 young (4096K), 2 survivors (4096K)
 Metaspace       used 8890K, committed 9088K, reserved 1114112K
  class space    used 1131K, committed 1216K, reserved 1048576K
}
Event: 1.372 GC heap before
{Heap before GC invocations=16 (full 0):
 garbage-first heap   total 520192K, used 245263K [0x0000000702400000, 0x0000000800000000)
  region size 2048K, 3 young (6144K), 2 survivors (4096K)
 Metaspace       used 8890K, committed 9088K, reserved 1114112K
  class space    used 1131K, committed 1216K, reserved 1048576K
}

Deoptimization events (20 events):
Event: 0.970 Thread 0x000001f640a75390 DEOPT PACKING pc=0x000001f6200a1a1b sp=0x000000933fffdd40
Event: 0.970 Thread 0x000001f640a75390 DEOPT UNPACKING pc=0x000001f61f742b43 sp=0x000000933fffd1d0 mode 0
Event: 0.972 Thread 0x000001f640a75390 DEOPT PACKING pc=0x000001f6200a1a1b sp=0x000000933fffdd40
Event: 0.972 Thread 0x000001f640a75390 DEOPT UNPACKING pc=0x000001f61f742b43 sp=0x000000933fffd1d0 mode 0
Event: 0.974 Thread 0x000001f640a75390 DEOPT PACKING pc=0x000001f6200a1a1b sp=0x000000933fffdd40
Event: 0.974 Thread 0x000001f640a75390 DEOPT UNPACKING pc=0x000001f61f742b43 sp=0x000000933fffd1d0 mode 0
Event: 0.976 Thread 0x000001f640a75390 DEOPT PACKING pc=0x000001f6200a1a1b sp=0x000000933fffdd40
Event: 0.976 Thread 0x000001f640a75390 DEOPT UNPACKING pc=0x000001f61f742b43 sp=0x000000933fffd1d0 mode 0
Event: 0.979 Thread 0x000001f640a75390 DEOPT PACKING pc=0x000001f6200a1a1b sp=0x000000933fffdd40
Event: 0.979 Thread 0x000001f640a75390 DEOPT UNPACKING pc=0x000001f61f742b43 sp=0x000000933fffd1d0 mode 0
Event: 0.981 Thread 0x000001f640a75390 DEOPT PACKING pc=0x000001f6200a1a1b sp=0x000000933fffdd40
Event: 0.981 Thread 0x000001f640a75390 DEOPT UNPACKING pc=0x000001f61f742b43 sp=0x000000933fffd1d0 mode 0
Event: 0.983 Thread 0x000001f640a75390 DEOPT PACKING pc=0x000001f6200a1a1b sp=0x000000933fffdd40
Event: 0.983 Thread 0x000001f640a75390 DEOPT UNPACKING pc=0x000001f61f742b43 sp=0x000000933fffd1d0 mode 0
Event: 0.986 Thread 0x000001f640a75390 DEOPT PACKING pc=0x000001f6200a1a1b sp=0x000000933fffdd40
Event: 0.986 Thread 0x000001f640a75390 DEOPT UNPACKING pc=0x000001f61f742b43 sp=0x000000933fffd1d0 mode 0
Event: 0.988 Thread 0x000001f640a75390 DEOPT PACKING pc=0x000001f6200a1a1b sp=0x000000933fffdd40
Event: 0.988 Thread 0x000001f640a75390 DEOPT UNPACKING pc=0x000001f61f742b43 sp=0x000000933fffd1d0 mode 0
Event: 1.347 Thread 0x000001f640a75390 DEOPT PACKING pc=0x000001f6200a5424 sp=0x000000933fffdd00
Event: 1.347 Thread 0x000001f640a75390 DEOPT UNPACKING pc=0x000001f61f742b43 sp=0x000000933fffd1c0 mode 0

Classes loaded (20 events):
Event: 0.723 Loading class java/util/AbstractList$RandomAccessSubList
Event: 0.723 Loading class java/util/AbstractList$SubList
Event: 0.723 Loading class java/util/AbstractList$SubList done
Event: 0.723 Loading class java/util/AbstractList$RandomAccessSubList done
Event: 0.723 Loading class java/util/AbstractList$SubList$1
Event: 0.723 Loading class java/util/AbstractList$SubList$1 done
Event: 0.723 Loading class java/util/AbstractList$ListItr
Event: 0.723 Loading class java/util/AbstractList$ListItr done
Event: 0.749 Loading class java/util/WeakHashMap$Values
Event: 0.749 Loading class java/util/WeakHashMap$Values done
Event: 0.749 Loading class java/util/WeakHashMap$ValueIterator
Event: 0.749 Loading class java/util/WeakHashMap$ValueIterator done
Event: 0.750 Loading class java/lang/CloneNotSupportedException
Event: 0.750 Loading class java/lang/CloneNotSupportedException done
Event: 0.765 Loading class sun/nio/cs/UTF_16BE$Decoder
Event: 0.765 Loading class sun/nio/cs/UnicodeDecoder
Event: 0.766 Loading class sun/nio/cs/UnicodeDecoder done
Event: 0.766 Loading class sun/nio/cs/UTF_16BE$Decoder done
Event: 1.339 Loading class java/lang/invoke/MethodHandle$1
Event: 1.339 Loading class java/lang/invoke/MethodHandle$1 done

Classes unloaded (0 events):
No events

Classes redefined (0 events):
No events

Internal exceptions (20 events):
Event: 0.421 Thread 0x000001f615cedfd0 Exception <a 'java/lang/NoSuchMethodError'{0x000000071134ccb0}: 'java.lang.Object java.lang.invoke.DirectMethodHandle$Holder.newInvokeSpecial(java.lang.Object, java.lang.Object, int, java.lang.Object)'> (0x000000071134ccb0) 
thrown [s\open\src\hotspot\share\interpreter\linkResolver.cpp, line 766]
Event: 0.421 Thread 0x000001f615cedfd0 Exception <a 'java/lang/NoSuchMethodError'{0x0000000711351098}: 'java.lang.Object java.lang.invoke.DirectMethodHandle$Holder.invokeSpecial(java.lang.Object, java.lang.Object, java.lang.Object, int, java.lang.Object)'> (0x0000000711351098) 
thrown [s\open\src\hotspot\share\interpreter\linkResolver.cpp, line 766]
Event: 0.519 Thread 0x000001f640a75390 Exception <a 'java/lang/NoSuchMethodError'{0x00000007111f37e0}: 'void java.lang.invoke.DirectMethodHandle$Holder.invokeStaticInit(java.lang.Object)'> (0x00000007111f37e0) 
thrown [s\open\src\hotspot\share\interpreter\linkResolver.cpp, line 766]
Event: 0.522 Thread 0x000001f615cedfd0 Exception <a 'java/lang/NoSuchMethodError'{0x00000007113d6b38}: 'java.lang.Object java.lang.invoke.DirectMethodHandle$Holder.newInvokeSpecial(java.lang.Object, java.lang.Object, java.lang.Object, java.lang.Object, java.lang.Object, java.lang.Object)'> (0x00000007113d6b38) 
thrown [s\open\src\hotspot\share\interpreter\linkResolver.cpp, line 766]
Event: 0.528 Thread 0x000001f615cedfd0 Exception <a 'java/lang/NoSuchMethodError'{0x0000000710ef7130}: 'java.lang.Object java.lang.invoke.DirectMethodHandle$Holder.newInvokeSpecial(java.lang.Object, java.lang.Object, java.lang.Object, java.lang.Object, java.lang.Object)'> (0x0000000710ef7130) 
thrown [s\open\src\hotspot\share\interpreter\linkResolver.cpp, line 766]
Event: 0.603 Thread 0x000001f640a75390 Exception <a 'java/lang/NoSuchMethodError'{0x0000000711c103a0}: 'java.lang.Object java.lang.invoke.DirectMethodHandle$Holder.invokeStaticInit(java.lang.Object, java.lang.Object, java.lang.Object, java.lang.Object)'> (0x0000000711c103a0) 
thrown [s\open\src\hotspot\share\interpreter\linkResolver.cpp, line 766]
Event: 0.605 Thread 0x000001f640a75390 Exception <a 'java/lang/NullPointerException'{0x0000000711c1c1a0}> (0x0000000711c1c1a0) 
thrown [s\open\src\hotspot\share\interpreter\linkResolver.cpp, line 1357]
Event: 0.637 Thread 0x000001f640a75390 Exception <a 'java/lang/NoSuchMethodError'{0x0000000711a7e0c8}: 'void java.lang.invoke.Invokers$Holder.invokeExact_MT(java.lang.Object, java.lang.Object, java.lang.Object, java.lang.Object)'> (0x0000000711a7e0c8) 
thrown [s\open\src\hotspot\share\interpreter\linkResolver.cpp, line 766]
Event: 0.671 Thread 0x000001f640a75390 Exception <a 'java/lang/NoSuchMethodError'{0x0000000711b9dad8}: 'void java.lang.invoke.DirectMethodHandle$Holder.invokeSpecial(java.lang.Object, java.lang.Object, double)'> (0x0000000711b9dad8) 
thrown [s\open\src\hotspot\share\interpreter\linkResolver.cpp, line 766]
Event: 0.672 Thread 0x000001f640a75390 Exception <a 'java/lang/NoSuchMethodError'{0x0000000711ba95f0}: 'double java.lang.invoke.DelegatingMethodHandle$Holder.reinvoke_L(java.lang.Object, java.lang.Object, int)'> (0x0000000711ba95f0) 
thrown [s\open\src\hotspot\share\interpreter\linkResolver.cpp, line 766]
Event: 0.674 Thread 0x000001f640a75390 Exception <a 'java/lang/NoSuchMethodError'{0x0000000711bbb530}: 'java.lang.Object java.lang.invoke.DirectMethodHandle$Holder.invokeStatic(java.lang.Object, java.lang.Object, java.lang.Object, java.lang.Object, int)'> (0x0000000711bbb530) 
thrown [s\open\src\hotspot\share\interpreter\linkResolver.cpp, line 766]
Event: 0.675 Thread 0x000001f640a75390 Exception <a 'java/lang/NoSuchMethodError'{0x0000000711bc6f30}: 'void java.lang.invoke.DelegatingMethodHandle$Holder.reinvoke_L(java.lang.Object, java.lang.Object, double)'> (0x0000000711bc6f30) 
thrown [s\open\src\hotspot\share\interpreter\linkResolver.cpp, line 766]
Event: 0.679 Thread 0x000001f640a75390 Exception <a 'java/lang/NoSuchMethodError'{0x0000000711bdab08}: 'void java.lang.invoke.DirectMethodHandle$Holder.invokeSpecial(java.lang.Object, java.lang.Object, int)'> (0x0000000711bdab08) 
thrown [s\open\src\hotspot\share\interpreter\linkResolver.cpp, line 766]
Event: 0.680 Thread 0x000001f640a75390 Exception <a 'java/lang/NoSuchMethodError'{0x0000000711bdebd8}: 'int java.lang.invoke.DirectMethodHandle$Holder.invokeSpecial(java.lang.Object, java.lang.Object, java.lang.Object, int)'> (0x0000000711bdebd8) 
thrown [s\open\src\hotspot\share\interpreter\linkResolver.cpp, line 766]
Event: 0.680 Thread 0x000001f640a75390 Exception <a 'java/lang/NoSuchMethodError'{0x0000000711be92c0}: 'void java.lang.invoke.DelegatingMethodHandle$Holder.reinvoke_L(java.lang.Object, java.lang.Object, int)'> (0x0000000711be92c0) 
thrown [s\open\src\hotspot\share\interpreter\linkResolver.cpp, line 766]
Event: 0.681 Thread 0x000001f640a75390 Exception <a 'java/lang/NoSuchMethodError'{0x0000000711becfd0}: 'int java.lang.invoke.DirectMethodHandle$Holder.invokeSpecial(java.lang.Object, java.lang.Object, java.lang.Object)'> (0x0000000711becfd0) 
thrown [s\open\src\hotspot\share\interpreter\linkResolver.cpp, line 766]
Event: 0.691 Thread 0x000001f640a75390 Exception <a 'java/lang/ClassNotFoundException'{0x000000071187deb8}: com/sun/glass/ui/win/themes> (0x000000071187deb8) 
thrown [s\open\src\hotspot\share\prims\jni.cpp, line 535]
Event: 0.692 Thread 0x000001f640a75390 Exception <a 'java/lang/ClassNotFoundException'{0x000000071188a308}: com/sun/glass/ui/win/themes_fr> (0x000000071188a308) 
thrown [s\open\src\hotspot\share\prims\jni.cpp, line 535]
Event: 0.692 Thread 0x000001f640a75390 Exception <a 'java/lang/ClassNotFoundException'{0x00000007118923d0}: com/sun/glass/ui/win/themes_fr_FR> (0x00000007118923d0) 
thrown [s\open\src\hotspot\share\prims\jni.cpp, line 535]
Event: 0.749 Thread 0x000001f640a75390 Exception <a 'java/lang/NoSuchMethodError'{0x00000007115c2058}: 'void java.lang.invoke.DirectMethodHandle$Holder.invokeStaticInit(java.lang.Object, java.lang.Object)'> (0x00000007115c2058) 
thrown [s\open\src\hotspot\share\interpreter\linkResolver.cpp, line 766]

VM Operations (20 events):
Event: 1.088 Executing VM operation: G1Concurrent done
Event: 1.090 Executing VM operation: G1TryInitiateConcMark
Event: 1.093 Executing VM operation: G1TryInitiateConcMark done
Event: 1.349 Executing VM operation: G1TryInitiateConcMark
Event: 1.351 Executing VM operation: G1TryInitiateConcMark done
Event: 1.355 Executing VM operation: G1TryInitiateConcMark
Event: 1.357 Executing VM operation: G1TryInitiateConcMark done
Event: 1.360 Executing VM operation: G1TryInitiateConcMark
Event: 1.361 Executing VM operation: G1TryInitiateConcMark done
Event: 1.363 Executing VM operation: G1Concurrent
Event: 1.364 Executing VM operation: G1Concurrent done
Event: 1.364 Executing VM operation: G1Concurrent
Event: 1.364 Executing VM operation: G1Concurrent done
Event: 1.365 Executing VM operation: G1TryInitiateConcMark
Event: 1.367 Executing VM operation: G1TryInitiateConcMark done
Event: 1.369 Executing VM operation: G1Concurrent
Event: 1.369 Executing VM operation: G1Concurrent done
Event: 1.370 Executing VM operation: G1Concurrent
Event: 1.370 Executing VM operation: G1Concurrent done
Event: 1.371 Executing VM operation: G1TryInitiateConcMark

Events (20 events):
Event: 0.313 Loaded shared library C:\Users\Naruto'Store B28\.openjfx\cache\21.0.2+5\amd64\vcruntime140.dll
Event: 0.316 Loaded shared library C:\Users\Naruto'Store B28\.openjfx\cache\21.0.2+5\amd64\vcruntime140_1.dll
Event: 0.322 Loaded shared library C:\Users\Naruto'Store B28\.openjfx\cache\21.0.2+5\amd64\msvcp140.dll
Event: 0.324 Loaded shared library C:\Users\Naruto'Store B28\.openjfx\cache\21.0.2+5\amd64\msvcp140_1.dll
Event: 0.328 Loaded shared library C:\Users\Naruto'Store B28\.openjfx\cache\21.0.2+5\amd64\msvcp140_2.dll
Event: 0.349 Thread 0x000001f63fa254b0 Thread exited: 0x000001f63fa254b0
Event: 0.349 Thread 0x000001f63fa24fb0 Thread exited: 0x000001f63fa24fb0
Event: 0.351 Thread 0x000001f63fdff860 Thread added: 0x000001f63fdff860
Event: 0.358 Loaded shared library C:\Users\Naruto'Store B28\.openjfx\cache\21.0.2+5\amd64\prism_d3d.dll
Event: 0.418 Loaded shared library C:\Users\Naruto'Store B28\.openjfx\cache\21.0.2+5\amd64\glass.dll
Event: 0.419 Thread 0x000001f640a447a0 Thread added: 0x000001f640a447a0
Event: 0.422 Thread 0x000001f640a75390 Thread added: 0x000001f640a75390
Event: 0.505 Thread 0x000001f63f932580 Thread exited: 0x000001f63f932580
Event: 0.505 Thread 0x000001f63f931c70 Thread exited: 0x000001f63f931c70
Event: 0.529 Thread 0x000001f640eb7790 Thread added: 0x000001f640eb7790
Event: 0.540 Thread 0x000001f640ea3c70 Thread added: 0x000001f640ea3c70
Event: 0.551 Loaded shared library C:\Program Files\Java\jdk-18.0.1.1\bin\jimage.dll
Event: 0.708 Loaded shared library C:\Users\Naruto'Store B28\.openjfx\cache\21.0.2+5\amd64\javafx_font.dll
Event: 0.725 Thread 0x000001f640fea570 Thread added: 0x000001f640fea570
Event: 1.150 Thread 0x000001f640fea570 Thread exited: 0x000001f640fea570


Dynamic libraries:
0x00007ff64a4b0000 - 0x00007ff64a4c0000 	C:\Program Files\Java\jdk-18.0.1.1\bin\java.exe
0x00007ffa48f90000 - 0x00007ffa491a7000 	C:\WINDOWS\SYSTEM32\ntdll.dll
0x00007ffa48140000 - 0x00007ffa48204000 	C:\WINDOWS\System32\KERNEL32.DLL
0x00007ffa464a0000 - 0x00007ffa46846000 	C:\WINDOWS\System32\KERNELBASE.dll
0x00007ffa46b00000 - 0x00007ffa46c11000 	C:\WINDOWS\System32\ucrtbase.dll
0x00007ffa0e6e0000 - 0x00007ffa0e6f8000 	C:\Program Files\Java\jdk-18.0.1.1\bin\jli.dll
0x00007ffa0e700000 - 0x00007ffa0e71a000 	C:\Program Files\Java\jdk-18.0.1.1\bin\VCRUNTIME140.dll
0x00007ffa486c0000 - 0x00007ffa48773000 	C:\WINDOWS\System32\ADVAPI32.dll
0x00007ffa48920000 - 0x00007ffa489c7000 	C:\WINDOWS\System32\msvcrt.dll
0x00007ffa485b0000 - 0x00007ffa48658000 	C:\WINDOWS\System32\sechost.dll
0x00007ffa463f0000 - 0x00007ffa46418000 	C:\WINDOWS\System32\bcrypt.dll
0x00007ffa48800000 - 0x00007ffa48917000 	C:\WINDOWS\System32\RPCRT4.dll
0x00007ffa48210000 - 0x00007ffa483be000 	C:\WINDOWS\System32\USER32.dll
0x00007ffa39ff0000 - 0x00007ffa3a283000 	C:\WINDOWS\WinSxS\amd64_microsoft.windows.common-controls_6595b64144ccf1df_6.0.22621.2506_none_270c5ae97388e100\COMCTL32.dll
0x00007ffa46ad0000 - 0x00007ffa46af6000 	C:\WINDOWS\System32\win32u.dll
0x00007ffa46de0000 - 0x00007ffa46e09000 	C:\WINDOWS\System32\GDI32.dll
0x00007ffa462d0000 - 0x00007ffa463e8000 	C:\WINDOWS\System32\gdi32full.dll
0x00007ffa468c0000 - 0x00007ffa4695a000 	C:\WINDOWS\System32\msvcp_win.dll
0x00007ffa3e050000 - 0x00007ffa3e05a000 	C:\WINDOWS\SYSTEM32\VERSION.dll
0x00007ffa48560000 - 0x00007ffa48591000 	C:\WINDOWS\System32\IMM32.DLL
0x00007ffa34820000 - 0x00007ffa3482c000 	C:\Program Files\Java\jdk-18.0.1.1\bin\vcruntime140_1.dll
0x00007ffa0e650000 - 0x00007ffa0e6dd000 	C:\Program Files\Java\jdk-18.0.1.1\bin\msvcp140.dll
0x00007ff9ce240000 - 0x00007ff9cee50000 	C:\Program Files\Java\jdk-18.0.1.1\bin\server\jvm.dll
0x00007ffa485a0000 - 0x00007ffa485a8000 	C:\WINDOWS\System32\PSAPI.DLL
0x00007ffa25a00000 - 0x00007ffa25a09000 	C:\WINDOWS\SYSTEM32\WSOCK32.dll
0x00007ffa3f370000 - 0x00007ffa3f3a4000 	C:\WINDOWS\SYSTEM32\WINMM.dll
0x00007ffa489d0000 - 0x00007ffa48a41000 	C:\WINDOWS\System32\WS2_32.dll
0x00007ffa453c0000 - 0x00007ffa453d8000 	C:\WINDOWS\SYSTEM32\kernel.appcore.dll
0x00007ffa34280000 - 0x00007ffa3428a000 	C:\Program Files\Java\jdk-18.0.1.1\bin\jimage.dll
0x00007ffa43e50000 - 0x00007ffa44083000 	C:\WINDOWS\SYSTEM32\DBGHELP.DLL
0x00007ffa48b90000 - 0x00007ffa48f19000 	C:\WINDOWS\System32\combase.dll
0x00007ffa46e70000 - 0x00007ffa46f47000 	C:\WINDOWS\System32\OLEAUT32.dll
0x00007ffa2c6d0000 - 0x00007ffa2c702000 	C:\WINDOWS\SYSTEM32\dbgcore.DLL
0x00007ffa46420000 - 0x00007ffa4649a000 	C:\WINDOWS\System32\bcryptPrimitives.dll
0x00007ffa0e620000 - 0x00007ffa0e645000 	C:\Program Files\Java\jdk-18.0.1.1\bin\java.dll
0x00007ffa0e540000 - 0x00007ffa0e616000 	C:\Program Files\Java\jdk-18.0.1.1\bin\jsvml.dll
0x00007ffa47450000 - 0x00007ffa47cab000 	C:\WINDOWS\System32\SHELL32.dll
0x00007ffa441f0000 - 0x00007ffa44ae6000 	C:\WINDOWS\SYSTEM32\windows.storage.dll
0x00007ffa440b0000 - 0x00007ffa441ee000 	C:\WINDOWS\SYSTEM32\wintypes.dll
0x00007ffa46ce0000 - 0x00007ffa46dd3000 	C:\WINDOWS\System32\SHCORE.dll
0x00007ffa46e10000 - 0x00007ffa46e6e000 	C:\WINDOWS\System32\shlwapi.dll
0x00007ffa46200000 - 0x00007ffa46226000 	C:\WINDOWS\SYSTEM32\profapi.dll
0x00007ffa0e520000 - 0x00007ffa0e533000 	C:\Program Files\Java\jdk-18.0.1.1\bin\net.dll
0x00007ffa40650000 - 0x00007ffa40787000 	C:\WINDOWS\SYSTEM32\WINHTTP.dll
0x00007ffa45830000 - 0x00007ffa45899000 	C:\WINDOWS\system32\mswsock.dll
0x00007ffa0e500000 - 0x00007ffa0e516000 	C:\Program Files\Java\jdk-18.0.1.1\bin\nio.dll
0x00007ffa0e4e0000 - 0x00007ffa0e4f8000 	C:\Program Files\Java\jdk-18.0.1.1\bin\zip.dll
0x000001f617d30000 - 0x000001f617d33000 	C:\Users\Naruto'Store B28\.openjfx\cache\21.0.2+5\amd64\api-ms-win-core-console-l1-1-0.dll
0x000001f617d40000 - 0x000001f617d43000 	C:\Users\Naruto'Store B28\.openjfx\cache\21.0.2+5\amd64\api-ms-win-core-console-l1-2-0.dll
0x000001f617d50000 - 0x000001f617d53000 	C:\Users\Naruto'Store B28\.openjfx\cache\21.0.2+5\amd64\api-ms-win-core-datetime-l1-1-0.dll
0x000001f617d60000 - 0x000001f617d63000 	C:\Users\Naruto'Store B28\.openjfx\cache\21.0.2+5\amd64\api-ms-win-core-debug-l1-1-0.dll
0x000001f617d70000 - 0x000001f617d73000 	C:\Users\Naruto'Store B28\.openjfx\cache\21.0.2+5\amd64\api-ms-win-core-errorhandling-l1-1-0.dll
0x000001f63b7f0000 - 0x000001f63b7f4000 	C:\Users\Naruto'Store B28\.openjfx\cache\21.0.2+5\amd64\api-ms-win-core-file-l1-1-0.dll
0x000001f640400000 - 0x000001f640403000 	C:\Users\Naruto'Store B28\.openjfx\cache\21.0.2+5\amd64\api-ms-win-core-file-l1-2-0.dll
0x000001f640410000 - 0x000001f640413000 	C:\Users\Naruto'Store B28\.openjfx\cache\21.0.2+5\amd64\api-ms-win-core-file-l2-1-0.dll
0x000001f640420000 - 0x000001f640423000 	C:\Users\Naruto'Store B28\.openjfx\cache\21.0.2+5\amd64\api-ms-win-core-handle-l1-1-0.dll
0x000001f640430000 - 0x000001f640433000 	C:\Users\Naruto'Store B28\.openjfx\cache\21.0.2+5\amd64\api-ms-win-core-heap-l1-1-0.dll
0x000001f640440000 - 0x000001f640443000 	C:\Users\Naruto'Store B28\.openjfx\cache\21.0.2+5\amd64\api-ms-win-core-interlocked-l1-1-0.dll
0x000001f640450000 - 0x000001f640453000 	C:\Users\Naruto'Store B28\.openjfx\cache\21.0.2+5\amd64\api-ms-win-core-libraryloader-l1-1-0.dll
0x000001f640460000 - 0x000001f640463000 	C:\Users\Naruto'Store B28\.openjfx\cache\21.0.2+5\amd64\api-ms-win-core-localization-l1-2-0.dll
0x000001f640470000 - 0x000001f640473000 	C:\Users\Naruto'Store B28\.openjfx\cache\21.0.2+5\amd64\api-ms-win-core-memory-l1-1-0.dll
0x000001f640480000 - 0x000001f640483000 	C:\Users\Naruto'Store B28\.openjfx\cache\21.0.2+5\amd64\api-ms-win-core-namedpipe-l1-1-0.dll
0x000001f640490000 - 0x000001f640493000 	C:\Users\Naruto'Store B28\.openjfx\cache\21.0.2+5\amd64\api-ms-win-core-processenvironment-l1-1-0.dll
0x000001f6404a0000 - 0x000001f6404a3000 	C:\Users\Naruto'Store B28\.openjfx\cache\21.0.2+5\amd64\api-ms-win-core-processthreads-l1-1-0.dll
0x000001f6404b0000 - 0x000001f6404b3000 	C:\Users\Naruto'Store B28\.openjfx\cache\21.0.2+5\amd64\api-ms-win-core-processthreads-l1-1-1.dll
0x000001f6404c0000 - 0x000001f6404c3000 	C:\Users\Naruto'Store B28\.openjfx\cache\21.0.2+5\amd64\api-ms-win-core-profile-l1-1-0.dll
0x000001f6404d0000 - 0x000001f6404d3000 	C:\Users\Naruto'Store B28\.openjfx\cache\21.0.2+5\amd64\api-ms-win-core-rtlsupport-l1-1-0.dll
0x000001f6404e0000 - 0x000001f6404e3000 	C:\Users\Naruto'Store B28\.openjfx\cache\21.0.2+5\amd64\api-ms-win-core-string-l1-1-0.dll
0x000001f6404f0000 - 0x000001f6404f3000 	C:\Users\Naruto'Store B28\.openjfx\cache\21.0.2+5\amd64\api-ms-win-core-synch-l1-1-0.dll
0x000001f640500000 - 0x000001f640503000 	C:\Users\Naruto'Store B28\.openjfx\cache\21.0.2+5\amd64\api-ms-win-core-synch-l1-2-0.dll
0x000001f640510000 - 0x000001f640513000 	C:\Users\Naruto'Store B28\.openjfx\cache\21.0.2+5\amd64\api-ms-win-core-sysinfo-l1-1-0.dll
0x000001f640520000 - 0x000001f640523000 	C:\Users\Naruto'Store B28\.openjfx\cache\21.0.2+5\amd64\api-ms-win-core-timezone-l1-1-0.dll
0x000001f640530000 - 0x000001f640533000 	C:\Users\Naruto'Store B28\.openjfx\cache\21.0.2+5\amd64\api-ms-win-core-util-l1-1-0.dll
0x000001f640540000 - 0x000001f640543000 	C:\Users\Naruto'Store B28\.openjfx\cache\21.0.2+5\amd64\api-ms-win-crt-conio-l1-1-0.dll
0x000001f640550000 - 0x000001f640554000 	C:\Users\Naruto'Store B28\.openjfx\cache\21.0.2+5\amd64\api-ms-win-crt-convert-l1-1-0.dll
0x000001f640560000 - 0x000001f640563000 	C:\Users\Naruto'Store B28\.openjfx\cache\21.0.2+5\amd64\api-ms-win-crt-environment-l1-1-0.dll
0x000001f640570000 - 0x000001f640573000 	C:\Users\Naruto'Store B28\.openjfx\cache\21.0.2+5\amd64\api-ms-win-crt-filesystem-l1-1-0.dll
0x000001f640580000 - 0x000001f640583000 	C:\Users\Naruto'Store B28\.openjfx\cache\21.0.2+5\amd64\api-ms-win-crt-heap-l1-1-0.dll
0x000001f640590000 - 0x000001f640593000 	C:\Users\Naruto'Store B28\.openjfx\cache\21.0.2+5\amd64\api-ms-win-crt-locale-l1-1-0.dll
0x000001f6405a0000 - 0x000001f6405a5000 	C:\Users\Naruto'Store B28\.openjfx\cache\21.0.2+5\amd64\api-ms-win-crt-math-l1-1-0.dll
0x000001f6405b0000 - 0x000001f6405b5000 	C:\Users\Naruto'Store B28\.openjfx\cache\21.0.2+5\amd64\api-ms-win-crt-multibyte-l1-1-0.dll
0x000001f6405c0000 - 0x000001f6405d0000 	C:\Users\Naruto'Store B28\.openjfx\cache\21.0.2+5\amd64\api-ms-win-crt-private-l1-1-0.dll
0x000001f6405d0000 - 0x000001f6405d3000 	C:\Users\Naruto'Store B28\.openjfx\cache\21.0.2+5\amd64\api-ms-win-crt-process-l1-1-0.dll
0x000001f6405e0000 - 0x000001f6405e4000 	C:\Users\Naruto'Store B28\.openjfx\cache\21.0.2+5\amd64\api-ms-win-crt-runtime-l1-1-0.dll
0x000001f6405f0000 - 0x000001f6405f4000 	C:\Users\Naruto'Store B28\.openjfx\cache\21.0.2+5\amd64\api-ms-win-crt-stdio-l1-1-0.dll
0x000001f640600000 - 0x000001f640604000 	C:\Users\Naruto'Store B28\.openjfx\cache\21.0.2+5\amd64\api-ms-win-crt-string-l1-1-0.dll
0x000001f640610000 - 0x000001f640613000 	C:\Users\Naruto'Store B28\.openjfx\cache\21.0.2+5\amd64\api-ms-win-crt-time-l1-1-0.dll
0x000001f640620000 - 0x000001f640623000 	C:\Users\Naruto'Store B28\.openjfx\cache\21.0.2+5\amd64\api-ms-win-crt-utility-l1-1-0.dll
0x00007ffa0e770000 - 0x00007ffa0e86c000 	C:\Users\Naruto'Store B28\.openjfx\cache\21.0.2+5\amd64\ucrtbase.dll
0x00007ffa3a7c0000 - 0x00007ffa3a7db000 	C:\Users\Naruto'Store B28\.openjfx\cache\21.0.2+5\amd64\vcruntime140.dll
0x00007ffa3a840000 - 0x00007ffa3a84c000 	C:\Users\Naruto'Store B28\.openjfx\cache\21.0.2+5\amd64\vcruntime140_1.dll
0x00007ffa0cb60000 - 0x00007ffa0cbee000 	C:\Users\Naruto'Store B28\.openjfx\cache\21.0.2+5\amd64\msvcp140.dll
0x00007ffa39680000 - 0x00007ffa39689000 	C:\Users\Naruto'Store B28\.openjfx\cache\21.0.2+5\amd64\msvcp140_1.dll
0x00007ffa164e0000 - 0x00007ffa16521000 	C:\Users\Naruto'Store B28\.openjfx\cache\21.0.2+5\amd64\msvcp140_2.dll
0x00007ffa39540000 - 0x00007ffa39570000 	C:\Users\Naruto'Store B28\.openjfx\cache\21.0.2+5\amd64\prism_d3d.dll
0x00007ffa12270000 - 0x00007ffa12419000 	C:\WINDOWS\system32\d3d9.dll
0x00007ffa43630000 - 0x00007ffa4365b000 	C:\WINDOWS\SYSTEM32\dwmapi.dll
0x00007ffa436a0000 - 0x00007ffa436d9000 	C:\WINDOWS\SYSTEM32\dxcore.dll
0x00007ffa433f0000 - 0x00007ffa4349b000 	C:\WINDOWS\system32\uxtheme.dll
0x00007ffa3bea0000 - 0x00007ffa3bf5c000 	C:\WINDOWS\System32\DriverStore\FileRepository\nvlti.inf_amd64_6ff1713c80bf5424\nvldumdx.dll
0x00007ffa45bd0000 - 0x00007ffa45be2000 	C:\WINDOWS\SYSTEM32\msasn1.dll
0x00007ffa3dfa0000 - 0x00007ffa3dfd2000 	C:\WINDOWS\SYSTEM32\cryptnet.dll
0x00007ffa46960000 - 0x00007ffa46ac6000 	C:\WINDOWS\System32\CRYPT32.dll
0x00007ffa3de20000 - 0x00007ffa3df78000 	C:\WINDOWS\SYSTEM32\drvstore.dll
0x00007ffa45f90000 - 0x00007ffa45fbc000 	C:\WINDOWS\SYSTEM32\devobj.dll
0x00007ffa45fc0000 - 0x00007ffa4600e000 	C:\WINDOWS\SYSTEM32\cfgmgr32.dll
0x00007ffa45ab0000 - 0x00007ffa45afb000 	C:\WINDOWS\SYSTEM32\wldp.dll
0x00007ffa45b60000 - 0x00007ffa45b6c000 	C:\WINDOWS\SYSTEM32\cryptbase.dll
0x00007ffa46850000 - 0x00007ffa468bb000 	C:\WINDOWS\System32\wintrust.dll
0x00007ffa47430000 - 0x00007ffa4744f000 	C:\WINDOWS\System32\imagehlp.dll
0x00007ffa45b80000 - 0x00007ffa45b9b000 	C:\WINDOWS\SYSTEM32\CRYPTSP.dll
0x00007ffa45320000 - 0x00007ffa45355000 	C:\WINDOWS\system32\rsaenh.dll
0x00007ffa36b70000 - 0x00007ffa38d5e000 	C:\WINDOWS\System32\DriverStore\FileRepository\nvlti.inf_amd64_6ff1713c80bf5424\nvgpucomp64.dll
0x00007ff9cb870000 - 0x00007ff9ce235000 	C:\WINDOWS\System32\DriverStore\FileRepository\nvlti.inf_amd64_6ff1713c80bf5424\nvd3dumx.dll
0x00007ffa3fa00000 - 0x00007ffa3fa4a000 	C:\WINDOWS\SYSTEM32\directxdatabasehelper.dll
0x00007ffa15740000 - 0x00007ffa15782000 	C:\Users\Naruto'Store B28\.openjfx\cache\21.0.2+5\amd64\glass.dll
0x00007ffa46f50000 - 0x00007ffa47049000 	C:\WINDOWS\System32\COMDLG32.dll
0x00007ffa483c0000 - 0x00007ffa48560000 	C:\WINDOWS\System32\ole32.dll
0x00007ffa47050000 - 0x00007ffa471a1000 	C:\WINDOWS\System32\MSCTF.dll
0x00007ff9eb1a0000 - 0x00007ff9eb471000 	C:\WINDOWS\system32\nvspcap64.dll
0x00007ffa453e0000 - 0x00007ffa45414000 	C:\WINDOWS\SYSTEM32\ntmarta.dll
0x00007ffa458a0000 - 0x00007ffa458c6000 	C:\WINDOWS\SYSTEM32\gpapi.dll
0x00007ffa39660000 - 0x00007ffa39674000 	C:\Users\Naruto'Store B28\.openjfx\cache\21.0.2+5\amd64\javafx_font.dll
0x00007ffa41b30000 - 0x00007ffa41da4000 	C:\WINDOWS\SYSTEM32\dwrite.dll

dbghelp: loaded successfully - version: 4.0.5 - missing functions: none
symbol engine: initialized successfully - sym options: 0x614 - pdb path: .;C:\Program Files\Java\jdk-18.0.1.1\bin;C:\WINDOWS\SYSTEM32;C:\WINDOWS\WinSxS\amd64_microsoft.windows.common-controls_6595b64144ccf1df_6.0.22621.2506_none_270c5ae97388e100;C:\Program Files\Java\jdk-18.0.1.1\bin\server;C:\Users\Naruto'Store B28\.openjfx\cache\21.0.2+5\amd64;C:\WINDOWS\System32\DriverStore\FileRepository\nvlti.inf_amd64_6ff1713c80bf5424

VM Arguments:
jvm_args: --module-path=C:\Users\Naruto'Store B28\.m2\repository\org\openjfx\javafx-base\21.0.2\javafx-base-21.0.2-win.jar;C:\Users\Naruto'Store B28\.m2\repository\org\openjfx\javafx-base\21.0.2\javafx-base-21.0.2.jar;C:\Users\Naruto'Store B28\.m2\repository\org\openjfx\javafx-controls\21.0.2\javafx-controls-21.0.2-win.jar;C:\Users\Naruto'Store B28\.m2\repository\org\openjfx\javafx-controls\21.0.2\javafx-controls-21.0.2.jar;C:\Users\Naruto'Store B28\.m2\repository\org\openjfx\javafx-fxml\21.0.2\javafx-fxml-21.0.2-win.jar;C:\Users\Naruto'Store B28\.m2\repository\org\openjfx\javafx-fxml\21.0.2\javafx-fxml-21.0.2.jar;C:\Users\Naruto'Store B28\.m2\repository\org\openjfx\javafx-graphics\21.0.2\javafx-graphics-21.0.2-win.jar;C:\Users\Naruto'Store B28\.m2\repository\org\openjfx\javafx-graphics\21.0.2\javafx-graphics-21.0.2.jar --add-modules=javafx.base,javafx.controls,javafx.fxml,javafx.graphics 
java_command: tests.com.esprit.MainProgGUI
java_class_path (initial): E:\Pidev\nebgha\target\classes;C:\Users\Naruto'Store B28\.m2\repository\com\google\protobuf\protobuf-java\3.21.9\protobuf-java-3.21.9.jar;C:\Users\Naruto'Store B28\.m2\repository\com\mysql\mysql-connector-j\8.0.33\mysql-connector-j-8.0.33.jar
Launcher Type: SUN_STANDARD

[Global flags]
     intx CICompilerCount                          = 12                                        {product} {ergonomic}
     uint ConcGCThreads                            = 3                                         {product} {ergonomic}
     uint G1ConcRefinementThreads                  = 13                                        {product} {ergonomic}
   size_t G1HeapRegionSize                         = 2097152                                   {product} {ergonomic}
    uintx GCDrainStackTargetSize                   = 64                                        {product} {ergonomic}
   size_t InitialHeapSize                          = 266338304                                 {product} {ergonomic}
   size_t MarkStackSize                            = 4194304                                   {product} {ergonomic}
   size_t MaxHeapSize                              = 4257218560                                {product} {ergonomic}
   size_t MaxNewSize                               = 2554331136                                {product} {ergonomic}
   size_t MinHeapDeltaBytes                        = 2097152                                   {product} {ergonomic}
   size_t MinHeapSize                              = 8388608                                   {product} {ergonomic}
    uintx NonNMethodCodeHeapSize                   = 7602480                                {pd product} {ergonomic}
    uintx NonProfiledCodeHeapSize                  = 122027880                              {pd product} {ergonomic}
    uintx ProfiledCodeHeapSize                     = 122027880                              {pd product} {ergonomic}
    uintx ReservedCodeCacheSize                    = 251658240                              {pd product} {ergonomic}
     bool SegmentedCodeCache                       = true                                      {product} {ergonomic}
   size_t SoftMaxHeapSize                          = 4257218560                             {manageable} {ergonomic}
     bool UseCompressedClassPointers               = true                           {product lp64_product} {ergonomic}
     bool UseCompressedOops                        = true                           {product lp64_product} {ergonomic}
     bool UseG1GC                                  = true                                      {product} {ergonomic}
     bool UseLargePagesIndividualAllocation        = false                                  {pd product} {ergonomic}

Logging:
Log output configuration:
 #0: stdout all=warning uptime,level,tags foldmultilines=false
 #1: stderr all=off uptime,level,tags foldmultilines=false

Environment Variables:
PATH=C:\oraclexe\app\oracle\product\10.2.0\server\bin;D:\oracle\dbhomeXE\bin;D:\sql\dbhomeXE\bin;C:\Python311\Scripts\;C:\Python311\;C:\Program Files\Common Files\Oracle\Java\javapath;C:\Windows\system32;C:\Windows;C:\Windows\System32\Wbem;C:\Windows\System32\WindowsPowerShell\v1.0\;C:\Windows\System32\OpenSSH\;C:\Program Files\NVIDIA Corporation\NVIDIA NvDLISR;C:\Program Files (x86)\NVIDIA Corporation\PhysX\Common;C:\Program Files\Microsoft SQL Server\150\Tools\Binn\;C:\Program Files\Java\jdk-18.0.1.1\bin;C:\WINDOWS\system32;C:\WINDOWS;C:\WINDOWS\System32\Wbem;C:\WINDOWS\System32\WindowsPowerShell\v1.0\;C:\WINDOWS\System32\OpenSSH\;C:\ProgramData\chocolatey\bin;C:\Program Files\nodejs\;C:\wamp64\bin\php\php5.6.40;C:\wamp64;C:\ProgramData\ComposerSetup\bin;E:\Git\cmd;C:\Users\Naruto'Store B28\scoop\shims;C:\Users\Naruto'Store B28\AppData\Local\Microsoft\WindowsApps;C:\Users\Naruto'Store B28\AppData\Local\Programs\Microsoft VS Code\bin;C:\Program Files\JetBrains\PyCharm 2022.1.1\bin;;C:\Users\Naruto'Store B28\AppData\Local\Programs\MiKTeX\miktex\bin\x64\;C:\Users\Naruto'Store B28\AppData\Roaming\npm;C:\Users\Naruto'Store B28\AppData\Local\Android\Sdk\platform-tools;C:\Users\Naruto'Store B28\AppData\Local\JetBrains\WebStorm 2022.2.3\bin;;C:\Users\Naruto'Store B28\AppData\Roaming\Composer\vendor\bin;C:\Src\flutter\bin;C:\Program Files\JetBrains\IntelliJ IDEA 2023.2.2\bin;;C:\xampp\php;C:\Users\Naruto'Store B28\AppData\Local\GitHubDesktop\bin;C:\ProgramData\Naruto'Store B28\GitHubDesktop\bin
USERNAME=Naruto'Store B28
OS=Windows_NT
PROCESSOR_IDENTIFIER=AMD64 Family 25 Model 80 Stepping 0, AuthenticAMD



---------------  S Y S T E M  ---------------

OS:
 Windows 11 , 64 bit Build 22621 (10.0.22621.3085)
OS uptime: 5 days 21:55 hours
Hyper-V role detected

CPU: total 16 (initial active 16) (16 cores per cpu, 2 threads per core) family 25 model 80 stepping 0 microcode 0x0, cx8, cmov, fxsr, ht, mmx, 3dnowpref, sse, sse2, sse3, ssse3, sse4a, sse4.1, sse4.2, popcnt, lzcnt, tsc, tscinvbit, avx, avx2, aes, erms, clmul, bmi1, bmi2, adx, sha, fma, vzeroupper, clflush, clflushopt, hv

Memory: 4k page, system-wide physical 16236M (3646M free)
TotalPageFile size 24023M (AvailPageFile size 402M)
current process WorkingSet (physical memory assigned to process): 334M, peak: 334M
current process commit charge ("private bytes"): 672M, peak: 1416M

vm_info: Java HotSpot(TM) 64-Bit Server VM (18.0.1.1+2-6) for windows-amd64 JRE (18.0.1.1+2-6), built on Apr 25 2022 21:53:15 by "mach5one" with MS VC++ 16.8 / 16.9 (VS2019)

END.
