#
# There is insufficient memory for the Java Runtime Environment to continue.
# Native memory allocation (mmap) failed to map 880803840 bytes for G1 virtual space
# Possible reasons:
#   The system is out of physical RAM or swap space
#   The process is running with CompressedOops enabled, and the Java Heap may be blocking the growth of the native heap
# Possible solutions:
#   Reduce memory load on the system
#   Increase physical memory or swap space
#   Check if swap backing store is full
#   Decrease Java heap size (-Xmx/-Xms)
#   Decrease number of Java threads
#   Decrease Java thread stack sizes (-Xss)
#   Set larger code cache with -XX:ReservedCodeCacheSize=
#   JVM is running with Zero Based Compressed Oops mode in which the Java heap is
#     placed in the first 32GB address space. The Java Heap base address is the
#     maximum limit for the native heap growth. Please use -XX:HeapBaseMinAddress
#     to set the Java Heap base and to place the Java Heap above 32GB virtual address.
# This output file may be truncated or incomplete.
#
#  Out of Memory Error (os_windows.cpp:3530), pid=7840, tid=18872
#
# JRE version: Java(TM) SE Runtime Environment (18.0.1.1+2) (build 18.0.1.1+2-6)
# Java VM: Java HotSpot(TM) 64-Bit Server VM (18.0.1.1+2-6, mixed mode, sharing, tiered, compressed oops, compressed class ptrs, g1 gc, windows-amd64)
# No core dump will be written. Minidumps are not enabled by default on client versions of Windows
#

---------------  S U M M A R Y ------------

Command Line: --module-path=C:\Users\Naruto'Store B28\.m2\repository\org\openjfx\javafx-base\21.0.2\javafx-base-21.0.2-win.jar;C:\Users\Naruto'Store B28\.m2\repository\org\openjfx\javafx-base\21.0.2\javafx-base-21.0.2.jar;C:\Users\Naruto'Store B28\.m2\repository\org\openjfx\javafx-controls\21.0.2\javafx-controls-21.0.2-win.jar;C:\Users\Naruto'Store B28\.m2\repository\org\openjfx\javafx-controls\21.0.2\javafx-controls-21.0.2.jar;C:\Users\Naruto'Store B28\.m2\repository\org\openjfx\javafx-fxml\21.0.2\javafx-fxml-21.0.2-win.jar;C:\Users\Naruto'Store B28\.m2\repository\org\openjfx\javafx-fxml\21.0.2\javafx-fxml-21.0.2.jar;C:\Users\Naruto'Store B28\.m2\repository\org\openjfx\javafx-graphics\21.0.2\javafx-graphics-21.0.2-win.jar;C:\Users\Naruto'Store B28\.m2\repository\org\openjfx\javafx-graphics\21.0.2\javafx-graphics-21.0.2.jar --add-modules=javafx.base,javafx.controls,javafx.fxml,javafx.graphics tests.com.esprit.MainProgGUI

Host: AMD Ryzen 7 5800H with Radeon Graphics         , 16 cores, 15G,  Windows 11 , 64 bit Build 22621 (10.0.22621.3085)
Time: Mon Feb 26 15:05:35 2024 Paris, Madrid elapsed time: 1.317276 seconds (0d 0h 0m 1s)

---------------  T H R E A D  ---------------

Current thread (0x00000288fe45d430):  VMThread "VM Thread" [stack: 0x000000f99e400000,0x000000f99e500000] [id=18872]

Stack: [0x000000f99e400000,0x000000f99e500000]
Native frames: (J=compiled Java code, j=interpreted, Vv=VM code, C=native code)
V  [jvm.dll+0x69887a]
V  [jvm.dll+0x7f38bd]
V  [jvm.dll+0x7f51ce]
V  [jvm.dll+0x7f5883]
V  [jvm.dll+0x25ca3f]
V  [jvm.dll+0x6957c9]
V  [jvm.dll+0x68a2fa]
V  [jvm.dll+0x321efb]
V  [jvm.dll+0x3298d6]
V  [jvm.dll+0x37e47e]
V  [jvm.dll+0x37e6af]
V  [jvm.dll+0x2f9c7a]
V  [jvm.dll+0x2f9d27]
V  [jvm.dll+0x33e262]
V  [jvm.dll+0x33c804]
V  [jvm.dll+0x2f9450]
V  [jvm.dll+0x33c0fd]
V  [jvm.dll+0x7fa66b]
V  [jvm.dll+0x7fb404]
V  [jvm.dll+0x7fb93c]
V  [jvm.dll+0x7fbd94]
V  [jvm.dll+0x7fbe57]
V  [jvm.dll+0x7a03ea]
V  [jvm.dll+0x697725]
C  [ucrtbase.dll+0x29363]
C  [KERNEL32.DLL+0x1257d]
C  [ntdll.dll+0x5aa58]

VM_Operation (0x000000f99fbfbef0): G1TryInitiateConcMark, mode: safepoint, requested by thread 0x0000028888c56530


---------------  P R O C E S S  ---------------

Threads class SMR info:
_java_thread_list=0x0000028889ad88d0, length=20, elements={
0x00000288df7b91f0, 0x00000288fe462d60, 0x00000288fe4638d0, 0x00000288fe47e6a0,
0x00000288fe47f560, 0x00000288fe47fe10, 0x00000288fe4806c0, 0x00000288fe4892b0,
0x00000288fe48d6b0, 0x00000288fe4915f0, 0x00000288fe4ccaa0, 0x0000028888210490,
0x000002888823cf40, 0x000002888823f450, 0x00000288886205e0, 0x00000288886e05b0,
0x0000028888c4b2a0, 0x0000028888c56530, 0x000002888995ddf0, 0x000002888994ee20
}

Java Threads: ( => current thread )
  0x00000288df7b91f0 JavaThread "main" [_thread_blocked, id=11180, stack(0x000000f99de00000,0x000000f99df00000)]
  0x00000288fe462d60 JavaThread "Reference Handler" daemon [_thread_blocked, id=4740, stack(0x000000f99e500000,0x000000f99e600000)]
  0x00000288fe4638d0 JavaThread "Finalizer" daemon [_thread_blocked, id=8876, stack(0x000000f99e600000,0x000000f99e700000)]
  0x00000288fe47e6a0 JavaThread "Signal Dispatcher" daemon [_thread_blocked, id=10220, stack(0x000000f99e700000,0x000000f99e800000)]
  0x00000288fe47f560 JavaThread "Attach Listener" daemon [_thread_blocked, id=13444, stack(0x000000f99e800000,0x000000f99e900000)]
  0x00000288fe47fe10 JavaThread "Service Thread" daemon [_thread_blocked, id=10184, stack(0x000000f99e900000,0x000000f99ea00000)]
  0x00000288fe4806c0 JavaThread "Monitor Deflation Thread" daemon [_thread_blocked, id=10508, stack(0x000000f99ea00000,0x000000f99eb00000)]
  0x00000288fe4892b0 JavaThread "C2 CompilerThread0" daemon [_thread_blocked, id=23832, stack(0x000000f99eb00000,0x000000f99ec00000)]
  0x00000288fe48d6b0 JavaThread "C1 CompilerThread0" daemon [_thread_blocked, id=12432, stack(0x000000f99ec00000,0x000000f99ed00000)]
  0x00000288fe4915f0 JavaThread "Sweeper thread" daemon [_thread_blocked, id=21692, stack(0x000000f99ed00000,0x000000f99ee00000)]
  0x00000288fe4ccaa0 JavaThread "C1 CompilerThread1" daemon [_thread_blocked, id=21960, stack(0x000000f99ee00000,0x000000f99ef00000)]
  0x0000028888210490 JavaThread "Common-Cleaner" daemon [_thread_blocked, id=14348, stack(0x000000f99ef00000,0x000000f99f000000)]
  0x000002888823cf40 JavaThread "C1 CompilerThread2" daemon [_thread_blocked, id=25072, stack(0x000000f99f000000,0x000000f99f100000)]
  0x000002888823f450 JavaThread "C1 CompilerThread3" daemon [_thread_blocked, id=25200, stack(0x000000f99f100000,0x000000f99f200000)]
  0x00000288886205e0 JavaThread "Notification Thread" daemon [_thread_blocked, id=24460, stack(0x000000f99f600000,0x000000f99f700000)]
  0x00000288886e05b0 JavaThread "QuantumRenderer-0" daemon [_thread_blocked, id=20300, stack(0x000000f99f800000,0x000000f99f900000)]
  0x0000028888c4b2a0 JavaThread "InvokeLaterDispatcher" daemon [_thread_blocked, id=17616, stack(0x000000f99fa00000,0x000000f99fb00000)]
  0x0000028888c56530 JavaThread "JavaFX Application Thread" [_thread_blocked, id=25728, stack(0x000000f99fb00000,0x000000f99fc00000)]
  0x000002888995ddf0 JavaThread "JavaFX-Launcher" [_thread_blocked, id=25544, stack(0x000000f99f300000,0x000000f99f400000)]
  0x000002888994ee20 JavaThread "Thread-2" daemon [_thread_blocked, id=21260, stack(0x000000f99f200000,0x000000f99f300000)]

Other Threads:
=>0x00000288fe45d430 VMThread "VM Thread" [stack: 0x000000f99e400000,0x000000f99e500000] [id=18872]
  0x000002888896f720 WatcherThread "VM Periodic Task Thread" [stack: 0x000000f99f700000,0x000000f99f800000] [id=13552]
  0x00000288df829b00 WorkerThread "GC Thread#0" [stack: 0x000000f99df00000,0x000000f99e000000] [id=15516]
  0x0000028889981260 WorkerThread "GC Thread#1" [stack: 0x000000f99f400000,0x000000f99f500000] [id=26160]
  0x0000028889981500 WorkerThread "GC Thread#2" [stack: 0x000000f99f500000,0x000000f99f600000] [id=1648]
  0x000002888994faf0 WorkerThread "GC Thread#3" [stack: 0x000000f99fde0000,0x000000f99fee0000] [id=20236]
  0x000002888994fd90 WorkerThread "GC Thread#4" [stack: 0x000000f99fee0000,0x000000f99ffe0000] [id=21096]
  0x0000028889950030 WorkerThread "GC Thread#5" [stack: 0x000000f99ffe0000,0x000000f9a00e0000] [id=23952]
  0x0000028889ab8b60 WorkerThread "GC Thread#6" [stack: 0x000000f9a03e0000,0x000000f9a04e0000] [id=12216]
  0x000002888a11dc30 WorkerThread "GC Thread#7" [stack: 0x000000f9a04e0000,0x000000f9a05e0000] [id=18892]
  0x000002888a059760 WorkerThread "GC Thread#8" [stack: 0x000000f9a00e0000,0x000000f9a01e0000] [id=27056]
  0x000002888a058500 WorkerThread "GC Thread#9" [stack: 0x000000f9a01e0000,0x000000f9a02e0000] [id=26280]
  0x000002888a057a80 WorkerThread "GC Thread#10" [stack: 0x000000f9a07e0000,0x000000f9a08e0000] [id=22500]
  0x000002888a058a40 WorkerThread "GC Thread#11" [stack: 0x000000f9a08e0000,0x000000f9a09e0000] [id=27532]
  0x00000288df83a7f0 ConcurrentGCThread "G1 Main Marker" [stack: 0x000000f99e000000,0x000000f99e100000] [id=1312]
  0x00000288df83b1e0 WorkerThread "G1 Conc#0" [stack: 0x000000f99e100000,0x000000f99e200000] [id=2352]
  0x000002888a10d8b0 WorkerThread "G1 Conc#1" [stack: 0x000000f9a05e0000,0x000000f9a06e0000] [id=21668]
  0x000002888a058f80 WorkerThread "G1 Conc#2" [stack: 0x000000f9a06e0000,0x000000f9a07e0000] [id=20080]
  0x00000288df86ec60 ConcurrentGCThread "G1 Refine#0" [stack: 0x000000f99e200000,0x000000f99e300000] [id=8236]
  0x0000028889767120 ConcurrentGCThread "G1 Refine#1" [stack: 0x000000f9a02e0000,0x000000f9a03e0000] [id=18008]
  0x00000288fe31a560 ConcurrentGCThread "G1 Service" [stack: 0x000000f99e300000,0x000000f99e400000] [id=21116]

Threads with active compile tasks:

VM state: at safepoint (normal execution)

VM Mutex/Monitor currently owned by a thread:  ([mutex/lock_event])
[0x00000288df7b7830] Threads_lock - owner thread: 0x00000288fe45d430
[0x00000288df7b8250] Heap_lock - owner thread: 0x0000028888c56530

Heap address: 0x0000000702400000, size: 4060 MB, Compressed Oops mode: Zero based, Oop shift amount: 3

CDS archive(s) mapped at: [0x0000000800000000-0x0000000800ba0000-0x0000000800ba0000), size 12189696, SharedBaseAddress: 0x0000000800000000, ArchiveRelocationMode: 0.
Compressed class space mapped at: 0x0000000800c00000-0x0000000840c00000, reserved size: 1073741824
Narrow klass base: 0x0000000800000000, Narrow klass shift: 0, Narrow klass range: 0x100000000

GC Precious Log:
 CardTable entry size: 512
 Card Set container configuration: InlinePtr #cards 4 size 8 Array Of Cards #cards 16 size 48 Howl #buckets 8 coarsen threshold 3686 Howl Bitmap #cards 512 size 80 coarsen threshold 460 Card regions per heap region 1 cards per card region 4096
 CPUs: 16 total, 16 available
 Memory: 16236M
 Large Page Support: Disabled
 NUMA Support: Disabled
 Compressed Oops: Enabled (Zero based)
 Heap Region Size: 2M
 Heap Min Capacity: 8M
 Heap Initial Capacity: 254M
 Heap Max Capacity: 4060M
 Pre-touch: Disabled
 Parallel Workers: 13
 Concurrent Workers: 3
 Concurrent Refinement Workers: 13
 Periodic GC: Disabled

Heap:
 garbage-first heap   total 520192K, used 249286K [0x0000000702400000, 0x0000000800000000)
  region size 2048K, 2 young (4096K), 2 survivors (4096K)
 Metaspace       used 8890K, committed 9088K, reserved 1114112K
  class space    used 1132K, committed 1216K, reserved 1048576K

Heap Regions: E=young(eden), S=young(survivor), O=old, HS=humongous(starts), HC=humongous(continues), CS=collection set, F=free, OA=open archive, CA=closed archive, TAMS=top-at-mark-start (previous, next)
|   0|0x0000000702400000, 0x0000000702600000, 0x0000000702600000|100%|HS|  |TAMS 0x0000000702600000, 0x0000000702600000| Complete 
|   1|0x0000000702600000, 0x0000000702800000, 0x0000000702800000|100%|HS|  |TAMS 0x0000000702800000, 0x0000000702800000| Complete 
|   2|0x0000000702800000, 0x0000000702a00000, 0x0000000702a00000|100%|HC|  |TAMS 0x0000000702a00000, 0x0000000702a00000| Complete 
|   3|0x0000000702a00000, 0x0000000702c00000, 0x0000000702c00000|100%|HC|  |TAMS 0x0000000702c00000, 0x0000000702c00000| Complete 
|   4|0x0000000702c00000, 0x0000000702e00000, 0x0000000702e00000|100%|HS|  |TAMS 0x0000000702e00000, 0x0000000702e00000| Complete 
|   5|0x0000000702e00000, 0x0000000703000000, 0x0000000703000000|100%|HS|  |TAMS 0x0000000703000000, 0x0000000703000000| Complete 
|   6|0x0000000703000000, 0x0000000703200000, 0x0000000703200000|100%|HS|  |TAMS 0x0000000703200000, 0x0000000703200000| Complete 
|   7|0x0000000703200000, 0x0000000703400000, 0x0000000703400000|100%|HS|  |TAMS 0x0000000703400000, 0x0000000703400000| Complete 
|   8|0x0000000703400000, 0x0000000703600000, 0x0000000703600000|100%|HS|  |TAMS 0x0000000703600000, 0x0000000703600000| Complete 
|   9|0x0000000703600000, 0x0000000703800000, 0x0000000703800000|100%|HS|  |TAMS 0x0000000703800000, 0x0000000703800000| Complete 
|  10|0x0000000703800000, 0x0000000703a00000, 0x0000000703a00000|100%|HS|  |TAMS 0x0000000703a00000, 0x0000000703a00000| Complete 
|  11|0x0000000703a00000, 0x0000000703c00000, 0x0000000703c00000|100%|HS|  |TAMS 0x0000000703c00000, 0x0000000703c00000| Complete 
|  12|0x0000000703c00000, 0x0000000703e00000, 0x0000000703e00000|100%|HS|  |TAMS 0x0000000703e00000, 0x0000000703e00000| Complete 
|  13|0x0000000703e00000, 0x0000000704000000, 0x0000000704000000|100%|HS|  |TAMS 0x0000000704000000, 0x0000000704000000| Complete 
|  14|0x0000000704000000, 0x0000000704200000, 0x0000000704200000|100%|HS|  |TAMS 0x0000000704200000, 0x0000000704200000| Complete 
|  15|0x0000000704200000, 0x0000000704400000, 0x0000000704400000|100%|HS|  |TAMS 0x0000000704400000, 0x0000000704400000| Complete 
|  16|0x0000000704400000, 0x0000000704600000, 0x0000000704600000|100%|HS|  |TAMS 0x0000000704600000, 0x0000000704600000| Complete 
|  17|0x0000000704600000, 0x0000000704800000, 0x0000000704800000|100%|HS|  |TAMS 0x0000000704800000, 0x0000000704800000| Complete 
|  18|0x0000000704800000, 0x0000000704a00000, 0x0000000704a00000|100%|HS|  |TAMS 0x0000000704a00000, 0x0000000704a00000| Complete 
|  19|0x0000000704a00000, 0x0000000704c00000, 0x0000000704c00000|100%|HS|  |TAMS 0x0000000704c00000, 0x0000000704c00000| Complete 
|  20|0x0000000704c00000, 0x0000000704e00000, 0x0000000704e00000|100%|HS|  |TAMS 0x0000000704e00000, 0x0000000704e00000| Complete 
|  21|0x0000000704e00000, 0x0000000705000000, 0x0000000705000000|100%|HS|  |TAMS 0x0000000705000000, 0x0000000705000000| Complete 
|  22|0x0000000705000000, 0x0000000705200000, 0x0000000705200000|100%|HS|  |TAMS 0x0000000705200000, 0x0000000705200000| Complete 
|  23|0x0000000705200000, 0x0000000705400000, 0x0000000705400000|100%|HS|  |TAMS 0x0000000705400000, 0x0000000705400000| Complete 
|  24|0x0000000705400000, 0x0000000705600000, 0x0000000705600000|100%|HS|  |TAMS 0x0000000705600000, 0x0000000705600000| Complete 
|  25|0x0000000705600000, 0x0000000705800000, 0x0000000705800000|100%|HS|  |TAMS 0x0000000705800000, 0x0000000705800000| Complete 
|  26|0x0000000705800000, 0x0000000705a00000, 0x0000000705a00000|100%|HS|  |TAMS 0x0000000705a00000, 0x0000000705a00000| Complete 
|  27|0x0000000705a00000, 0x0000000705c00000, 0x0000000705c00000|100%|HS|  |TAMS 0x0000000705c00000, 0x0000000705c00000| Complete 
|  28|0x0000000705c00000, 0x0000000705e00000, 0x0000000705e00000|100%|HS|  |TAMS 0x0000000705e00000, 0x0000000705e00000| Complete 
|  29|0x0000000705e00000, 0x0000000706000000, 0x0000000706000000|100%|HS|  |TAMS 0x0000000706000000, 0x0000000706000000| Complete 
|  30|0x0000000706000000, 0x0000000706200000, 0x0000000706200000|100%|HS|  |TAMS 0x0000000706200000, 0x0000000706200000| Complete 
|  31|0x0000000706200000, 0x0000000706400000, 0x0000000706400000|100%|HS|  |TAMS 0x0000000706400000, 0x0000000706400000| Complete 
|  32|0x0000000706400000, 0x0000000706600000, 0x0000000706600000|100%|HS|  |TAMS 0x0000000706600000, 0x0000000706600000| Complete 
|  33|0x0000000706600000, 0x0000000706800000, 0x0000000706800000|100%|HS|  |TAMS 0x0000000706800000, 0x0000000706800000| Complete 
|  34|0x0000000706800000, 0x0000000706a00000, 0x0000000706a00000|100%|HS|  |TAMS 0x0000000706a00000, 0x0000000706a00000| Complete 
|  35|0x0000000706a00000, 0x0000000706c00000, 0x0000000706c00000|100%|HS|  |TAMS 0x0000000706c00000, 0x0000000706c00000| Complete 
|  36|0x0000000706c00000, 0x0000000706e00000, 0x0000000706e00000|100%|HS|  |TAMS 0x0000000706e00000, 0x0000000706e00000| Complete 
|  37|0x0000000706e00000, 0x0000000707000000, 0x0000000707000000|100%|HS|  |TAMS 0x0000000707000000, 0x0000000707000000| Complete 
|  38|0x0000000707000000, 0x0000000707200000, 0x0000000707200000|100%|HS|  |TAMS 0x0000000707200000, 0x0000000707200000| Complete 
|  39|0x0000000707200000, 0x0000000707400000, 0x0000000707400000|100%|HS|  |TAMS 0x0000000707400000, 0x0000000707400000| Complete 
|  40|0x0000000707400000, 0x0000000707600000, 0x0000000707600000|100%|HS|  |TAMS 0x0000000707600000, 0x0000000707600000| Complete 
|  41|0x0000000707600000, 0x0000000707800000, 0x0000000707800000|100%|HS|  |TAMS 0x0000000707800000, 0x0000000707800000| Complete 
|  42|0x0000000707800000, 0x0000000707a00000, 0x0000000707a00000|100%|HS|  |TAMS 0x0000000707a00000, 0x0000000707a00000| Complete 
|  43|0x0000000707a00000, 0x0000000707c00000, 0x0000000707c00000|100%|HS|  |TAMS 0x0000000707c00000, 0x0000000707c00000| Complete 
|  44|0x0000000707c00000, 0x0000000707e00000, 0x0000000707e00000|100%|HS|  |TAMS 0x0000000707e00000, 0x0000000707e00000| Complete 
|  45|0x0000000707e00000, 0x0000000708000000, 0x0000000708000000|100%|HS|  |TAMS 0x0000000708000000, 0x0000000708000000| Complete 
|  46|0x0000000708000000, 0x0000000708200000, 0x0000000708200000|100%|HS|  |TAMS 0x0000000708200000, 0x0000000708200000| Complete 
|  47|0x0000000708200000, 0x0000000708400000, 0x0000000708400000|100%|HS|  |TAMS 0x0000000708400000, 0x0000000708400000| Complete 
|  48|0x0000000708400000, 0x0000000708600000, 0x0000000708600000|100%|HS|  |TAMS 0x0000000708600000, 0x0000000708600000| Complete 
|  49|0x0000000708600000, 0x0000000708800000, 0x0000000708800000|100%|HS|  |TAMS 0x0000000708800000, 0x0000000708800000| Complete 
|  50|0x0000000708800000, 0x0000000708a00000, 0x0000000708a00000|100%|HS|  |TAMS 0x0000000708a00000, 0x0000000708a00000| Complete 
|  51|0x0000000708a00000, 0x0000000708c00000, 0x0000000708c00000|100%|HS|  |TAMS 0x0000000708c00000, 0x0000000708c00000| Complete 
|  52|0x0000000708c00000, 0x0000000708e00000, 0x0000000708e00000|100%|HS|  |TAMS 0x0000000708e00000, 0x0000000708e00000| Complete 
|  53|0x0000000708e00000, 0x0000000709000000, 0x0000000709000000|100%|HS|  |TAMS 0x0000000709000000, 0x0000000709000000| Complete 
|  54|0x0000000709000000, 0x0000000709200000, 0x0000000709200000|100%|HS|  |TAMS 0x0000000709200000, 0x0000000709200000| Complete 
|  55|0x0000000709200000, 0x0000000709400000, 0x0000000709400000|100%|HS|  |TAMS 0x0000000709400000, 0x0000000709400000| Complete 
|  56|0x0000000709400000, 0x0000000709600000, 0x0000000709600000|100%|HS|  |TAMS 0x0000000709600000, 0x0000000709600000| Complete 
|  57|0x0000000709600000, 0x0000000709800000, 0x0000000709800000|100%|HS|  |TAMS 0x0000000709800000, 0x0000000709800000| Complete 
|  58|0x0000000709800000, 0x0000000709a00000, 0x0000000709a00000|100%| O|  |TAMS 0x0000000709a00000, 0x0000000709a00000| Untracked 
|  59|0x0000000709a00000, 0x0000000709a6e400, 0x0000000709c00000| 21%| O|  |TAMS 0x0000000709a6e400, 0x0000000709a6e400| Untracked 
|  60|0x0000000709c00000, 0x0000000709e00000, 0x0000000709e00000|100%|HS|  |TAMS 0x0000000709e00000, 0x0000000709e00000| Complete 
|  61|0x0000000709e00000, 0x000000070a000000, 0x000000070a000000|100%|HS|  |TAMS 0x000000070a000000, 0x000000070a000000| Complete 
|  62|0x000000070a000000, 0x000000070a200000, 0x000000070a200000|100%|HS|  |TAMS 0x000000070a200000, 0x000000070a200000| Complete 
|  63|0x000000070a200000, 0x000000070a400000, 0x000000070a400000|100%|HS|  |TAMS 0x000000070a400000, 0x000000070a400000| Complete 
|  64|0x000000070a400000, 0x000000070a600000, 0x000000070a600000|100%|HS|  |TAMS 0x000000070a600000, 0x000000070a600000| Complete 
|  65|0x000000070a600000, 0x000000070a800000, 0x000000070a800000|100%|HS|  |TAMS 0x000000070a800000, 0x000000070a800000| Complete 
|  66|0x000000070a800000, 0x000000070aa00000, 0x000000070aa00000|100%|HS|  |TAMS 0x000000070aa00000, 0x000000070aa00000| Complete 
|  67|0x000000070aa00000, 0x000000070ac00000, 0x000000070ac00000|100%|HS|  |TAMS 0x000000070ac00000, 0x000000070ac00000| Complete 
|  68|0x000000070ac00000, 0x000000070ae00000, 0x000000070ae00000|100%|HS|  |TAMS 0x000000070ae00000, 0x000000070ae00000| Complete 
|  69|0x000000070ae00000, 0x000000070b000000, 0x000000070b000000|100%|HS|  |TAMS 0x000000070b000000, 0x000000070b000000| Complete 
|  70|0x000000070b000000, 0x000000070b200000, 0x000000070b200000|100%|HS|  |TAMS 0x000000070b200000, 0x000000070b200000| Complete 
|  71|0x000000070b200000, 0x000000070b400000, 0x000000070b400000|100%|HS|  |TAMS 0x000000070b400000, 0x000000070b400000| Complete 
|  72|0x000000070b400000, 0x000000070b600000, 0x000000070b600000|100%|HS|  |TAMS 0x000000070b600000, 0x000000070b600000| Complete 
|  73|0x000000070b600000, 0x000000070b800000, 0x000000070b800000|100%|HS|  |TAMS 0x000000070b800000, 0x000000070b800000| Complete 
|  74|0x000000070b800000, 0x000000070ba00000, 0x000000070ba00000|100%|HS|  |TAMS 0x000000070ba00000, 0x000000070ba00000| Complete 
|  75|0x000000070ba00000, 0x000000070bc00000, 0x000000070bc00000|100%|HS|  |TAMS 0x000000070bc00000, 0x000000070bc00000| Complete 
|  76|0x000000070bc00000, 0x000000070be00000, 0x000000070be00000|100%|HS|  |TAMS 0x000000070be00000, 0x000000070be00000| Complete 
|  77|0x000000070be00000, 0x000000070c000000, 0x000000070c000000|100%|HS|  |TAMS 0x000000070c000000, 0x000000070c000000| Complete 
|  78|0x000000070c000000, 0x000000070c200000, 0x000000070c200000|100%|HS|  |TAMS 0x000000070c200000, 0x000000070c200000| Complete 
|  79|0x000000070c200000, 0x000000070c400000, 0x000000070c400000|100%|HS|  |TAMS 0x000000070c400000, 0x000000070c400000| Complete 
|  80|0x000000070c400000, 0x000000070c600000, 0x000000070c600000|100%|HS|  |TAMS 0x000000070c600000, 0x000000070c600000| Complete 
|  81|0x000000070c600000, 0x000000070c800000, 0x000000070c800000|100%|HS|  |TAMS 0x000000070c800000, 0x000000070c800000| Complete 
|  82|0x000000070c800000, 0x000000070ca00000, 0x000000070ca00000|100%|HS|  |TAMS 0x000000070ca00000, 0x000000070ca00000| Complete 
|  83|0x000000070ca00000, 0x000000070cc00000, 0x000000070cc00000|100%|HS|  |TAMS 0x000000070cc00000, 0x000000070cc00000| Complete 
|  84|0x000000070cc00000, 0x000000070ce00000, 0x000000070ce00000|100%|HS|  |TAMS 0x000000070ce00000, 0x000000070ce00000| Complete 
|  85|0x000000070ce00000, 0x000000070d000000, 0x000000070d000000|100%|HS|  |TAMS 0x000000070d000000, 0x000000070d000000| Complete 
|  86|0x000000070d000000, 0x000000070d200000, 0x000000070d200000|100%|HS|  |TAMS 0x000000070d200000, 0x000000070d200000| Complete 
|  87|0x000000070d200000, 0x000000070d400000, 0x000000070d400000|100%|HS|  |TAMS 0x000000070d400000, 0x000000070d400000| Complete 
|  88|0x000000070d400000, 0x000000070d600000, 0x000000070d600000|100%|HS|  |TAMS 0x000000070d600000, 0x000000070d600000| Complete 
|  89|0x000000070d600000, 0x000000070d800000, 0x000000070d800000|100%|HS|  |TAMS 0x000000070d800000, 0x000000070d800000| Complete 
|  90|0x000000070d800000, 0x000000070da00000, 0x000000070da00000|100%|HS|  |TAMS 0x000000070da00000, 0x000000070da00000| Complete 
|  91|0x000000070da00000, 0x000000070dc00000, 0x000000070dc00000|100%|HS|  |TAMS 0x000000070dc00000, 0x000000070dc00000| Complete 
|  92|0x000000070dc00000, 0x000000070de00000, 0x000000070de00000|100%|HS|  |TAMS 0x000000070de00000, 0x000000070de00000| Complete 
|  93|0x000000070de00000, 0x000000070e000000, 0x000000070e000000|100%|HS|  |TAMS 0x000000070e000000, 0x000000070e000000| Complete 
|  94|0x000000070e000000, 0x000000070e200000, 0x000000070e200000|100%|HS|  |TAMS 0x000000070e200000, 0x000000070e200000| Complete 
|  95|0x000000070e200000, 0x000000070e400000, 0x000000070e400000|100%|HS|  |TAMS 0x000000070e400000, 0x000000070e400000| Complete 
|  96|0x000000070e400000, 0x000000070e600000, 0x000000070e600000|100%|HS|  |TAMS 0x000000070e600000, 0x000000070e600000| Complete 
|  97|0x000000070e600000, 0x000000070e800000, 0x000000070e800000|100%|HS|  |TAMS 0x000000070e800000, 0x000000070e800000| Complete 
|  98|0x000000070e800000, 0x000000070ea00000, 0x000000070ea00000|100%|HS|  |TAMS 0x000000070ea00000, 0x000000070ea00000| Complete 
|  99|0x000000070ea00000, 0x000000070ec00000, 0x000000070ec00000|100%|HS|  |TAMS 0x000000070ec00000, 0x000000070ec00000| Complete 
| 100|0x000000070ec00000, 0x000000070ee00000, 0x000000070ee00000|100%|HS|  |TAMS 0x000000070ee00000, 0x000000070ee00000| Complete 
| 101|0x000000070ee00000, 0x000000070f000000, 0x000000070f000000|100%|HS|  |TAMS 0x000000070f000000, 0x000000070f000000| Complete 
| 102|0x000000070f000000, 0x000000070f200000, 0x000000070f200000|100%|HS|  |TAMS 0x000000070f200000, 0x000000070f200000| Complete 
| 103|0x000000070f200000, 0x000000070f400000, 0x000000070f400000|100%|HS|  |TAMS 0x000000070f400000, 0x000000070f400000| Complete 
| 104|0x000000070f400000, 0x000000070f600000, 0x000000070f600000|100%|HS|  |TAMS 0x000000070f600000, 0x000000070f600000| Complete 
| 105|0x000000070f600000, 0x000000070f800000, 0x000000070f800000|100%|HS|  |TAMS 0x000000070f800000, 0x000000070f800000| Complete 
| 106|0x000000070f800000, 0x000000070fa00000, 0x000000070fa00000|100%|HS|  |TAMS 0x000000070fa00000, 0x000000070fa00000| Complete 
| 107|0x000000070fa00000, 0x000000070fc00000, 0x000000070fc00000|100%|HS|  |TAMS 0x000000070fc00000, 0x000000070fc00000| Complete 
| 108|0x000000070fc00000, 0x000000070fe00000, 0x000000070fe00000|100%|HS|  |TAMS 0x000000070fe00000, 0x000000070fe00000| Complete 
| 109|0x000000070fe00000, 0x0000000710000000, 0x0000000710000000|100%|HS|  |TAMS 0x0000000710000000, 0x0000000710000000| Complete 
| 110|0x0000000710000000, 0x0000000710200000, 0x0000000710200000|100%|HS|  |TAMS 0x0000000710200000, 0x0000000710200000| Complete 
| 111|0x0000000710200000, 0x0000000710400000, 0x0000000710400000|100%|HS|  |TAMS 0x0000000710400000, 0x0000000710400000| Complete 
| 112|0x0000000710400000, 0x0000000710600000, 0x0000000710600000|100%|HS|  |TAMS 0x0000000710600000, 0x0000000710600000| Complete 
| 113|0x0000000710600000, 0x0000000710800000, 0x0000000710800000|100%|HS|  |TAMS 0x0000000710800000, 0x0000000710800000| Complete 
| 114|0x0000000710800000, 0x0000000710a00000, 0x0000000710a00000|100%|HS|  |TAMS 0x0000000710a00000, 0x0000000710a00000| Complete 
| 115|0x0000000710a00000, 0x0000000710c00000, 0x0000000710c00000|100%|HS|  |TAMS 0x0000000710c00000, 0x0000000710c00000| Complete 
| 116|0x0000000710c00000, 0x0000000710e00000, 0x0000000710e00000|100%|HS|  |TAMS 0x0000000710e00000, 0x0000000710e00000| Complete 
| 117|0x0000000710e00000, 0x0000000711000000, 0x0000000711000000|100%|HS|  |TAMS 0x0000000711000000, 0x0000000711000000| Complete 
| 118|0x0000000711000000, 0x0000000711200000, 0x0000000711200000|100%|HS|  |TAMS 0x0000000711000000, 0x0000000711200000| Complete 
| 119|0x0000000711200000, 0x0000000711400000, 0x0000000711400000|100%|HS|  |TAMS 0x0000000711200000, 0x0000000711400000| Complete 
| 120|0x0000000711400000, 0x0000000711600000, 0x0000000711600000|100%|HS|  |TAMS 0x0000000711400000, 0x0000000711600000| Complete 
| 121|0x0000000711600000, 0x0000000711600000, 0x0000000711800000|  0%| F|  |TAMS 0x0000000711600000, 0x0000000711600000| Untracked 
| 122|0x0000000711800000, 0x0000000711800000, 0x0000000711a00000|  0%| F|  |TAMS 0x0000000711800000, 0x0000000711800000| Untracked 
| 123|0x0000000711a00000, 0x0000000711a00000, 0x0000000711c00000|  0%| F|  |TAMS 0x0000000711a00000, 0x0000000711a00000| Untracked 
| 124|0x0000000711c00000, 0x0000000711c00000, 0x0000000711e00000|  0%| F|  |TAMS 0x0000000711c00000, 0x0000000711c00000| Untracked 
| 125|0x0000000711e00000, 0x0000000711e00000, 0x0000000712000000|  0%| F|  |TAMS 0x0000000711e00000, 0x0000000711e00000| Untracked 
| 126|0x0000000712000000, 0x0000000712000000, 0x0000000712200000|  0%| F|  |TAMS 0x0000000712000000, 0x0000000712000000| Untracked 
| 127|0x0000000712200000, 0x0000000712200000, 0x0000000712400000|  0%| F|  |TAMS 0x0000000712200000, 0x0000000712200000| Untracked 
| 128|0x0000000712400000, 0x0000000712400000, 0x0000000712600000|  0%| F|  |TAMS 0x0000000712400000, 0x0000000712400000| Untracked 
| 129|0x0000000712600000, 0x0000000712600000, 0x0000000712800000|  0%| F|  |TAMS 0x0000000712600000, 0x0000000712600000| Untracked 
| 130|0x0000000712800000, 0x0000000712800000, 0x0000000712a00000|  0%| F|  |TAMS 0x0000000712800000, 0x0000000712800000| Untracked 
| 131|0x0000000712a00000, 0x0000000712a00000, 0x0000000712c00000|  0%| F|  |TAMS 0x0000000712a00000, 0x0000000712a00000| Untracked 
| 132|0x0000000712c00000, 0x0000000712c00000, 0x0000000712e00000|  0%| F|  |TAMS 0x0000000712c00000, 0x0000000712c00000| Untracked 
| 133|0x0000000712e00000, 0x0000000712e00000, 0x0000000713000000|  0%| F|  |TAMS 0x0000000712e00000, 0x0000000712e00000| Untracked 
| 134|0x0000000713000000, 0x0000000713000000, 0x0000000713200000|  0%| F|  |TAMS 0x0000000713000000, 0x0000000713000000| Untracked 
| 135|0x0000000713200000, 0x0000000713200000, 0x0000000713400000|  0%| F|  |TAMS 0x0000000713200000, 0x0000000713200000| Untracked 
| 136|0x0000000713400000, 0x0000000713400000, 0x0000000713600000|  0%| F|  |TAMS 0x0000000713400000, 0x0000000713400000| Untracked 
| 137|0x0000000713600000, 0x0000000713600000, 0x0000000713800000|  0%| F|  |TAMS 0x0000000713600000, 0x0000000713600000| Untracked 
| 138|0x0000000713800000, 0x0000000713800000, 0x0000000713a00000|  0%| F|  |TAMS 0x0000000713800000, 0x0000000713800000| Untracked 
| 139|0x0000000713a00000, 0x0000000713a00000, 0x0000000713c00000|  0%| F|  |TAMS 0x0000000713a00000, 0x0000000713a00000| Untracked 
| 140|0x0000000713c00000, 0x0000000713c00000, 0x0000000713e00000|  0%| F|  |TAMS 0x0000000713c00000, 0x0000000713c00000| Untracked 
| 141|0x0000000713e00000, 0x0000000713e00000, 0x0000000714000000|  0%| F|  |TAMS 0x0000000713e00000, 0x0000000713e00000| Untracked 
| 142|0x0000000714000000, 0x0000000714000000, 0x0000000714200000|  0%| F|  |TAMS 0x0000000714000000, 0x0000000714000000| Untracked 
| 143|0x0000000714200000, 0x0000000714200000, 0x0000000714400000|  0%| F|  |TAMS 0x0000000714200000, 0x0000000714200000| Untracked 
| 144|0x0000000714400000, 0x0000000714400000, 0x0000000714600000|  0%| F|  |TAMS 0x0000000714400000, 0x0000000714400000| Untracked 
| 145|0x0000000714600000, 0x0000000714600000, 0x0000000714800000|  0%| F|  |TAMS 0x0000000714600000, 0x0000000714600000| Untracked 
| 146|0x0000000714800000, 0x0000000714800000, 0x0000000714a00000|  0%| F|  |TAMS 0x0000000714800000, 0x0000000714800000| Untracked 
| 147|0x0000000714a00000, 0x0000000714a00000, 0x0000000714c00000|  0%| F|  |TAMS 0x0000000714a00000, 0x0000000714a00000| Untracked 
| 148|0x0000000714c00000, 0x0000000714c00000, 0x0000000714e00000|  0%| F|  |TAMS 0x0000000714c00000, 0x0000000714c00000| Untracked 
| 149|0x0000000714e00000, 0x0000000714e00000, 0x0000000715000000|  0%| F|  |TAMS 0x0000000714e00000, 0x0000000714e00000| Untracked 
| 150|0x0000000715000000, 0x0000000715000000, 0x0000000715200000|  0%| F|  |TAMS 0x0000000715000000, 0x0000000715000000| Untracked 
| 151|0x0000000715200000, 0x0000000715200000, 0x0000000715400000|  0%| F|  |TAMS 0x0000000715200000, 0x0000000715200000| Untracked 
| 152|0x0000000715400000, 0x0000000715400000, 0x0000000715600000|  0%| F|  |TAMS 0x0000000715400000, 0x0000000715400000| Untracked 
| 153|0x0000000715600000, 0x0000000715600000, 0x0000000715800000|  0%| F|  |TAMS 0x0000000715600000, 0x0000000715600000| Untracked 
| 154|0x0000000715800000, 0x0000000715800000, 0x0000000715a00000|  0%| F|  |TAMS 0x0000000715800000, 0x0000000715800000| Untracked 
| 155|0x0000000715a00000, 0x0000000715a00000, 0x0000000715c00000|  0%| F|  |TAMS 0x0000000715a00000, 0x0000000715a00000| Untracked 
| 156|0x0000000715c00000, 0x0000000715c00000, 0x0000000715e00000|  0%| F|  |TAMS 0x0000000715c00000, 0x0000000715c00000| Untracked 
| 157|0x0000000715e00000, 0x0000000715e00000, 0x0000000716000000|  0%| F|  |TAMS 0x0000000715e00000, 0x0000000715e00000| Untracked 
| 158|0x0000000716000000, 0x0000000716000000, 0x0000000716200000|  0%| F|  |TAMS 0x0000000716000000, 0x0000000716000000| Untracked 
| 159|0x0000000716200000, 0x0000000716200000, 0x0000000716400000|  0%| F|  |TAMS 0x0000000716200000, 0x0000000716200000| Untracked 
| 160|0x0000000716400000, 0x0000000716400000, 0x0000000716600000|  0%| F|  |TAMS 0x0000000716400000, 0x0000000716400000| Untracked 
| 161|0x0000000716600000, 0x0000000716600000, 0x0000000716800000|  0%| F|  |TAMS 0x0000000716600000, 0x0000000716600000| Untracked 
| 162|0x0000000716800000, 0x0000000716800000, 0x0000000716a00000|  0%| F|  |TAMS 0x0000000716800000, 0x0000000716800000| Untracked 
| 163|0x0000000716a00000, 0x0000000716a00000, 0x0000000716c00000|  0%| F|  |TAMS 0x0000000716a00000, 0x0000000716a00000| Untracked 
| 164|0x0000000716c00000, 0x0000000716c00000, 0x0000000716e00000|  0%| F|  |TAMS 0x0000000716c00000, 0x0000000716c00000| Untracked 
| 165|0x0000000716e00000, 0x0000000716e00000, 0x0000000717000000|  0%| F|  |TAMS 0x0000000716e00000, 0x0000000716e00000| Untracked 
| 166|0x0000000717000000, 0x0000000717000000, 0x0000000717200000|  0%| F|  |TAMS 0x0000000717000000, 0x0000000717000000| Untracked 
| 167|0x0000000717200000, 0x0000000717200000, 0x0000000717400000|  0%| F|  |TAMS 0x0000000717200000, 0x0000000717200000| Untracked 
| 168|0x0000000717400000, 0x0000000717400000, 0x0000000717600000|  0%| F|  |TAMS 0x0000000717400000, 0x0000000717400000| Untracked 
| 169|0x0000000717600000, 0x0000000717600000, 0x0000000717800000|  0%| F|  |TAMS 0x0000000717600000, 0x0000000717600000| Untracked 
| 170|0x0000000717800000, 0x0000000717800000, 0x0000000717a00000|  0%| F|  |TAMS 0x0000000717800000, 0x0000000717800000| Untracked 
| 171|0x0000000717a00000, 0x0000000717a00000, 0x0000000717c00000|  0%| F|  |TAMS 0x0000000717a00000, 0x0000000717a00000| Untracked 
| 172|0x0000000717c00000, 0x0000000717c00000, 0x0000000717e00000|  0%| F|  |TAMS 0x0000000717c00000, 0x0000000717c00000| Untracked 
| 173|0x0000000717e00000, 0x0000000717e00000, 0x0000000718000000|  0%| F|  |TAMS 0x0000000717e00000, 0x0000000717e00000| Untracked 
| 174|0x0000000718000000, 0x0000000718000000, 0x0000000718200000|  0%| F|  |TAMS 0x0000000718000000, 0x0000000718000000| Untracked 
| 175|0x0000000718200000, 0x0000000718200000, 0x0000000718400000|  0%| F|  |TAMS 0x0000000718200000, 0x0000000718200000| Untracked 
| 176|0x0000000718400000, 0x0000000718400000, 0x0000000718600000|  0%| F|  |TAMS 0x0000000718400000, 0x0000000718400000| Untracked 
| 177|0x0000000718600000, 0x0000000718600000, 0x0000000718800000|  0%| F|  |TAMS 0x0000000718600000, 0x0000000718600000| Untracked 
| 178|0x0000000718800000, 0x0000000718800000, 0x0000000718a00000|  0%| F|  |TAMS 0x0000000718800000, 0x0000000718800000| Untracked 
| 179|0x0000000718a00000, 0x0000000718a00000, 0x0000000718c00000|  0%| F|  |TAMS 0x0000000718a00000, 0x0000000718a00000| Untracked 
| 180|0x0000000718c00000, 0x0000000718c00000, 0x0000000718e00000|  0%| F|  |TAMS 0x0000000718c00000, 0x0000000718c00000| Untracked 
| 181|0x0000000718e00000, 0x0000000718e00000, 0x0000000719000000|  0%| F|  |TAMS 0x0000000718e00000, 0x0000000718e00000| Untracked 
| 182|0x0000000719000000, 0x0000000719000000, 0x0000000719200000|  0%| F|  |TAMS 0x0000000719000000, 0x0000000719000000| Untracked 
| 183|0x0000000719200000, 0x0000000719200000, 0x0000000719400000|  0%| F|  |TAMS 0x0000000719200000, 0x0000000719200000| Untracked 
| 184|0x0000000719400000, 0x0000000719400000, 0x0000000719600000|  0%| F|  |TAMS 0x0000000719400000, 0x0000000719400000| Untracked 
| 185|0x0000000719600000, 0x0000000719600000, 0x0000000719800000|  0%| F|  |TAMS 0x0000000719600000, 0x0000000719600000| Untracked 
| 186|0x0000000719800000, 0x0000000719800000, 0x0000000719a00000|  0%| F|  |TAMS 0x0000000719800000, 0x0000000719800000| Untracked 
| 187|0x0000000719a00000, 0x0000000719a00000, 0x0000000719c00000|  0%| F|  |TAMS 0x0000000719a00000, 0x0000000719a00000| Untracked 
| 188|0x0000000719c00000, 0x0000000719c00000, 0x0000000719e00000|  0%| F|  |TAMS 0x0000000719c00000, 0x0000000719c00000| Untracked 
| 189|0x0000000719e00000, 0x0000000719e00000, 0x000000071a000000|  0%| F|  |TAMS 0x0000000719e00000, 0x0000000719e00000| Untracked 
| 190|0x000000071a000000, 0x000000071a000000, 0x000000071a200000|  0%| F|  |TAMS 0x000000071a000000, 0x000000071a000000| Untracked 
| 191|0x000000071a200000, 0x000000071a200000, 0x000000071a400000|  0%| F|  |TAMS 0x000000071a200000, 0x000000071a200000| Untracked 
| 192|0x000000071a400000, 0x000000071a400000, 0x000000071a600000|  0%| F|  |TAMS 0x000000071a400000, 0x000000071a400000| Untracked 
| 193|0x000000071a600000, 0x000000071a600000, 0x000000071a800000|  0%| F|  |TAMS 0x000000071a600000, 0x000000071a600000| Untracked 
| 194|0x000000071a800000, 0x000000071a800000, 0x000000071aa00000|  0%| F|  |TAMS 0x000000071a800000, 0x000000071a800000| Untracked 
| 195|0x000000071aa00000, 0x000000071aa00000, 0x000000071ac00000|  0%| F|  |TAMS 0x000000071aa00000, 0x000000071aa00000| Untracked 
| 196|0x000000071ac00000, 0x000000071ac00000, 0x000000071ae00000|  0%| F|  |TAMS 0x000000071ac00000, 0x000000071ac00000| Untracked 
| 197|0x000000071ae00000, 0x000000071ae00000, 0x000000071b000000|  0%| F|  |TAMS 0x000000071ae00000, 0x000000071ae00000| Untracked 
| 198|0x000000071b000000, 0x000000071b000000, 0x000000071b200000|  0%| F|  |TAMS 0x000000071b000000, 0x000000071b000000| Untracked 
| 199|0x000000071b200000, 0x000000071b200000, 0x000000071b400000|  0%| F|  |TAMS 0x000000071b200000, 0x000000071b200000| Untracked 
| 200|0x000000071b400000, 0x000000071b400000, 0x000000071b600000|  0%| F|  |TAMS 0x000000071b400000, 0x000000071b400000| Untracked 
| 201|0x000000071b600000, 0x000000071b600000, 0x000000071b800000|  0%| F|  |TAMS 0x000000071b600000, 0x000000071b600000| Untracked 
| 202|0x000000071b800000, 0x000000071b800000, 0x000000071ba00000|  0%| F|  |TAMS 0x000000071b800000, 0x000000071b800000| Untracked 
| 203|0x000000071ba00000, 0x000000071ba00000, 0x000000071bc00000|  0%| F|  |TAMS 0x000000071ba00000, 0x000000071ba00000| Untracked 
| 204|0x000000071bc00000, 0x000000071bc00000, 0x000000071be00000|  0%| F|  |TAMS 0x000000071bc00000, 0x000000071bc00000| Untracked 
| 205|0x000000071be00000, 0x000000071be00000, 0x000000071c000000|  0%| F|  |TAMS 0x000000071be00000, 0x000000071be00000| Untracked 
| 206|0x000000071c000000, 0x000000071c000000, 0x000000071c200000|  0%| F|  |TAMS 0x000000071c000000, 0x000000071c000000| Untracked 
| 207|0x000000071c200000, 0x000000071c200000, 0x000000071c400000|  0%| F|  |TAMS 0x000000071c200000, 0x000000071c200000| Untracked 
| 208|0x000000071c400000, 0x000000071c400000, 0x000000071c600000|  0%| F|  |TAMS 0x000000071c400000, 0x000000071c400000| Untracked 
| 209|0x000000071c600000, 0x000000071c600000, 0x000000071c800000|  0%| F|  |TAMS 0x000000071c600000, 0x000000071c600000| Untracked 
| 210|0x000000071c800000, 0x000000071c800000, 0x000000071ca00000|  0%| F|  |TAMS 0x000000071c800000, 0x000000071c800000| Untracked 
| 211|0x000000071ca00000, 0x000000071ca00000, 0x000000071cc00000|  0%| F|  |TAMS 0x000000071ca00000, 0x000000071ca00000| Untracked 
| 212|0x000000071cc00000, 0x000000071cc00000, 0x000000071ce00000|  0%| F|  |TAMS 0x000000071cc00000, 0x000000071cc00000| Untracked 
| 213|0x000000071ce00000, 0x000000071ce00000, 0x000000071d000000|  0%| F|  |TAMS 0x000000071ce00000, 0x000000071ce00000| Untracked 
| 214|0x000000071d000000, 0x000000071d000000, 0x000000071d200000|  0%| F|  |TAMS 0x000000071d000000, 0x000000071d000000| Untracked 
| 215|0x000000071d200000, 0x000000071d200000, 0x000000071d400000|  0%| F|  |TAMS 0x000000071d200000, 0x000000071d200000| Untracked 
| 216|0x000000071d400000, 0x000000071d400000, 0x000000071d600000|  0%| F|  |TAMS 0x000000071d400000, 0x000000071d400000| Untracked 
| 217|0x000000071d600000, 0x000000071d600000, 0x000000071d800000|  0%| F|  |TAMS 0x000000071d600000, 0x000000071d600000| Untracked 
| 218|0x000000071d800000, 0x000000071d800000, 0x000000071da00000|  0%| F|  |TAMS 0x000000071d800000, 0x000000071d800000| Untracked 
| 219|0x000000071da00000, 0x000000071da00000, 0x000000071dc00000|  0%| F|  |TAMS 0x000000071da00000, 0x000000071da00000| Untracked 
| 220|0x000000071dc00000, 0x000000071dc00000, 0x000000071de00000|  0%| F|  |TAMS 0x000000071dc00000, 0x000000071dc00000| Untracked 
| 221|0x000000071de00000, 0x000000071de00000, 0x000000071e000000|  0%| F|  |TAMS 0x000000071de00000, 0x000000071de00000| Untracked 
| 222|0x000000071e000000, 0x000000071e000000, 0x000000071e200000|  0%| F|  |TAMS 0x000000071e000000, 0x000000071e000000| Untracked 
| 223|0x000000071e200000, 0x000000071e200000, 0x000000071e400000|  0%| F|  |TAMS 0x000000071e200000, 0x000000071e200000| Untracked 
| 224|0x000000071e400000, 0x000000071e400000, 0x000000071e600000|  0%| F|  |TAMS 0x000000071e400000, 0x000000071e400000| Untracked 
| 225|0x000000071e600000, 0x000000071e600000, 0x000000071e800000|  0%| F|  |TAMS 0x000000071e600000, 0x000000071e600000| Untracked 
| 226|0x000000071e800000, 0x000000071e800000, 0x000000071ea00000|  0%| F|  |TAMS 0x000000071e800000, 0x000000071e800000| Untracked 
| 227|0x000000071ea00000, 0x000000071ea00000, 0x000000071ec00000|  0%| F|  |TAMS 0x000000071ea00000, 0x000000071ea00000| Untracked 
| 228|0x000000071ec00000, 0x000000071ec00000, 0x000000071ee00000|  0%| F|  |TAMS 0x000000071ec00000, 0x000000071ec00000| Untracked 
| 229|0x000000071ee00000, 0x000000071ee00000, 0x000000071f000000|  0%| F|  |TAMS 0x000000071ee00000, 0x000000071ee00000| Untracked 
| 230|0x000000071f000000, 0x000000071f000000, 0x000000071f200000|  0%| F|  |TAMS 0x000000071f000000, 0x000000071f000000| Untracked 
| 231|0x000000071f200000, 0x000000071f200000, 0x000000071f400000|  0%| F|  |TAMS 0x000000071f200000, 0x000000071f200000| Untracked 
| 232|0x000000071f400000, 0x000000071f400000, 0x000000071f600000|  0%| F|  |TAMS 0x000000071f400000, 0x000000071f400000| Untracked 
| 233|0x000000071f600000, 0x000000071f600000, 0x000000071f800000|  0%| F|  |TAMS 0x000000071f600000, 0x000000071f600000| Untracked 
| 234|0x000000071f800000, 0x000000071f800000, 0x000000071fa00000|  0%| F|  |TAMS 0x000000071f800000, 0x000000071f800000| Untracked 
| 235|0x000000071fa00000, 0x000000071fa00000, 0x000000071fc00000|  0%| F|  |TAMS 0x000000071fa00000, 0x000000071fa00000| Untracked 
| 236|0x000000071fc00000, 0x000000071fc00000, 0x000000071fe00000|  0%| F|  |TAMS 0x000000071fc00000, 0x000000071fc00000| Untracked 
| 237|0x000000071fe00000, 0x000000071fe00000, 0x0000000720000000|  0%| F|  |TAMS 0x000000071fe00000, 0x000000071fe00000| Untracked 
| 238|0x0000000720000000, 0x0000000720000000, 0x0000000720200000|  0%| F|  |TAMS 0x0000000720000000, 0x0000000720000000| Untracked 
| 239|0x0000000720200000, 0x0000000720200000, 0x0000000720400000|  0%| F|  |TAMS 0x0000000720200000, 0x0000000720200000| Untracked 
| 240|0x0000000720400000, 0x0000000720400000, 0x0000000720600000|  0%| F|  |TAMS 0x0000000720400000, 0x0000000720400000| Untracked 
| 241|0x0000000720600000, 0x0000000720600000, 0x0000000720800000|  0%| F|  |TAMS 0x0000000720600000, 0x0000000720600000| Untracked 
| 242|0x0000000720800000, 0x0000000720800000, 0x0000000720a00000|  0%| F|  |TAMS 0x0000000720800000, 0x0000000720800000| Untracked 
| 243|0x0000000720a00000, 0x0000000720a00000, 0x0000000720c00000|  0%| F|  |TAMS 0x0000000720a00000, 0x0000000720a00000| Untracked 
| 244|0x0000000720c00000, 0x0000000720c00000, 0x0000000720e00000|  0%| F|  |TAMS 0x0000000720c00000, 0x0000000720c00000| Untracked 
| 245|0x0000000720e00000, 0x0000000720e00000, 0x0000000721000000|  0%| F|  |TAMS 0x0000000720e00000, 0x0000000720e00000| Untracked 
| 246|0x0000000721000000, 0x0000000721000000, 0x0000000721200000|  0%| F|  |TAMS 0x0000000721000000, 0x0000000721000000| Untracked 
| 247|0x0000000721200000, 0x0000000721200000, 0x0000000721400000|  0%| F|  |TAMS 0x0000000721200000, 0x0000000721200000| Untracked 
| 248|0x0000000721400000, 0x0000000721400000, 0x0000000721600000|  0%| F|  |TAMS 0x0000000721400000, 0x0000000721400000| Untracked 
| 249|0x0000000721600000, 0x0000000721703540, 0x0000000721800000| 50%| S|CS|TAMS 0x0000000721600000, 0x0000000721600000| Complete 
| 250|0x0000000721800000, 0x0000000721a00000, 0x0000000721a00000|100%| S|CS|TAMS 0x0000000721800000, 0x0000000721800000| Complete 
| 251|0x0000000721a00000, 0x0000000721a00000, 0x0000000721c00000|  0%| F|  |TAMS 0x0000000721a00000, 0x0000000721a00000| Untracked 
| 252|0x0000000721c00000, 0x0000000721c00000, 0x0000000721e00000|  0%| F|  |TAMS 0x0000000721c00000, 0x0000000721c00000| Untracked 
| 253|0x0000000721e00000, 0x0000000721e00000, 0x0000000722000000|  0%| F|  |TAMS 0x0000000721e00000, 0x0000000721e00000| Untracked 

Card table byte_map: [0x00000288f7160000,0x00000288f7950000] _byte_map_base: 0x00000288f394e000

Marking Bits (Prev, Next): (CMBitMap*) 0x00000288df82a140, (CMBitMap*) 0x00000288df82a100
 Prev Bits: [0x0000028880000000, 0x0000028883f70000)
 Next Bits: [0x00000288f8140000, 0x00000288fc0b0000)

Polling page: 0x00000288dd4b0000

Metaspace:

Usage:
  Non-class:      7.58 MB used.
      Class:      1.11 MB used.
       Both:      8.68 MB used.

Virtual space:
  Non-class space:       64.00 MB reserved,       7.69 MB ( 12%) committed,  1 nodes.
      Class space:        1.00 GB reserved,       1.19 MB ( <1%) committed,  1 nodes.
             Both:        1.06 GB reserved,       8.88 MB ( <1%) committed. 

Chunk freelists:
   Non-Class:  3.16 MB
       Class:  2.82 MB
        Both:  5.98 MB

MaxMetaspaceSize: unlimited
CompressedClassSpaceSize: 1.00 GB
Initial GC threshold: 21.00 MB
Current GC threshold: 21.00 MB
CDS: on
MetaspaceReclaimPolicy: balanced
 - commit_granule_bytes: 65536.
 - commit_granule_words: 8192.
 - virtual_space_node_default_size: 8388608.
 - enlarge_chunks_in_place: 1.
 - new_chunks_are_fully_committed: 0.
 - uncommit_free_chunks: 1.
 - use_allocation_guard: 0.


Internal statistics:

num_allocs_failed_limit: 0.
num_arena_births: 228.
num_arena_deaths: 0.
num_vsnodes_births: 2.
num_vsnodes_deaths: 0.
num_space_committed: 142.
num_space_uncommitted: 0.
num_chunks_returned_to_freelist: 0.
num_chunks_taken_from_freelist: 490.
num_chunk_merges: 0.
num_chunk_splits: 338.
num_chunks_enlarged: 252.
num_inconsistent_stats: 0.

CodeHeap 'non-profiled nmethods': size=119168Kb used=593Kb max_used=593Kb free=118574Kb
 bounds [0x00000288eec80000, 0x00000288eeef0000, 0x00000288f60e0000]
CodeHeap 'profiled nmethods': size=119104Kb used=2618Kb max_used=2618Kb free=116485Kb
 bounds [0x00000288e7830000, 0x00000288e7ac0000, 0x00000288eec80000]
CodeHeap 'non-nmethods': size=7488Kb used=2966Kb max_used=2998Kb free=4521Kb
 bounds [0x00000288e70e0000, 0x00000288e73e0000, 0x00000288e7830000]
 total_blobs=2083 nmethods=1490 adapters=503
 compilation: enabled
              stopped_count=0, restarted_count=0
 full_count=0

Compilation events (20 events):
Event: 1.272 Thread 0x00000288fe48d6b0 1482       3       java.lang.reflect.Method::invoke (108 bytes)
Event: 1.272 Thread 0x000002888823f450 nmethod 1481 0x00000288e7aa9990 code [0x00000288e7aa9b40, 0x00000288e7aa9d28]
Event: 1.272 Thread 0x000002888823cf40 1483   !   3       jdk.internal.reflect.DirectMethodHandleAccessor::invoke (92 bytes)
Event: 1.272 Thread 0x000002888823f450 1484       3       jdk.internal.reflect.DirectMethodHandleAccessor::isStatic (20 bytes)
Event: 1.272 Thread 0x000002888823f450 nmethod 1484 0x00000288e7aa9e10 code [0x00000288e7aa9fa0, 0x00000288e7aaa118]
Event: 1.272 Thread 0x000002888823f450 1485       3       jdk.internal.reflect.DirectMethodHandleAccessor::checkArgumentCount (59 bytes)
Event: 1.273 Thread 0x00000288fe4ccaa0 nmethod 1478 0x00000288e7aaa190 code [0x00000288e7aaa660, 0x00000288e7aad518]
Event: 1.273 Thread 0x000002888823f450 nmethod 1485 0x00000288e7aae510 code [0x00000288e7aae780, 0x00000288e7aaefd8]
Event: 1.273 Thread 0x00000288fe4892b0 1487       4       java.lang.String::toString (2 bytes)
Event: 1.273 Thread 0x000002888823f450 1486       3       jdk.internal.reflect.DirectMethodHandleAccessor::invokeImpl (108 bytes)
Event: 1.273 Thread 0x00000288fe4892b0 nmethod 1487 0x00000288eed13110 code [0x00000288eed13280, 0x00000288eed132f8]
Event: 1.274 Thread 0x00000288fe4ccaa0 1488       3       com.sun.org.apache.xerces.internal.utils.XMLLimitAnalyzer::getTotalValue (7 bytes)
Event: 1.274 Thread 0x00000288fe4ccaa0 nmethod 1488 0x00000288e7aaf310 code [0x00000288e7aaf4a0, 0x00000288e7aaf5d8]
Event: 1.274 Thread 0x000002888823f450 nmethod 1486 0x00000288e7aaf690 code [0x00000288e7aaf9e0, 0x00000288e7ab17d8]
Event: 1.275 Thread 0x000002888823cf40 nmethod 1483 0x00000288e7ab1e90 code [0x00000288e7ab2300, 0x00000288e7ab4b38]
Event: 1.276 Thread 0x00000288fe48d6b0 nmethod 1482 0x00000288e7ab5d90 code [0x00000288e7ab6560, 0x00000288e7abbe68]
Event: 1.282 Thread 0x00000288fe4892b0 1489       4       com.sun.javafx.iio.gif.GIFImageLoader2::readPalete (85 bytes)
Event: 1.294 Thread 0x00000288fe4892b0 nmethod 1489 0x00000288eed13410 code [0x00000288eed135e0, 0x00000288eed14328]
Event: 1.312 Thread 0x00000288fe48d6b0 1490       3       java.lang.Boolean::valueOf (14 bytes)
Event: 1.312 Thread 0x00000288fe48d6b0 nmethod 1490 0x00000288e7abe610 code [0x00000288e7abe7a0, 0x00000288e7abe918]

GC Heap History (20 events):
Event: 1.022 GC heap after
{Heap after GC invocations=2 (full 0):
 garbage-first heap   total 260096K, used 117736K [0x0000000702400000, 0x0000000800000000)
  region size 2048K, 3 young (6144K), 3 survivors (6144K)
 Metaspace       used 8827K, committed 9088K, reserved 1114112K
  class space    used 1118K, committed 1216K, reserved 1048576K
}
Event: 1.030 GC heap before
{Heap before GC invocations=2 (full 0):
 garbage-first heap   total 260096K, used 121832K [0x0000000702400000, 0x0000000800000000)
  region size 2048K, 4 young (8192K), 3 survivors (6144K)
 Metaspace       used 8827K, committed 9088K, reserved 1114112K
  class space    used 1118K, committed 1216K, reserved 1048576K
}
Event: 1.034 GC heap after
{Heap after GC invocations=3 (full 0):
 garbage-first heap   total 260096K, used 122380K [0x0000000702400000, 0x0000000800000000)
  region size 2048K, 3 young (6144K), 3 survivors (6144K)
 Metaspace       used 8827K, committed 9088K, reserved 1114112K
  class space    used 1118K, committed 1216K, reserved 1048576K
}
Event: 1.037 GC heap before
{Heap before GC invocations=3 (full 0):
 garbage-first heap   total 260096K, used 124428K [0x0000000702400000, 0x0000000800000000)
  region size 2048K, 4 young (8192K), 3 survivors (6144K)
 Metaspace       used 8827K, committed 9088K, reserved 1114112K
  class space    used 1118K, committed 1216K, reserved 1048576K
}
Event: 1.041 GC heap after
{Heap after GC invocations=4 (full 0):
 garbage-first heap   total 260096K, used 124479K [0x0000000702400000, 0x0000000800000000)
  region size 2048K, 2 young (4096K), 2 survivors (4096K)
 Metaspace       used 8827K, committed 9088K, reserved 1114112K
  class space    used 1118K, committed 1216K, reserved 1048576K
}
Event: 1.045 GC heap before
{Heap before GC invocations=5 (full 0):
 garbage-first heap   total 260096K, used 126527K [0x0000000702400000, 0x0000000800000000)
  region size 2048K, 3 young (6144K), 2 survivors (4096K)
 Metaspace       used 8827K, committed 9088K, reserved 1114112K
  class space    used 1118K, committed 1216K, reserved 1048576K
}
Event: 1.047 GC heap after
{Heap after GC invocations=6 (full 0):
 garbage-first heap   total 260096K, used 126371K [0x0000000702400000, 0x0000000800000000)
  region size 2048K, 2 young (4096K), 2 survivors (4096K)
 Metaspace       used 8827K, committed 9088K, reserved 1114112K
  class space    used 1118K, committed 1216K, reserved 1048576K
}
Event: 1.054 GC heap before
{Heap before GC invocations=7 (full 0):
 garbage-first heap   total 260096K, used 128419K [0x0000000702400000, 0x0000000800000000)
  region size 2048K, 3 young (6144K), 2 survivors (4096K)
 Metaspace       used 8827K, committed 9088K, reserved 1114112K
  class space    used 1118K, committed 1216K, reserved 1048576K
}
Event: 1.055 GC heap after
{Heap after GC invocations=8 (full 0):
 garbage-first heap   total 260096K, used 128474K [0x0000000702400000, 0x0000000800000000)
  region size 2048K, 2 young (4096K), 2 survivors (4096K)
 Metaspace       used 8827K, committed 9088K, reserved 1114112K
  class space    used 1118K, committed 1216K, reserved 1048576K
}
Event: 1.063 GC heap before
{Heap before GC invocations=9 (full 0):
 garbage-first heap   total 260096K, used 132570K [0x0000000702400000, 0x0000000800000000)
  region size 2048K, 3 young (6144K), 2 survivors (4096K)
 Metaspace       used 8827K, committed 9088K, reserved 1114112K
  class space    used 1118K, committed 1216K, reserved 1048576K
}
Event: 1.065 GC heap after
{Heap after GC invocations=10 (full 0):
 garbage-first heap   total 520192K, used 132606K [0x0000000702400000, 0x0000000800000000)
  region size 2048K, 2 young (4096K), 2 survivors (4096K)
 Metaspace       used 8827K, committed 9088K, reserved 1114112K
  class space    used 1118K, committed 1216K, reserved 1048576K
}
Event: 1.284 GC heap before
{Heap before GC invocations=10 (full 0):
 garbage-first heap   total 520192K, used 255486K [0x0000000702400000, 0x0000000800000000)
  region size 2048K, 14 young (28672K), 2 survivors (4096K)
 Metaspace       used 8890K, committed 9088K, reserved 1114112K
  class space    used 1132K, committed 1216K, reserved 1048576K
}
Event: 1.286 GC heap after
{Heap after GC invocations=11 (full 0):
 garbage-first heap   total 520192K, used 230819K [0x0000000702400000, 0x0000000800000000)
  region size 2048K, 2 young (4096K), 2 survivors (4096K)
 Metaspace       used 8890K, committed 9088K, reserved 1114112K
  class space    used 1132K, committed 1216K, reserved 1048576K
}
Event: 1.290 GC heap before
{Heap before GC invocations=11 (full 0):
 garbage-first heap   total 520192K, used 234915K [0x0000000702400000, 0x0000000800000000)
  region size 2048K, 3 young (6144K), 2 survivors (4096K)
 Metaspace       used 8890K, committed 9088K, reserved 1114112K
  class space    used 1132K, committed 1216K, reserved 1048576K
}
Event: 1.292 GC heap after
{Heap after GC invocations=12 (full 0):
 garbage-first heap   total 520192K, used 234914K [0x0000000702400000, 0x0000000800000000)
  region size 2048K, 2 young (4096K), 2 survivors (4096K)
 Metaspace       used 8890K, committed 9088K, reserved 1114112K
  class space    used 1132K, committed 1216K, reserved 1048576K
}
Event: 1.295 GC heap before
{Heap before GC invocations=12 (full 0):
 garbage-first heap   total 520192K, used 236962K [0x0000000702400000, 0x0000000800000000)
  region size 2048K, 3 young (6144K), 2 survivors (4096K)
 Metaspace       used 8890K, committed 9088K, reserved 1114112K
  class space    used 1132K, committed 1216K, reserved 1048576K
}
Event: 1.297 GC heap after
{Heap after GC invocations=13 (full 0):
 garbage-first heap   total 520192K, used 236987K [0x0000000702400000, 0x0000000800000000)
  region size 2048K, 2 young (4096K), 2 survivors (4096K)
 Metaspace       used 8890K, committed 9088K, reserved 1114112K
  class space    used 1132K, committed 1216K, reserved 1048576K
}
Event: 1.304 GC heap before
{Heap before GC invocations=14 (full 0):
 garbage-first heap   total 520192K, used 243131K [0x0000000702400000, 0x0000000800000000)
  region size 2048K, 3 young (6144K), 2 survivors (4096K)
 Metaspace       used 8890K, committed 9088K, reserved 1114112K
  class space    used 1132K, committed 1216K, reserved 1048576K
}
Event: 1.306 GC heap after
{Heap after GC invocations=15 (full 0):
 garbage-first heap   total 520192K, used 243098K [0x0000000702400000, 0x0000000800000000)
  region size 2048K, 2 young (4096K), 2 survivors (4096K)
 Metaspace       used 8890K, committed 9088K, reserved 1114112K
  class space    used 1132K, committed 1216K, reserved 1048576K
}
Event: 1.314 GC heap before
{Heap before GC invocations=16 (full 0):
 garbage-first heap   total 520192K, used 249242K [0x0000000702400000, 0x0000000800000000)
  region size 2048K, 3 young (6144K), 2 survivors (4096K)
 Metaspace       used 8890K, committed 9088K, reserved 1114112K
  class space    used 1132K, committed 1216K, reserved 1048576K
}

Deoptimization events (20 events):
Event: 0.935 Thread 0x0000028888c56530 DEOPT PACKING pc=0x00000288e7a92a9b sp=0x000000f99fbfd750
Event: 0.935 Thread 0x0000028888c56530 DEOPT UNPACKING pc=0x00000288e7132b43 sp=0x000000f99fbfcbe0 mode 0
Event: 0.938 Thread 0x0000028888c56530 DEOPT PACKING pc=0x00000288e7a92a9b sp=0x000000f99fbfd750
Event: 0.938 Thread 0x0000028888c56530 DEOPT UNPACKING pc=0x00000288e7132b43 sp=0x000000f99fbfcbe0 mode 0
Event: 0.940 Thread 0x0000028888c56530 DEOPT PACKING pc=0x00000288e7a92a9b sp=0x000000f99fbfd750
Event: 0.940 Thread 0x0000028888c56530 DEOPT UNPACKING pc=0x00000288e7132b43 sp=0x000000f99fbfcbe0 mode 0
Event: 0.942 Thread 0x0000028888c56530 DEOPT PACKING pc=0x00000288e7a92a9b sp=0x000000f99fbfd750
Event: 0.942 Thread 0x0000028888c56530 DEOPT UNPACKING pc=0x00000288e7132b43 sp=0x000000f99fbfcbe0 mode 0
Event: 0.944 Thread 0x0000028888c56530 DEOPT PACKING pc=0x00000288e7a92a9b sp=0x000000f99fbfd750
Event: 0.944 Thread 0x0000028888c56530 DEOPT UNPACKING pc=0x00000288e7132b43 sp=0x000000f99fbfcbe0 mode 0
Event: 0.947 Thread 0x0000028888c56530 DEOPT PACKING pc=0x00000288e7a92a9b sp=0x000000f99fbfd750
Event: 0.947 Thread 0x0000028888c56530 DEOPT UNPACKING pc=0x00000288e7132b43 sp=0x000000f99fbfcbe0 mode 0
Event: 0.949 Thread 0x0000028888c56530 DEOPT PACKING pc=0x00000288e7a92a9b sp=0x000000f99fbfd750
Event: 0.949 Thread 0x0000028888c56530 DEOPT UNPACKING pc=0x00000288e7132b43 sp=0x000000f99fbfcbe0 mode 0
Event: 0.951 Thread 0x0000028888c56530 DEOPT PACKING pc=0x00000288e7a92a9b sp=0x000000f99fbfd750
Event: 0.951 Thread 0x0000028888c56530 DEOPT UNPACKING pc=0x00000288e7132b43 sp=0x000000f99fbfcbe0 mode 0
Event: 0.953 Thread 0x0000028888c56530 DEOPT PACKING pc=0x00000288e7a92a9b sp=0x000000f99fbfd750
Event: 0.953 Thread 0x0000028888c56530 DEOPT UNPACKING pc=0x00000288e7132b43 sp=0x000000f99fbfcbe0 mode 0
Event: 1.282 Thread 0x0000028888c56530 DEOPT PACKING pc=0x00000288e7a964a4 sp=0x000000f99fbfd710
Event: 1.282 Thread 0x0000028888c56530 DEOPT UNPACKING pc=0x00000288e7132b43 sp=0x000000f99fbfcbd0 mode 0

Classes loaded (20 events):
Event: 0.713 Loading class java/util/AbstractList$RandomAccessSubList
Event: 0.713 Loading class java/util/AbstractList$SubList
Event: 0.713 Loading class java/util/AbstractList$SubList done
Event: 0.713 Loading class java/util/AbstractList$RandomAccessSubList done
Event: 0.713 Loading class java/util/AbstractList$SubList$1
Event: 0.713 Loading class java/util/AbstractList$SubList$1 done
Event: 0.713 Loading class java/util/AbstractList$ListItr
Event: 0.713 Loading class java/util/AbstractList$ListItr done
Event: 0.741 Loading class java/util/WeakHashMap$Values
Event: 0.741 Loading class java/util/WeakHashMap$Values done
Event: 0.741 Loading class java/util/WeakHashMap$ValueIterator
Event: 0.741 Loading class java/util/WeakHashMap$ValueIterator done
Event: 0.742 Loading class java/lang/CloneNotSupportedException
Event: 0.742 Loading class java/lang/CloneNotSupportedException done
Event: 0.757 Loading class sun/nio/cs/UTF_16BE$Decoder
Event: 0.757 Loading class sun/nio/cs/UnicodeDecoder
Event: 0.758 Loading class sun/nio/cs/UnicodeDecoder done
Event: 0.758 Loading class sun/nio/cs/UTF_16BE$Decoder done
Event: 1.273 Loading class java/lang/invoke/MethodHandle$1
Event: 1.273 Loading class java/lang/invoke/MethodHandle$1 done

Classes unloaded (0 events):
No events

Classes redefined (0 events):
No events

Internal exceptions (20 events):
Event: 0.410 Thread 0x00000288df7b91f0 Exception <a 'java/lang/NoSuchMethodError'{0x000000071134df28}: 'java.lang.Object java.lang.invoke.DirectMethodHandle$Holder.newInvokeSpecial(java.lang.Object, java.lang.Object, int, java.lang.Object)'> (0x000000071134df28) 
thrown [s\open\src\hotspot\share\interpreter\linkResolver.cpp, line 766]
Event: 0.411 Thread 0x00000288df7b91f0 Exception <a 'java/lang/NoSuchMethodError'{0x0000000711352310}: 'java.lang.Object java.lang.invoke.DirectMethodHandle$Holder.invokeSpecial(java.lang.Object, java.lang.Object, java.lang.Object, int, java.lang.Object)'> (0x0000000711352310) 
thrown [s\open\src\hotspot\share\interpreter\linkResolver.cpp, line 766]
Event: 0.510 Thread 0x0000028888c56530 Exception <a 'java/lang/NoSuchMethodError'{0x00000007111f3608}: 'void java.lang.invoke.DirectMethodHandle$Holder.invokeStaticInit(java.lang.Object)'> (0x00000007111f3608) 
thrown [s\open\src\hotspot\share\interpreter\linkResolver.cpp, line 766]
Event: 0.513 Thread 0x00000288df7b91f0 Exception <a 'java/lang/NoSuchMethodError'{0x00000007113d7dc0}: 'java.lang.Object java.lang.invoke.DirectMethodHandle$Holder.newInvokeSpecial(java.lang.Object, java.lang.Object, java.lang.Object, java.lang.Object, java.lang.Object, java.lang.Object)'> (0x00000007113d7dc0) 
thrown [s\open\src\hotspot\share\interpreter\linkResolver.cpp, line 766]
Event: 0.520 Thread 0x00000288df7b91f0 Exception <a 'java/lang/NoSuchMethodError'{0x0000000710ef9a58}: 'java.lang.Object java.lang.invoke.DirectMethodHandle$Holder.newInvokeSpecial(java.lang.Object, java.lang.Object, java.lang.Object, java.lang.Object, java.lang.Object)'> (0x0000000710ef9a58) 
thrown [s\open\src\hotspot\share\interpreter\linkResolver.cpp, line 766]
Event: 0.596 Thread 0x0000028888c56530 Exception <a 'java/lang/NoSuchMethodError'{0x0000000711c5ebb8}: 'java.lang.Object java.lang.invoke.DirectMethodHandle$Holder.invokeStaticInit(java.lang.Object, java.lang.Object, java.lang.Object, java.lang.Object)'> (0x0000000711c5ebb8) 
thrown [s\open\src\hotspot\share\interpreter\linkResolver.cpp, line 766]
Event: 0.597 Thread 0x0000028888c56530 Exception <a 'java/lang/NullPointerException'{0x0000000711c6a9b8}> (0x0000000711c6a9b8) 
thrown [s\open\src\hotspot\share\interpreter\linkResolver.cpp, line 1357]
Event: 0.630 Thread 0x0000028888c56530 Exception <a 'java/lang/NoSuchMethodError'{0x0000000711a9f0a0}: 'void java.lang.invoke.Invokers$Holder.invokeExact_MT(java.lang.Object, java.lang.Object, java.lang.Object, java.lang.Object)'> (0x0000000711a9f0a0) 
thrown [s\open\src\hotspot\share\interpreter\linkResolver.cpp, line 766]
Event: 0.663 Thread 0x0000028888c56530 Exception <a 'java/lang/NoSuchMethodError'{0x0000000711bbe4c0}: 'void java.lang.invoke.DirectMethodHandle$Holder.invokeSpecial(java.lang.Object, java.lang.Object, double)'> (0x0000000711bbe4c0) 
thrown [s\open\src\hotspot\share\interpreter\linkResolver.cpp, line 766]
Event: 0.664 Thread 0x0000028888c56530 Exception <a 'java/lang/NoSuchMethodError'{0x0000000711bc9a50}: 'double java.lang.invoke.DelegatingMethodHandle$Holder.reinvoke_L(java.lang.Object, java.lang.Object, int)'> (0x0000000711bc9a50) 
thrown [s\open\src\hotspot\share\interpreter\linkResolver.cpp, line 766]
Event: 0.665 Thread 0x0000028888c56530 Exception <a 'java/lang/NoSuchMethodError'{0x0000000711bdb990}: 'java.lang.Object java.lang.invoke.DirectMethodHandle$Holder.invokeStatic(java.lang.Object, java.lang.Object, java.lang.Object, java.lang.Object, int)'> (0x0000000711bdb990) 
thrown [s\open\src\hotspot\share\interpreter\linkResolver.cpp, line 766]
Event: 0.666 Thread 0x0000028888c56530 Exception <a 'java/lang/NoSuchMethodError'{0x0000000711be7390}: 'void java.lang.invoke.DelegatingMethodHandle$Holder.reinvoke_L(java.lang.Object, java.lang.Object, double)'> (0x0000000711be7390) 
thrown [s\open\src\hotspot\share\interpreter\linkResolver.cpp, line 766]
Event: 0.670 Thread 0x0000028888c56530 Exception <a 'java/lang/NoSuchMethodError'{0x0000000711bfaf68}: 'void java.lang.invoke.DirectMethodHandle$Holder.invokeSpecial(java.lang.Object, java.lang.Object, int)'> (0x0000000711bfaf68) 
thrown [s\open\src\hotspot\share\interpreter\linkResolver.cpp, line 766]
Event: 0.670 Thread 0x0000028888c56530 Exception <a 'java/lang/NoSuchMethodError'{0x0000000711bff038}: 'int java.lang.invoke.DirectMethodHandle$Holder.invokeSpecial(java.lang.Object, java.lang.Object, java.lang.Object, int)'> (0x0000000711bff038) 
thrown [s\open\src\hotspot\share\interpreter\linkResolver.cpp, line 766]
Event: 0.671 Thread 0x0000028888c56530 Exception <a 'java/lang/NoSuchMethodError'{0x0000000711809bb8}: 'void java.lang.invoke.DelegatingMethodHandle$Holder.reinvoke_L(java.lang.Object, java.lang.Object, int)'> (0x0000000711809bb8) 
thrown [s\open\src\hotspot\share\interpreter\linkResolver.cpp, line 766]
Event: 0.671 Thread 0x0000028888c56530 Exception <a 'java/lang/NoSuchMethodError'{0x000000071180d8c8}: 'int java.lang.invoke.DirectMethodHandle$Holder.invokeSpecial(java.lang.Object, java.lang.Object, java.lang.Object)'> (0x000000071180d8c8) 
thrown [s\open\src\hotspot\share\interpreter\linkResolver.cpp, line 766]
Event: 0.681 Thread 0x0000028888c56530 Exception <a 'java/lang/ClassNotFoundException'{0x000000071189e488}: com/sun/glass/ui/win/themes> (0x000000071189e488) 
thrown [s\open\src\hotspot\share\prims\jni.cpp, line 535]
Event: 0.682 Thread 0x0000028888c56530 Exception <a 'java/lang/ClassNotFoundException'{0x00000007118aa8d8}: com/sun/glass/ui/win/themes_fr> (0x00000007118aa8d8) 
thrown [s\open\src\hotspot\share\prims\jni.cpp, line 535]
Event: 0.682 Thread 0x0000028888c56530 Exception <a 'java/lang/ClassNotFoundException'{0x00000007118b29a0}: com/sun/glass/ui/win/themes_fr_FR> (0x00000007118b29a0) 
thrown [s\open\src\hotspot\share\prims\jni.cpp, line 535]
Event: 0.741 Thread 0x0000028888c56530 Exception <a 'java/lang/NoSuchMethodError'{0x00000007115df388}: 'void java.lang.invoke.DirectMethodHandle$Holder.invokeStaticInit(java.lang.Object, java.lang.Object)'> (0x00000007115df388) 
thrown [s\open\src\hotspot\share\interpreter\linkResolver.cpp, line 766]

VM Operations (20 events):
Event: 1.060 Executing VM operation: G1Concurrent done
Event: 1.063 Executing VM operation: G1TryInitiateConcMark
Event: 1.065 Executing VM operation: G1TryInitiateConcMark done
Event: 1.284 Executing VM operation: G1TryInitiateConcMark
Event: 1.286 Executing VM operation: G1TryInitiateConcMark done
Event: 1.290 Executing VM operation: G1TryInitiateConcMark
Event: 1.292 Executing VM operation: G1TryInitiateConcMark done
Event: 1.295 Executing VM operation: G1TryInitiateConcMark
Event: 1.297 Executing VM operation: G1TryInitiateConcMark done
Event: 1.299 Executing VM operation: G1Concurrent
Event: 1.300 Executing VM operation: G1Concurrent done
Event: 1.301 Executing VM operation: G1Concurrent
Event: 1.301 Executing VM operation: G1Concurrent done
Event: 1.304 Executing VM operation: G1TryInitiateConcMark
Event: 1.306 Executing VM operation: G1TryInitiateConcMark done
Event: 1.309 Executing VM operation: G1Concurrent
Event: 1.309 Executing VM operation: G1Concurrent done
Event: 1.310 Executing VM operation: G1Concurrent
Event: 1.310 Executing VM operation: G1Concurrent done
Event: 1.314 Executing VM operation: G1TryInitiateConcMark

Events (20 events):
Event: 0.307 Loaded shared library C:\Users\Naruto'Store B28\.openjfx\cache\21.0.2+5\amd64\msvcp140.dll
Event: 0.309 Loaded shared library C:\Users\Naruto'Store B28\.openjfx\cache\21.0.2+5\amd64\msvcp140_1.dll
Event: 0.313 Loaded shared library C:\Users\Naruto'Store B28\.openjfx\cache\21.0.2+5\amd64\msvcp140_2.dll
Event: 0.339 Thread 0x00000288886e05b0 Thread added: 0x00000288886e05b0
Event: 0.345 Loaded shared library C:\Users\Naruto'Store B28\.openjfx\cache\21.0.2+5\amd64\prism_d3d.dll
Event: 0.408 Loaded shared library C:\Users\Naruto'Store B28\.openjfx\cache\21.0.2+5\amd64\glass.dll
Event: 0.409 Thread 0x0000028888c4b2a0 Thread added: 0x0000028888c4b2a0
Event: 0.412 Thread 0x0000028888c56530 Thread added: 0x0000028888c56530
Event: 0.496 Thread 0x000002888837aed0 Thread exited: 0x000002888837aed0
Event: 0.496 Thread 0x000002888833fcb0 Thread exited: 0x000002888833fcb0
Event: 0.496 Thread 0x00000288883421c0 Thread exited: 0x00000288883421c0
Event: 0.496 Thread 0x000002888833f7b0 Thread exited: 0x000002888833f7b0
Event: 0.521 Thread 0x000002888995ddf0 Thread added: 0x000002888995ddf0
Event: 0.531 Thread 0x000002888994ee20 Thread added: 0x000002888994ee20
Event: 0.545 Loaded shared library C:\Program Files\Java\jdk-18.0.1.1\bin\jimage.dll
Event: 0.697 Loaded shared library C:\Users\Naruto'Store B28\.openjfx\cache\21.0.2+5\amd64\javafx_font.dll
Event: 0.728 Thread 0x000002888997bde0 Thread added: 0x000002888997bde0
Event: 0.741 Thread 0x0000028889ad3540 Thread added: 0x0000028889ad3540
Event: 1.157 Thread 0x0000028889ad3540 Thread exited: 0x0000028889ad3540
Event: 1.270 Thread 0x000002888997bde0 Thread exited: 0x000002888997bde0


Dynamic libraries:
0x00007ff64a4b0000 - 0x00007ff64a4c0000 	C:\Program Files\Java\jdk-18.0.1.1\bin\java.exe
0x00007ffa48f90000 - 0x00007ffa491a7000 	C:\WINDOWS\SYSTEM32\ntdll.dll
0x00007ffa48140000 - 0x00007ffa48204000 	C:\WINDOWS\System32\KERNEL32.DLL
0x00007ffa464a0000 - 0x00007ffa46846000 	C:\WINDOWS\System32\KERNELBASE.dll
0x00007ffa46b00000 - 0x00007ffa46c11000 	C:\WINDOWS\System32\ucrtbase.dll
0x00007ffa0e700000 - 0x00007ffa0e71a000 	C:\Program Files\Java\jdk-18.0.1.1\bin\VCRUNTIME140.dll
0x00007ffa0e6e0000 - 0x00007ffa0e6f8000 	C:\Program Files\Java\jdk-18.0.1.1\bin\jli.dll
0x00007ffa486c0000 - 0x00007ffa48773000 	C:\WINDOWS\System32\ADVAPI32.dll
0x00007ffa48920000 - 0x00007ffa489c7000 	C:\WINDOWS\System32\msvcrt.dll
0x00007ffa485b0000 - 0x00007ffa48658000 	C:\WINDOWS\System32\sechost.dll
0x00007ffa463f0000 - 0x00007ffa46418000 	C:\WINDOWS\System32\bcrypt.dll
0x00007ffa48800000 - 0x00007ffa48917000 	C:\WINDOWS\System32\RPCRT4.dll
0x00007ffa48210000 - 0x00007ffa483be000 	C:\WINDOWS\System32\USER32.dll
0x00007ffa46ad0000 - 0x00007ffa46af6000 	C:\WINDOWS\System32\win32u.dll
0x00007ffa39ff0000 - 0x00007ffa3a283000 	C:\WINDOWS\WinSxS\amd64_microsoft.windows.common-controls_6595b64144ccf1df_6.0.22621.2506_none_270c5ae97388e100\COMCTL32.dll
0x00007ffa46de0000 - 0x00007ffa46e09000 	C:\WINDOWS\System32\GDI32.dll
0x00007ffa462d0000 - 0x00007ffa463e8000 	C:\WINDOWS\System32\gdi32full.dll
0x00007ffa468c0000 - 0x00007ffa4695a000 	C:\WINDOWS\System32\msvcp_win.dll
0x00007ffa3e050000 - 0x00007ffa3e05a000 	C:\WINDOWS\SYSTEM32\VERSION.dll
0x00007ffa48560000 - 0x00007ffa48591000 	C:\WINDOWS\System32\IMM32.DLL
0x00007ffa34820000 - 0x00007ffa3482c000 	C:\Program Files\Java\jdk-18.0.1.1\bin\vcruntime140_1.dll
0x00007ffa0e650000 - 0x00007ffa0e6dd000 	C:\Program Files\Java\jdk-18.0.1.1\bin\msvcp140.dll
0x00007ff9ce240000 - 0x00007ff9cee50000 	C:\Program Files\Java\jdk-18.0.1.1\bin\server\jvm.dll
0x00007ffa485a0000 - 0x00007ffa485a8000 	C:\WINDOWS\System32\PSAPI.DLL
0x00007ffa25a00000 - 0x00007ffa25a09000 	C:\WINDOWS\SYSTEM32\WSOCK32.dll
0x00007ffa3f370000 - 0x00007ffa3f3a4000 	C:\WINDOWS\SYSTEM32\WINMM.dll
0x00007ffa489d0000 - 0x00007ffa48a41000 	C:\WINDOWS\System32\WS2_32.dll
0x00007ffa453c0000 - 0x00007ffa453d8000 	C:\WINDOWS\SYSTEM32\kernel.appcore.dll
0x00007ffa34280000 - 0x00007ffa3428a000 	C:\Program Files\Java\jdk-18.0.1.1\bin\jimage.dll
0x00007ffa43e50000 - 0x00007ffa44083000 	C:\WINDOWS\SYSTEM32\DBGHELP.DLL
0x00007ffa48b90000 - 0x00007ffa48f19000 	C:\WINDOWS\System32\combase.dll
0x00007ffa46e70000 - 0x00007ffa46f47000 	C:\WINDOWS\System32\OLEAUT32.dll
0x00007ffa2c6d0000 - 0x00007ffa2c702000 	C:\WINDOWS\SYSTEM32\dbgcore.DLL
0x00007ffa46420000 - 0x00007ffa4649a000 	C:\WINDOWS\System32\bcryptPrimitives.dll
0x00007ffa0e620000 - 0x00007ffa0e645000 	C:\Program Files\Java\jdk-18.0.1.1\bin\java.dll
0x00007ffa0e540000 - 0x00007ffa0e616000 	C:\Program Files\Java\jdk-18.0.1.1\bin\jsvml.dll
0x00007ffa47450000 - 0x00007ffa47cab000 	C:\WINDOWS\System32\SHELL32.dll
0x00007ffa441f0000 - 0x00007ffa44ae6000 	C:\WINDOWS\SYSTEM32\windows.storage.dll
0x00007ffa440b0000 - 0x00007ffa441ee000 	C:\WINDOWS\SYSTEM32\wintypes.dll
0x00007ffa46ce0000 - 0x00007ffa46dd3000 	C:\WINDOWS\System32\SHCORE.dll
0x00007ffa46e10000 - 0x00007ffa46e6e000 	C:\WINDOWS\System32\shlwapi.dll
0x00007ffa46200000 - 0x00007ffa46226000 	C:\WINDOWS\SYSTEM32\profapi.dll
0x00007ffa0e520000 - 0x00007ffa0e533000 	C:\Program Files\Java\jdk-18.0.1.1\bin\net.dll
0x00007ffa40650000 - 0x00007ffa40787000 	C:\WINDOWS\SYSTEM32\WINHTTP.dll
0x00007ffa45830000 - 0x00007ffa45899000 	C:\WINDOWS\system32\mswsock.dll
0x00007ffa0e500000 - 0x00007ffa0e516000 	C:\Program Files\Java\jdk-18.0.1.1\bin\nio.dll
0x00007ffa0e4e0000 - 0x00007ffa0e4f8000 	C:\Program Files\Java\jdk-18.0.1.1\bin\zip.dll
0x0000028883fb0000 - 0x0000028883fb3000 	C:\Users\Naruto'Store B28\.openjfx\cache\21.0.2+5\amd64\api-ms-win-core-console-l1-1-0.dll
0x0000028883fc0000 - 0x0000028883fc3000 	C:\Users\Naruto'Store B28\.openjfx\cache\21.0.2+5\amd64\api-ms-win-core-console-l1-2-0.dll
0x0000028883fd0000 - 0x0000028883fd3000 	C:\Users\Naruto'Store B28\.openjfx\cache\21.0.2+5\amd64\api-ms-win-core-datetime-l1-1-0.dll
0x0000028883fe0000 - 0x0000028883fe3000 	C:\Users\Naruto'Store B28\.openjfx\cache\21.0.2+5\amd64\api-ms-win-core-debug-l1-1-0.dll
0x0000028883ff0000 - 0x0000028883ff3000 	C:\Users\Naruto'Store B28\.openjfx\cache\21.0.2+5\amd64\api-ms-win-core-errorhandling-l1-1-0.dll
0x0000028888d30000 - 0x0000028888d34000 	C:\Users\Naruto'Store B28\.openjfx\cache\21.0.2+5\amd64\api-ms-win-core-file-l1-1-0.dll
0x0000028888d40000 - 0x0000028888d43000 	C:\Users\Naruto'Store B28\.openjfx\cache\21.0.2+5\amd64\api-ms-win-core-file-l1-2-0.dll
0x0000028888d50000 - 0x0000028888d53000 	C:\Users\Naruto'Store B28\.openjfx\cache\21.0.2+5\amd64\api-ms-win-core-file-l2-1-0.dll
0x0000028888d60000 - 0x0000028888d63000 	C:\Users\Naruto'Store B28\.openjfx\cache\21.0.2+5\amd64\api-ms-win-core-handle-l1-1-0.dll
0x0000028888d70000 - 0x0000028888d73000 	C:\Users\Naruto'Store B28\.openjfx\cache\21.0.2+5\amd64\api-ms-win-core-heap-l1-1-0.dll
0x0000028888d80000 - 0x0000028888d83000 	C:\Users\Naruto'Store B28\.openjfx\cache\21.0.2+5\amd64\api-ms-win-core-interlocked-l1-1-0.dll
0x0000028888d90000 - 0x0000028888d93000 	C:\Users\Naruto'Store B28\.openjfx\cache\21.0.2+5\amd64\api-ms-win-core-libraryloader-l1-1-0.dll
0x0000028888da0000 - 0x0000028888da3000 	C:\Users\Naruto'Store B28\.openjfx\cache\21.0.2+5\amd64\api-ms-win-core-localization-l1-2-0.dll
0x0000028888db0000 - 0x0000028888db3000 	C:\Users\Naruto'Store B28\.openjfx\cache\21.0.2+5\amd64\api-ms-win-core-memory-l1-1-0.dll
0x0000028888dc0000 - 0x0000028888dc3000 	C:\Users\Naruto'Store B28\.openjfx\cache\21.0.2+5\amd64\api-ms-win-core-namedpipe-l1-1-0.dll
0x0000028888dd0000 - 0x0000028888dd3000 	C:\Users\Naruto'Store B28\.openjfx\cache\21.0.2+5\amd64\api-ms-win-core-processenvironment-l1-1-0.dll
0x0000028888de0000 - 0x0000028888de3000 	C:\Users\Naruto'Store B28\.openjfx\cache\21.0.2+5\amd64\api-ms-win-core-processthreads-l1-1-0.dll
0x0000028888df0000 - 0x0000028888df3000 	C:\Users\Naruto'Store B28\.openjfx\cache\21.0.2+5\amd64\api-ms-win-core-processthreads-l1-1-1.dll
0x0000028888e00000 - 0x0000028888e03000 	C:\Users\Naruto'Store B28\.openjfx\cache\21.0.2+5\amd64\api-ms-win-core-profile-l1-1-0.dll
0x0000028888e10000 - 0x0000028888e13000 	C:\Users\Naruto'Store B28\.openjfx\cache\21.0.2+5\amd64\api-ms-win-core-rtlsupport-l1-1-0.dll
0x0000028888e20000 - 0x0000028888e23000 	C:\Users\Naruto'Store B28\.openjfx\cache\21.0.2+5\amd64\api-ms-win-core-string-l1-1-0.dll
0x0000028888e30000 - 0x0000028888e33000 	C:\Users\Naruto'Store B28\.openjfx\cache\21.0.2+5\amd64\api-ms-win-core-synch-l1-1-0.dll
0x0000028888e40000 - 0x0000028888e43000 	C:\Users\Naruto'Store B28\.openjfx\cache\21.0.2+5\amd64\api-ms-win-core-synch-l1-2-0.dll
0x0000028888e50000 - 0x0000028888e53000 	C:\Users\Naruto'Store B28\.openjfx\cache\21.0.2+5\amd64\api-ms-win-core-sysinfo-l1-1-0.dll
0x0000028888e60000 - 0x0000028888e63000 	C:\Users\Naruto'Store B28\.openjfx\cache\21.0.2+5\amd64\api-ms-win-core-timezone-l1-1-0.dll
0x0000028888e70000 - 0x0000028888e73000 	C:\Users\Naruto'Store B28\.openjfx\cache\21.0.2+5\amd64\api-ms-win-core-util-l1-1-0.dll
0x0000028888e80000 - 0x0000028888e83000 	C:\Users\Naruto'Store B28\.openjfx\cache\21.0.2+5\amd64\api-ms-win-crt-conio-l1-1-0.dll
0x0000028888e90000 - 0x0000028888e94000 	C:\Users\Naruto'Store B28\.openjfx\cache\21.0.2+5\amd64\api-ms-win-crt-convert-l1-1-0.dll
0x0000028888ea0000 - 0x0000028888ea3000 	C:\Users\Naruto'Store B28\.openjfx\cache\21.0.2+5\amd64\api-ms-win-crt-environment-l1-1-0.dll
0x0000028888eb0000 - 0x0000028888eb3000 	C:\Users\Naruto'Store B28\.openjfx\cache\21.0.2+5\amd64\api-ms-win-crt-filesystem-l1-1-0.dll
0x0000028888ec0000 - 0x0000028888ec3000 	C:\Users\Naruto'Store B28\.openjfx\cache\21.0.2+5\amd64\api-ms-win-crt-heap-l1-1-0.dll
0x0000028888ed0000 - 0x0000028888ed3000 	C:\Users\Naruto'Store B28\.openjfx\cache\21.0.2+5\amd64\api-ms-win-crt-locale-l1-1-0.dll
0x0000028888ee0000 - 0x0000028888ee5000 	C:\Users\Naruto'Store B28\.openjfx\cache\21.0.2+5\amd64\api-ms-win-crt-math-l1-1-0.dll
0x0000028888ef0000 - 0x0000028888ef5000 	C:\Users\Naruto'Store B28\.openjfx\cache\21.0.2+5\amd64\api-ms-win-crt-multibyte-l1-1-0.dll
0x0000028888f00000 - 0x0000028888f10000 	C:\Users\Naruto'Store B28\.openjfx\cache\21.0.2+5\amd64\api-ms-win-crt-private-l1-1-0.dll
0x0000028888f10000 - 0x0000028888f13000 	C:\Users\Naruto'Store B28\.openjfx\cache\21.0.2+5\amd64\api-ms-win-crt-process-l1-1-0.dll
0x0000028888f20000 - 0x0000028888f24000 	C:\Users\Naruto'Store B28\.openjfx\cache\21.0.2+5\amd64\api-ms-win-crt-runtime-l1-1-0.dll
0x0000028888f30000 - 0x0000028888f34000 	C:\Users\Naruto'Store B28\.openjfx\cache\21.0.2+5\amd64\api-ms-win-crt-stdio-l1-1-0.dll
0x0000028888f40000 - 0x0000028888f44000 	C:\Users\Naruto'Store B28\.openjfx\cache\21.0.2+5\amd64\api-ms-win-crt-string-l1-1-0.dll
0x0000028888f50000 - 0x0000028888f53000 	C:\Users\Naruto'Store B28\.openjfx\cache\21.0.2+5\amd64\api-ms-win-crt-time-l1-1-0.dll
0x0000028888f60000 - 0x0000028888f63000 	C:\Users\Naruto'Store B28\.openjfx\cache\21.0.2+5\amd64\api-ms-win-crt-utility-l1-1-0.dll
0x00007ffa0e770000 - 0x00007ffa0e86c000 	C:\Users\Naruto'Store B28\.openjfx\cache\21.0.2+5\amd64\ucrtbase.dll
0x00007ffa3a7c0000 - 0x00007ffa3a7db000 	C:\Users\Naruto'Store B28\.openjfx\cache\21.0.2+5\amd64\vcruntime140.dll
0x00007ffa3a840000 - 0x00007ffa3a84c000 	C:\Users\Naruto'Store B28\.openjfx\cache\21.0.2+5\amd64\vcruntime140_1.dll
0x00007ffa0cb60000 - 0x00007ffa0cbee000 	C:\Users\Naruto'Store B28\.openjfx\cache\21.0.2+5\amd64\msvcp140.dll
0x00007ffa39680000 - 0x00007ffa39689000 	C:\Users\Naruto'Store B28\.openjfx\cache\21.0.2+5\amd64\msvcp140_1.dll
0x00007ffa164e0000 - 0x00007ffa16521000 	C:\Users\Naruto'Store B28\.openjfx\cache\21.0.2+5\amd64\msvcp140_2.dll
0x00007ffa39540000 - 0x00007ffa39570000 	C:\Users\Naruto'Store B28\.openjfx\cache\21.0.2+5\amd64\prism_d3d.dll
0x00007ffa12270000 - 0x00007ffa12419000 	C:\WINDOWS\system32\d3d9.dll
0x00007ffa43630000 - 0x00007ffa4365b000 	C:\WINDOWS\SYSTEM32\dwmapi.dll
0x00007ffa436a0000 - 0x00007ffa436d9000 	C:\WINDOWS\SYSTEM32\dxcore.dll
0x00007ffa433f0000 - 0x00007ffa4349b000 	C:\WINDOWS\system32\uxtheme.dll
0x00007ffa3bea0000 - 0x00007ffa3bf5c000 	C:\WINDOWS\System32\DriverStore\FileRepository\nvlti.inf_amd64_6ff1713c80bf5424\nvldumdx.dll
0x00007ffa45bd0000 - 0x00007ffa45be2000 	C:\WINDOWS\SYSTEM32\msasn1.dll
0x00007ffa3dfa0000 - 0x00007ffa3dfd2000 	C:\WINDOWS\SYSTEM32\cryptnet.dll
0x00007ffa46960000 - 0x00007ffa46ac6000 	C:\WINDOWS\System32\CRYPT32.dll
0x00007ffa3de20000 - 0x00007ffa3df78000 	C:\WINDOWS\SYSTEM32\drvstore.dll
0x00007ffa45f90000 - 0x00007ffa45fbc000 	C:\WINDOWS\SYSTEM32\devobj.dll
0x00007ffa45fc0000 - 0x00007ffa4600e000 	C:\WINDOWS\SYSTEM32\cfgmgr32.dll
0x00007ffa45ab0000 - 0x00007ffa45afb000 	C:\WINDOWS\SYSTEM32\wldp.dll
0x00007ffa45b60000 - 0x00007ffa45b6c000 	C:\WINDOWS\SYSTEM32\cryptbase.dll
0x00007ffa46850000 - 0x00007ffa468bb000 	C:\WINDOWS\System32\wintrust.dll
0x00007ffa47430000 - 0x00007ffa4744f000 	C:\WINDOWS\System32\imagehlp.dll
0x00007ffa45b80000 - 0x00007ffa45b9b000 	C:\WINDOWS\SYSTEM32\CRYPTSP.dll
0x00007ffa45320000 - 0x00007ffa45355000 	C:\WINDOWS\system32\rsaenh.dll
0x00007ffa36b70000 - 0x00007ffa38d5e000 	C:\WINDOWS\System32\DriverStore\FileRepository\nvlti.inf_amd64_6ff1713c80bf5424\nvgpucomp64.dll
0x00007ff9cb870000 - 0x00007ff9ce235000 	C:\WINDOWS\System32\DriverStore\FileRepository\nvlti.inf_amd64_6ff1713c80bf5424\nvd3dumx.dll
0x00007ffa3fa00000 - 0x00007ffa3fa4a000 	C:\WINDOWS\SYSTEM32\directxdatabasehelper.dll
0x00007ffa15740000 - 0x00007ffa15782000 	C:\Users\Naruto'Store B28\.openjfx\cache\21.0.2+5\amd64\glass.dll
0x00007ffa46f50000 - 0x00007ffa47049000 	C:\WINDOWS\System32\COMDLG32.dll
0x00007ffa483c0000 - 0x00007ffa48560000 	C:\WINDOWS\System32\ole32.dll
0x00007ffa47050000 - 0x00007ffa471a1000 	C:\WINDOWS\System32\MSCTF.dll
0x00007ff9eb1a0000 - 0x00007ff9eb471000 	C:\WINDOWS\system32\nvspcap64.dll
0x00007ffa453e0000 - 0x00007ffa45414000 	C:\WINDOWS\SYSTEM32\ntmarta.dll
0x00007ffa458a0000 - 0x00007ffa458c6000 	C:\WINDOWS\SYSTEM32\gpapi.dll
0x00007ffa39660000 - 0x00007ffa39674000 	C:\Users\Naruto'Store B28\.openjfx\cache\21.0.2+5\amd64\javafx_font.dll
0x00007ffa41b30000 - 0x00007ffa41da4000 	C:\WINDOWS\SYSTEM32\dwrite.dll

dbghelp: loaded successfully - version: 4.0.5 - missing functions: none
symbol engine: initialized successfully - sym options: 0x614 - pdb path: .;C:\Program Files\Java\jdk-18.0.1.1\bin;C:\WINDOWS\SYSTEM32;C:\WINDOWS\WinSxS\amd64_microsoft.windows.common-controls_6595b64144ccf1df_6.0.22621.2506_none_270c5ae97388e100;C:\Program Files\Java\jdk-18.0.1.1\bin\server;C:\Users\Naruto'Store B28\.openjfx\cache\21.0.2+5\amd64;C:\WINDOWS\System32\DriverStore\FileRepository\nvlti.inf_amd64_6ff1713c80bf5424

VM Arguments:
jvm_args: --module-path=C:\Users\Naruto'Store B28\.m2\repository\org\openjfx\javafx-base\21.0.2\javafx-base-21.0.2-win.jar;C:\Users\Naruto'Store B28\.m2\repository\org\openjfx\javafx-base\21.0.2\javafx-base-21.0.2.jar;C:\Users\Naruto'Store B28\.m2\repository\org\openjfx\javafx-controls\21.0.2\javafx-controls-21.0.2-win.jar;C:\Users\Naruto'Store B28\.m2\repository\org\openjfx\javafx-controls\21.0.2\javafx-controls-21.0.2.jar;C:\Users\Naruto'Store B28\.m2\repository\org\openjfx\javafx-fxml\21.0.2\javafx-fxml-21.0.2-win.jar;C:\Users\Naruto'Store B28\.m2\repository\org\openjfx\javafx-fxml\21.0.2\javafx-fxml-21.0.2.jar;C:\Users\Naruto'Store B28\.m2\repository\org\openjfx\javafx-graphics\21.0.2\javafx-graphics-21.0.2-win.jar;C:\Users\Naruto'Store B28\.m2\repository\org\openjfx\javafx-graphics\21.0.2\javafx-graphics-21.0.2.jar --add-modules=javafx.base,javafx.controls,javafx.fxml,javafx.graphics 
java_command: tests.com.esprit.MainProgGUI
java_class_path (initial): E:\Pidev\nebgha\target\classes;C:\Users\Naruto'Store B28\.m2\repository\com\google\protobuf\protobuf-java\3.21.9\protobuf-java-3.21.9.jar;C:\Users\Naruto'Store B28\.m2\repository\com\mysql\mysql-connector-j\8.0.33\mysql-connector-j-8.0.33.jar
Launcher Type: SUN_STANDARD

[Global flags]
     intx CICompilerCount                          = 12                                        {product} {ergonomic}
     uint ConcGCThreads                            = 3                                         {product} {ergonomic}
     uint G1ConcRefinementThreads                  = 13                                        {product} {ergonomic}
   size_t G1HeapRegionSize                         = 2097152                                   {product} {ergonomic}
    uintx GCDrainStackTargetSize                   = 64                                        {product} {ergonomic}
   size_t InitialHeapSize                          = 266338304                                 {product} {ergonomic}
   size_t MarkStackSize                            = 4194304                                   {product} {ergonomic}
   size_t MaxHeapSize                              = 4257218560                                {product} {ergonomic}
   size_t MaxNewSize                               = 2554331136                                {product} {ergonomic}
   size_t MinHeapDeltaBytes                        = 2097152                                   {product} {ergonomic}
   size_t MinHeapSize                              = 8388608                                   {product} {ergonomic}
    uintx NonNMethodCodeHeapSize                   = 7602480                                {pd product} {ergonomic}
    uintx NonProfiledCodeHeapSize                  = 122027880                              {pd product} {ergonomic}
    uintx ProfiledCodeHeapSize                     = 122027880                              {pd product} {ergonomic}
    uintx ReservedCodeCacheSize                    = 251658240                              {pd product} {ergonomic}
     bool SegmentedCodeCache                       = true                                      {product} {ergonomic}
   size_t SoftMaxHeapSize                          = 4257218560                             {manageable} {ergonomic}
     bool UseCompressedClassPointers               = true                           {product lp64_product} {ergonomic}
     bool UseCompressedOops                        = true                           {product lp64_product} {ergonomic}
     bool UseG1GC                                  = true                                      {product} {ergonomic}
     bool UseLargePagesIndividualAllocation        = false                                  {pd product} {ergonomic}

Logging:
Log output configuration:
 #0: stdout all=warning uptime,level,tags foldmultilines=false
 #1: stderr all=off uptime,level,tags foldmultilines=false

Environment Variables:
PATH=C:\oraclexe\app\oracle\product\10.2.0\server\bin;D:\oracle\dbhomeXE\bin;D:\sql\dbhomeXE\bin;C:\Python311\Scripts\;C:\Python311\;C:\Program Files\Common Files\Oracle\Java\javapath;C:\Windows\system32;C:\Windows;C:\Windows\System32\Wbem;C:\Windows\System32\WindowsPowerShell\v1.0\;C:\Windows\System32\OpenSSH\;C:\Program Files\NVIDIA Corporation\NVIDIA NvDLISR;C:\Program Files (x86)\NVIDIA Corporation\PhysX\Common;C:\Program Files\Microsoft SQL Server\150\Tools\Binn\;C:\Program Files\Java\jdk-18.0.1.1\bin;C:\WINDOWS\system32;C:\WINDOWS;C:\WINDOWS\System32\Wbem;C:\WINDOWS\System32\WindowsPowerShell\v1.0\;C:\WINDOWS\System32\OpenSSH\;C:\ProgramData\chocolatey\bin;C:\Program Files\nodejs\;C:\wamp64\bin\php\php5.6.40;C:\wamp64;C:\ProgramData\ComposerSetup\bin;E:\Git\cmd;C:\Users\Naruto'Store B28\scoop\shims;C:\Users\Naruto'Store B28\AppData\Local\Microsoft\WindowsApps;C:\Users\Naruto'Store B28\AppData\Local\Programs\Microsoft VS Code\bin;C:\Program Files\JetBrains\PyCharm 2022.1.1\bin;;C:\Users\Naruto'Store B28\AppData\Local\Programs\MiKTeX\miktex\bin\x64\;C:\Users\Naruto'Store B28\AppData\Roaming\npm;C:\Users\Naruto'Store B28\AppData\Local\Android\Sdk\platform-tools;C:\Users\Naruto'Store B28\AppData\Local\JetBrains\WebStorm 2022.2.3\bin;;C:\Users\Naruto'Store B28\AppData\Roaming\Composer\vendor\bin;C:\Src\flutter\bin;C:\Program Files\JetBrains\IntelliJ IDEA 2023.2.2\bin;;C:\xampp\php;C:\Users\Naruto'Store B28\AppData\Local\GitHubDesktop\bin;C:\ProgramData\Naruto'Store B28\GitHubDesktop\bin
USERNAME=Naruto'Store B28
OS=Windows_NT
PROCESSOR_IDENTIFIER=AMD64 Family 25 Model 80 Stepping 0, AuthenticAMD



---------------  S Y S T E M  ---------------

OS:
 Windows 11 , 64 bit Build 22621 (10.0.22621.3085)
OS uptime: 5 days 21:58 hours
Hyper-V role detected

CPU: total 16 (initial active 16) (16 cores per cpu, 2 threads per core) family 25 model 80 stepping 0 microcode 0x0, cx8, cmov, fxsr, ht, mmx, 3dnowpref, sse, sse2, sse3, ssse3, sse4a, sse4.1, sse4.2, popcnt, lzcnt, tsc, tscinvbit, avx, avx2, aes, erms, clmul, bmi1, bmi2, adx, sha, fma, vzeroupper, clflush, clflushopt, hv

Memory: 4k page, system-wide physical 16236M (3596M free)
TotalPageFile size 24023M (AvailPageFile size 446M)
current process WorkingSet (physical memory assigned to process): 335M, peak: 335M
current process commit charge ("private bytes"): 671M, peak: 1511M

vm_info: Java HotSpot(TM) 64-Bit Server VM (18.0.1.1+2-6) for windows-amd64 JRE (18.0.1.1+2-6), built on Apr 25 2022 21:53:15 by "mach5one" with MS VC++ 16.8 / 16.9 (VS2019)

END.
